<?xml version="1.0" encoding="UTF-8"?>
<coverage generated="1631063295587" clover="3.2.0">
  <project timestamp="1631063295587" name="All files">
    <metrics statements="218" coveredstatements="134" conditionals="95" coveredconditionals="53" methods="124" coveredmethods="66" elements="437" coveredelements="253" complexity="0" loc="218" ncloc="218" packages="26" files="38" classes="38"/>
    <package name="portfolio_builder">
      <metrics statements="1" coveredstatements="1" conditionals="0" coveredconditionals="0" methods="0" coveredmethods="0"/>
      <file name="Global.ts" path="C:\web\projects\portfolio_builder\Global.ts">
        <metrics statements="1" coveredstatements="1" conditionals="0" coveredconditionals="0" methods="0" coveredmethods="0"/>
        <line num="1" count="3" type="stmt"/>
      </file>
    </package>
    <package name="portfolio_builder.src.components.Builder">
      <metrics statements="49" coveredstatements="31" conditionals="10" coveredconditionals="2" methods="26" coveredmethods="16"/>
      <file name="Builder.component.tsx" path="C:\web\projects\portfolio_builder\src\components\Builder\Builder.component.tsx">
        <metrics statements="4" coveredstatements="3" conditionals="0" coveredconditionals="0" methods="4" coveredmethods="1"/>
        <line num="10" count="1" type="stmt"/>
        <line num="11" count="2" type="stmt"/>
        <line num="12" count="2" type="stmt"/>
        <line num="22" count="0" type="stmt"/>
      </file>
      <file name="Builder.styled.tsx" path="C:\web\projects\portfolio_builder\src\components\Builder\Builder.styled.tsx">
        <metrics statements="9" coveredstatements="9" conditionals="2" coveredconditionals="1" methods="7" coveredmethods="7"/>
        <line num="7" count="1" type="stmt"/>
        <line num="8" count="2" type="stmt"/>
        <line num="20" count="2" type="stmt"/>
        <line num="24" count="2" type="stmt"/>
        <line num="25" count="2" type="stmt"/>
        <line num="32" count="2" type="stmt"/>
        <line num="41" count="1" type="stmt"/>
        <line num="46" count="2" type="stmt"/>
        <line num="49" count="2" type="cond" truecount="1" falsecount="1"/>
      </file>
      <file name="BuilderPreview.tsx" path="C:\web\projects\portfolio_builder\src\components\Builder\BuilderPreview.tsx">
        <metrics statements="26" coveredstatements="12" conditionals="4" coveredconditionals="0" methods="12" coveredmethods="5"/>
        <line num="20" count="1" type="stmt"/>
        <line num="21" count="50" type="stmt"/>
        <line num="37" count="1" type="stmt"/>
        <line num="38" count="0" type="stmt"/>
        <line num="39" count="0" type="stmt"/>
        <line num="40" count="0" type="stmt"/>
        <line num="41" count="0" type="stmt"/>
        <line num="45" count="0" type="stmt"/>
        <line num="48" count="1" type="stmt"/>
        <line num="50" count="1" type="stmt"/>
        <line num="53" count="0" type="stmt"/>
        <line num="63" count="2" type="stmt"/>
        <line num="64" count="2" type="stmt"/>
        <line num="65" count="4" type="stmt"/>
        <line num="66" count="4" type="stmt"/>
        <line num="67" count="2" type="stmt"/>
        <line num="69" count="0" type="cond" truecount="0" falsecount="2"/>
        <line num="70" count="0" type="stmt"/>
        <line num="73" count="0" type="stmt"/>
        <line num="79" count="0" type="stmt"/>
        <line num="89" count="2" type="stmt"/>
        <line num="106" count="2" type="stmt"/>
        <line num="112" count="0" type="stmt"/>
        <line num="119" count="0" type="stmt"/>
        <line num="132" count="0" type="stmt"/>
        <line num="162" count="0" type="stmt"/>
      </file>
      <file name="WidgetRender.tsx" path="C:\web\projects\portfolio_builder\src\components\Builder\WidgetRender.tsx">
        <metrics statements="10" coveredstatements="7" conditionals="4" coveredconditionals="1" methods="3" coveredmethods="3"/>
        <line num="13" count="2" type="stmt"/>
        <line num="16" count="3" type="stmt"/>
        <line num="26" count="3" type="stmt"/>
        <line num="30" count="3" type="stmt"/>
        <line num="31" count="3" type="cond" truecount="1" falsecount="3"/>
        <line num="33" count="3" type="stmt"/>
        <line num="35" count="0" type="stmt"/>
        <line num="37" count="0" type="stmt"/>
        <line num="39" count="0" type="stmt"/>
        <line num="43" count="3" type="stmt"/>
      </file>
    </package>
    <package name="portfolio_builder.src.components.Button">
      <metrics statements="9" coveredstatements="9" conditionals="10" coveredconditionals="10" methods="7" coveredmethods="7"/>
      <file name="Button.component.tsx" path="C:\web\projects\portfolio_builder\src\components\Button\Button.component.tsx">
        <metrics statements="9" coveredstatements="9" conditionals="10" coveredconditionals="10" methods="7" coveredmethods="7"/>
        <line num="16" count="3" type="stmt"/>
        <line num="18" count="9" type="cond" truecount="2" falsecount="0"/>
        <line num="19" count="9" type="cond" truecount="2" falsecount="0"/>
        <line num="21" count="9" type="cond" truecount="2" falsecount="0"/>
        <line num="22" count="9" type="stmt"/>
        <line num="24" count="9" type="cond" truecount="2" falsecount="0"/>
        <line num="30" count="9" type="stmt"/>
        <line num="35" count="3" type="stmt"/>
        <line num="43" count="9" type="stmt"/>
      </file>
    </package>
    <package name="portfolio_builder.src.components.FormGroup">
      <metrics statements="3" coveredstatements="3" conditionals="4" coveredconditionals="4" methods="2" coveredmethods="2"/>
      <file name="FormGroup.tsx" path="C:\web\projects\portfolio_builder\src\components\FormGroup\FormGroup.tsx">
        <metrics statements="3" coveredstatements="3" conditionals="4" coveredconditionals="4" methods="2" coveredmethods="2"/>
        <line num="12" count="7" type="stmt"/>
        <line num="14" count="16" type="stmt"/>
        <line num="25" count="16" type="stmt"/>
      </file>
    </package>
    <package name="portfolio_builder.src.components.IconBtn">
      <metrics statements="7" coveredstatements="7" conditionals="6" coveredconditionals="3" methods="6" coveredmethods="6"/>
      <file name="IconBtn.tsx" path="C:\web\projects\portfolio_builder\src\components\IconBtn\IconBtn.tsx">
        <metrics statements="7" coveredstatements="7" conditionals="6" coveredconditionals="3" methods="6" coveredmethods="6"/>
        <line num="19" count="1" type="stmt"/>
        <line num="21" count="4" type="cond" truecount="1" falsecount="1"/>
        <line num="24" count="4" type="cond" truecount="1" falsecount="1"/>
        <line num="25" count="4" type="stmt"/>
        <line num="27" count="4" type="cond" truecount="1" falsecount="1"/>
        <line num="41" count="4" type="stmt"/>
        <line num="47" count="4" type="stmt"/>
      </file>
    </package>
    <package name="portfolio_builder.src.components.InputField">
      <metrics statements="3" coveredstatements="3" conditionals="0" coveredconditionals="0" methods="2" coveredmethods="2"/>
      <file name="InputField.tool.tsx" path="C:\web\projects\portfolio_builder\src\components\InputField\InputField.tool.tsx">
        <metrics statements="3" coveredstatements="3" conditionals="0" coveredconditionals="0" methods="2" coveredmethods="2"/>
        <line num="16" count="3" type="stmt"/>
        <line num="18" count="6" type="stmt"/>
        <line num="30" count="6" type="stmt"/>
      </file>
    </package>
    <package name="portfolio_builder.src.components.LayoutButtons">
      <metrics statements="5" coveredstatements="1" conditionals="12" coveredconditionals="0" methods="4" coveredmethods="0"/>
      <file name="LayoutButtons.tsx" path="C:\web\projects\portfolio_builder\src\components\LayoutButtons\LayoutButtons.tsx">
        <metrics statements="5" coveredstatements="1" conditionals="12" coveredconditionals="0" methods="4" coveredmethods="0"/>
        <line num="14" count="2" type="stmt"/>
        <line num="26" count="0" type="stmt"/>
        <line num="38" count="0" type="cond" truecount="0" falsecount="2"/>
        <line num="47" count="0" type="cond" truecount="0" falsecount="2"/>
        <line num="58" count="0" type="cond" truecount="0" falsecount="2"/>
      </file>
    </package>
    <package name="portfolio_builder.src.components.Toolbar">
      <metrics statements="15" coveredstatements="13" conditionals="10" coveredconditionals="8" methods="10" coveredmethods="7"/>
      <file name="Toolbar.tsx" path="C:\web\projects\portfolio_builder\src\components\Toolbar\Toolbar.tsx">
        <metrics statements="15" coveredstatements="13" conditionals="10" coveredconditionals="8" methods="10" coveredmethods="7"/>
        <line num="11" count="2" type="stmt"/>
        <line num="17" count="2" type="stmt"/>
        <line num="22" count="2" type="stmt"/>
        <line num="25" count="2" type="stmt"/>
        <line num="28" count="2" type="stmt"/>
        <line num="38" count="2" type="stmt"/>
        <line num="39" count="4" type="stmt"/>
        <line num="40" count="8" type="stmt"/>
        <line num="41" count="8" type="stmt"/>
        <line num="42" count="4" type="stmt"/>
        <line num="43" count="4" type="cond" truecount="4" falsecount="0"/>
        <line num="44" count="2" type="stmt"/>
        <line num="70" count="0" type="stmt"/>
        <line num="81" count="0" type="stmt"/>
        <line num="95" count="2" type="stmt"/>
      </file>
    </package>
    <package name="portfolio_builder.src.components.Toolbar.EachTool.ColorPicker">
      <metrics statements="3" coveredstatements="3" conditionals="0" coveredconditionals="0" methods="1" coveredmethods="1"/>
      <file name="ColorPicker.tool.tsx" path="C:\web\projects\portfolio_builder\src\components\Toolbar\EachTool\ColorPicker\ColorPicker.tool.tsx">
        <metrics statements="3" coveredstatements="3" conditionals="0" coveredconditionals="0" methods="1" coveredmethods="1"/>
        <line num="11" count="3" type="stmt"/>
        <line num="21" count="3" type="stmt"/>
        <line num="22" count="2" type="stmt"/>
      </file>
    </package>
    <package name="portfolio_builder.src.components.Toolbar.EachTool.EachToolWrapper">
      <metrics statements="5" coveredstatements="4" conditionals="4" coveredconditionals="4" methods="4" coveredmethods="2"/>
      <file name="EachToolWrapper.tool.tsx" path="C:\web\projects\portfolio_builder\src\components\Toolbar\EachTool\EachToolWrapper\EachToolWrapper.tool.tsx">
        <metrics statements="5" coveredstatements="4" conditionals="4" coveredconditionals="4" methods="4" coveredmethods="2"/>
        <line num="6" count="3" type="stmt"/>
        <line num="18" count="3" type="stmt"/>
        <line num="21" count="8" type="stmt"/>
        <line num="35" count="8" type="stmt"/>
        <line num="51" count="0" type="stmt"/>
      </file>
    </package>
    <package name="portfolio_builder.src.components.Toolbar.EachTool.Slider">
      <metrics statements="1" coveredstatements="1" conditionals="0" coveredconditionals="0" methods="1" coveredmethods="1"/>
      <file name="Slider.tsx" path="C:\web\projects\portfolio_builder\src\components\Toolbar\EachTool\Slider\Slider.tsx">
        <metrics statements="1" coveredstatements="1" conditionals="0" coveredconditionals="0" methods="1" coveredmethods="1"/>
        <line num="13" count="1" type="stmt"/>
      </file>
    </package>
    <package name="portfolio_builder.src.components.Toolbar.EachTool.imageSelector">
      <metrics statements="9" coveredstatements="6" conditionals="4" coveredconditionals="2" methods="6" coveredmethods="4"/>
      <file name="ImageSelector.tool.tsx" path="C:\web\projects\portfolio_builder\src\components\Toolbar\EachTool\imageSelector\ImageSelector.tool.tsx">
        <metrics statements="9" coveredstatements="6" conditionals="4" coveredconditionals="2" methods="6" coveredmethods="4"/>
        <line num="11" count="3" type="stmt"/>
        <line num="13" count="1" type="stmt"/>
        <line num="15" count="1" type="stmt"/>
        <line num="16" count="1" type="stmt"/>
        <line num="30" count="1" type="stmt"/>
        <line num="31" count="0" type="stmt"/>
        <line num="32" count="0" type="stmt"/>
        <line num="34" count="1" type="stmt"/>
        <line num="58" count="0" type="stmt"/>
      </file>
    </package>
    <package name="portfolio_builder.src.components.Toolbar.RenderToolSets">
      <metrics statements="7" coveredstatements="4" conditionals="4" coveredconditionals="1" methods="3" coveredmethods="3"/>
      <file name="RenderToolSets.tsx" path="C:\web\projects\portfolio_builder\src\components\Toolbar\RenderToolSets\RenderToolSets.tsx">
        <metrics statements="7" coveredstatements="4" conditionals="4" coveredconditionals="1" methods="3" coveredmethods="3"/>
        <line num="11" count="4" type="stmt"/>
        <line num="12" count="4" type="stmt"/>
        <line num="13" count="2" type="cond" truecount="1" falsecount="3"/>
        <line num="15" count="2" type="stmt"/>
        <line num="17" count="0" type="stmt"/>
        <line num="19" count="0" type="stmt"/>
        <line num="21" count="0" type="stmt"/>
      </file>
    </package>
    <package name="portfolio_builder.src.components.WidgetWrapper">
      <metrics statements="1" coveredstatements="1" conditionals="0" coveredconditionals="0" methods="1" coveredmethods="1"/>
      <file name="WidgetWrapper.tsx" path="C:\web\projects\portfolio_builder\src\components\WidgetWrapper\WidgetWrapper.tsx">
        <metrics statements="1" coveredstatements="1" conditionals="0" coveredconditionals="0" methods="1" coveredmethods="1"/>
        <line num="15" count="7" type="stmt"/>
      </file>
    </package>
    <package name="portfolio_builder.src.components.examples.testing-library">
      <metrics statements="2" coveredstatements="2" conditionals="0" coveredconditionals="0" methods="1" coveredmethods="1"/>
      <file name="index.tsx" path="C:\web\projects\portfolio_builder\src\components\examples\testing-library\index.tsx">
        <metrics statements="2" coveredstatements="2" conditionals="0" coveredconditionals="0" methods="1" coveredmethods="1"/>
        <line num="3" count="1" type="stmt"/>
        <line num="6" count="2" type="stmt"/>
      </file>
    </package>
    <package name="portfolio_builder.src.redux.actions.builder">
      <metrics statements="5" coveredstatements="4" conditionals="0" coveredconditionals="0" methods="2" coveredmethods="0"/>
      <file name="builder.action.ts" path="C:\web\projects\portfolio_builder\src\redux\actions\builder\builder.action.ts">
        <metrics statements="3" coveredstatements="2" conditionals="0" coveredconditionals="0" methods="2" coveredmethods="0"/>
        <line num="4" count="2" type="stmt"/>
        <line num="6" count="2" type="stmt"/>
        <line num="7" count="0" type="stmt"/>
      </file>
      <file name="builder.action.types.ts" path="C:\web\projects\portfolio_builder\src\redux\actions\builder\builder.action.types.ts">
        <metrics statements="2" coveredstatements="2" conditionals="0" coveredconditionals="0" methods="0" coveredmethods="0"/>
        <line num="1" count="12" type="stmt"/>
        <line num="2" count="12" type="stmt"/>
      </file>
    </package>
    <package name="portfolio_builder.src.redux.reducers">
      <metrics statements="1" coveredstatements="1" conditionals="0" coveredconditionals="0" methods="0" coveredmethods="0"/>
      <file name="root.reducer.ts" path="C:\web\projects\portfolio_builder\src\redux\reducers\root.reducer.ts">
        <metrics statements="1" coveredstatements="1" conditionals="0" coveredconditionals="0" methods="0" coveredmethods="0"/>
        <line num="7" count="12" type="stmt"/>
      </file>
    </package>
    <package name="portfolio_builder.src.redux.reducers.app">
      <metrics statements="5" coveredstatements="3" conditionals="4" coveredconditionals="2" methods="1" coveredmethods="1"/>
      <file name="app.reducer.ts" path="C:\web\projects\portfolio_builder\src\redux\reducers\app\app.reducer.ts">
        <metrics statements="5" coveredstatements="3" conditionals="4" coveredconditionals="2" methods="1" coveredmethods="1"/>
        <line num="3" count="12" type="stmt"/>
        <line num="10" count="41" type="cond" truecount="1" falsecount="2"/>
        <line num="12" count="0" type="stmt"/>
        <line num="14" count="0" type="stmt"/>
        <line num="19" count="41" type="stmt"/>
      </file>
    </package>
    <package name="portfolio_builder.src.redux.reducers.builder">
      <metrics statements="7" coveredstatements="5" conditionals="4" coveredconditionals="3" methods="1" coveredmethods="1"/>
      <file name="builder.reducer.ts" path="C:\web\projects\portfolio_builder\src\redux\reducers\builder\builder.reducer.ts">
        <metrics statements="7" coveredstatements="5" conditionals="4" coveredconditionals="3" methods="1" coveredmethods="1"/>
        <line num="10" count="12" type="stmt"/>
        <line num="21" count="12" type="stmt"/>
        <line num="36" count="41" type="cond" truecount="2" falsecount="1"/>
        <line num="38" count="5" type="stmt"/>
        <line num="40" count="0" type="stmt"/>
        <line num="41" count="0" type="stmt"/>
        <line num="45" count="36" type="stmt"/>
      </file>
    </package>
    <package name="portfolio_builder.src.redux.store">
      <metrics statements="6" coveredstatements="6" conditionals="3" coveredconditionals="2" methods="2" coveredmethods="2"/>
      <file name="configure.store.ts" path="C:\web\projects\portfolio_builder\src\redux\store\configure.store.ts">
        <metrics statements="2" coveredstatements="2" conditionals="3" coveredconditionals="2" methods="1" coveredmethods="1"/>
        <line num="15" count="12" type="cond" truecount="1" falsecount="1"/>
        <line num="17" count="12" type="cond" truecount="1" falsecount="0"/>
      </file>
      <file name="store.ts" path="C:\web\projects\portfolio_builder\src\redux\store\store.ts">
        <metrics statements="4" coveredstatements="4" conditionals="0" coveredconditionals="0" methods="1" coveredmethods="1"/>
        <line num="8" count="12" type="stmt"/>
        <line num="10" count="12" type="stmt"/>
        <line num="12" count="12" type="stmt"/>
        <line num="13" count="5" type="stmt"/>
      </file>
    </package>
    <package name="portfolio_builder.src.redux.utils">
      <metrics statements="12" coveredstatements="9" conditionals="2" coveredconditionals="1" methods="2" coveredmethods="2"/>
      <file name="loadState.ts" path="C:\web\projects\portfolio_builder\src\redux\utils\loadState.ts">
        <metrics statements="7" coveredstatements="5" conditionals="2" coveredconditionals="1" methods="1" coveredmethods="1"/>
        <line num="1" count="12" type="stmt"/>
        <line num="2" count="12" type="stmt"/>
        <line num="3" count="12" type="stmt"/>
        <line num="4" count="12" type="cond" truecount="1" falsecount="1"/>
        <line num="5" count="12" type="stmt"/>
        <line num="7" count="0" type="stmt"/>
        <line num="9" count="0" type="stmt"/>
      </file>
      <file name="saveState.ts" path="C:\web\projects\portfolio_builder\src\redux\utils\saveState.ts">
        <metrics statements="5" coveredstatements="4" conditionals="0" coveredconditionals="0" methods="1" coveredmethods="1"/>
        <line num="2" count="12" type="stmt"/>
        <line num="3" count="5" type="stmt"/>
        <line num="4" count="5" type="stmt"/>
        <line num="5" count="5" type="stmt"/>
        <line num="7" count="0" type="stmt"/>
      </file>
    </package>
    <package name="portfolio_builder.src.widgets">
      <metrics statements="0" coveredstatements="0" conditionals="0" coveredconditionals="0" methods="0" coveredmethods="0"/>
      <file name="index.tsx" path="C:\web\projects\portfolio_builder\src\widgets\index.tsx">
        <metrics statements="0" coveredstatements="0" conditionals="0" coveredconditionals="0" methods="0" coveredmethods="0"/>
      </file>
    </package>
    <package name="portfolio_builder.src.widgets.Heading">
      <metrics statements="14" coveredstatements="1" conditionals="2" coveredconditionals="2" methods="9" coveredmethods="1"/>
      <file name="Heading.dataset.ts" path="C:\web\projects\portfolio_builder\src\widgets\Heading\Heading.dataset.ts">
        <metrics statements="0" coveredstatements="0" conditionals="0" coveredconditionals="0" methods="0" coveredmethods="0"/>
      </file>
      <file name="Heading.tools.tsx" path="C:\web\projects\portfolio_builder\src\widgets\Heading\Heading.tools.tsx">
        <metrics statements="13" coveredstatements="0" conditionals="0" coveredconditionals="0" methods="8" coveredmethods="0"/>
        <line num="13" count="0" type="stmt"/>
        <line num="14" count="0" type="stmt"/>
        <line num="15" count="0" type="stmt"/>
        <line num="16" count="0" type="stmt"/>
        <line num="17" count="0" type="stmt"/>
        <line num="18" count="0" type="stmt"/>
        <line num="23" count="0" type="stmt"/>
        <line num="26" count="0" type="stmt"/>
        <line num="31" count="0" type="stmt"/>
        <line num="38" count="0" type="stmt"/>
        <line num="40" count="0" type="stmt"/>
        <line num="45" count="0" type="stmt"/>
        <line num="56" count="0" type="stmt"/>
      </file>
      <file name="Heading.widget.tsx" path="C:\web\projects\portfolio_builder\src\widgets\Heading\Heading.widget.tsx">
        <metrics statements="1" coveredstatements="1" conditionals="2" coveredconditionals="2" methods="1" coveredmethods="1"/>
        <line num="11" count="2" type="stmt"/>
      </file>
    </package>
    <package name="portfolio_builder.src.widgets.Paragraph">
      <metrics statements="14" coveredstatements="0" conditionals="0" coveredconditionals="0" methods="9" coveredmethods="0"/>
      <file name="Paragraph.dataset.ts" path="C:\web\projects\portfolio_builder\src\widgets\Paragraph\Paragraph.dataset.ts">
        <metrics statements="0" coveredstatements="0" conditionals="0" coveredconditionals="0" methods="0" coveredmethods="0"/>
      </file>
      <file name="Paragraph.tools.tsx" path="C:\web\projects\portfolio_builder\src\widgets\Paragraph\Paragraph.tools.tsx">
        <metrics statements="13" coveredstatements="0" conditionals="0" coveredconditionals="0" methods="8" coveredmethods="0"/>
        <line num="13" count="0" type="stmt"/>
        <line num="14" count="0" type="stmt"/>
        <line num="15" count="0" type="stmt"/>
        <line num="16" count="0" type="stmt"/>
        <line num="17" count="0" type="stmt"/>
        <line num="18" count="0" type="stmt"/>
        <line num="23" count="0" type="stmt"/>
        <line num="26" count="0" type="stmt"/>
        <line num="31" count="0" type="stmt"/>
        <line num="38" count="0" type="stmt"/>
        <line num="40" count="0" type="stmt"/>
        <line num="45" count="0" type="stmt"/>
        <line num="58" count="0" type="stmt"/>
      </file>
      <file name="Paragraph.widget.tsx" path="C:\web\projects\portfolio_builder\src\widgets\Paragraph\Paragraph.widget.tsx">
        <metrics statements="1" coveredstatements="0" conditionals="0" coveredconditionals="0" methods="1" coveredmethods="0"/>
        <line num="9" count="0" type="stmt"/>
      </file>
    </package>
    <package name="portfolio_builder.src.widgets.jumbotron">
      <metrics statements="30" coveredstatements="12" conditionals="16" coveredconditionals="9" methods="22" coveredmethods="4"/>
      <file name="Jumbotron.dataset.ts" path="C:\web\projects\portfolio_builder\src\widgets\jumbotron\Jumbotron.dataset.ts">
        <metrics statements="0" coveredstatements="0" conditionals="0" coveredconditionals="0" methods="0" coveredmethods="0"/>
      </file>
      <file name="Jumbotron.tools.tsx" path="C:\web\projects\portfolio_builder\src\widgets\jumbotron\Jumbotron.tools.tsx">
        <metrics statements="25" coveredstatements="7" conditionals="0" coveredconditionals="0" methods="21" coveredmethods="3"/>
        <line num="15" count="2" type="stmt"/>
        <line num="16" count="4" type="stmt"/>
        <line num="17" count="4" type="stmt"/>
        <line num="18" count="2" type="stmt"/>
        <line num="19" count="2" type="stmt"/>
        <line num="20" count="0" type="stmt"/>
        <line num="25" count="0" type="stmt"/>
        <line num="28" count="2" type="stmt"/>
        <line num="33" count="0" type="stmt"/>
        <line num="40" count="0" type="stmt"/>
        <line num="42" count="2" type="stmt"/>
        <line num="47" count="0" type="stmt"/>
        <line num="52" count="0" type="stmt"/>
        <line num="59" count="0" type="stmt"/>
        <line num="70" count="0" type="stmt"/>
        <line num="81" count="0" type="stmt"/>
        <line num="105" count="0" type="stmt"/>
        <line num="116" count="0" type="stmt"/>
        <line num="129" count="0" type="stmt"/>
        <line num="148" count="0" type="stmt"/>
        <line num="154" count="0" type="stmt"/>
        <line num="160" count="0" type="stmt"/>
        <line num="166" count="0" type="stmt"/>
        <line num="172" count="0" type="stmt"/>
        <line num="177" count="0" type="stmt"/>
      </file>
      <file name="Jumbotron.widget.tsx" path="C:\web\projects\portfolio_builder\src\widgets\jumbotron\Jumbotron.widget.tsx">
        <metrics statements="5" coveredstatements="5" conditionals="16" coveredconditionals="9" methods="1" coveredmethods="1"/>
        <line num="22" count="3" type="stmt"/>
        <line num="23" count="5" type="stmt"/>
        <line num="24" count="5" type="stmt"/>
        <line num="25" count="5" type="stmt"/>
        <line num="27" count="5" type="stmt"/>
      </file>
    </package>
    <package name="portfolio_builder.test">
      <metrics statements="4" coveredstatements="4" conditionals="0" coveredconditionals="0" methods="2" coveredmethods="2"/>
      <file name="index.tsx" path="C:\web\projects\portfolio_builder\test\index.tsx">
        <metrics statements="4" coveredstatements="4" conditionals="0" coveredconditionals="0" methods="2" coveredmethods="2"/>
        <line num="19" count="12" type="stmt"/>
        <line num="20" count="30" type="stmt"/>
        <line num="27" count="12" type="stmt"/>
        <line num="28" count="28" type="stmt"/>
      </file>
    </package>
  </project>
</coverage>
