{"C:\\web\\projects\\portfolio_builder\\Global.ts": {"path":"C:\\web\\projects\\portfolio_builder\\Global.ts","statementMap":{"0":{"start":{"line":1,"column":15},"end":{"line":4,"column":1}}},"fnMap":{},"branchMap":{},"s":{"0":3},"f":{},"b":{},"_coverageSchema":"1a1c01bbd47fc00a2c39e90264f33305004495a9","hash":"35f631f46c2f5ab0cf33b3599f30971580ba14b3"}
,"C:\\web\\projects\\portfolio_builder\\src\\components\\Builder\\Builder.component.tsx": {"path":"C:\\web\\projects\\portfolio_builder\\src\\components\\Builder\\Builder.component.tsx","statementMap":{"0":{"start":{"line":8,"column":41},"end":{"line":28,"column":1}},"1":{"start":{"line":9,"column":4},"end":{"line":27,"column":6}}},"fnMap":{"0":{"name":"(anonymous_0)","decl":{"start":{"line":8,"column":41},"end":{"line":8,"column":42}},"loc":{"start":{"line":8,"column":47},"end":{"line":28,"column":1}},"line":8},"1":{"name":"(anonymous_1)","decl":{"start":{"line":18,"column":46},"end":{"line":18,"column":47}},"loc":{"start":{"line":18,"column":52},"end":{"line":18,"column":54}},"line":18}},"branchMap":{},"s":{"0":1,"1":2},"f":{"0":2,"1":0},"b":{},"_coverageSchema":"1a1c01bbd47fc00a2c39e90264f33305004495a9","hash":"277694bf2de94be9dab8a9b96c1264c98f72c518"}
,"C:\\web\\projects\\portfolio_builder\\src\\components\\Builder\\Builder.styled.tsx": {"path":"C:\\web\\projects\\portfolio_builder\\src\\components\\Builder\\Builder.styled.tsx","statementMap":{"0":{"start":{"line":7,"column":25},"end":{"line":34,"column":1}},"1":{"start":{"line":8,"column":31},"end":{"line":8,"column":57}},"2":{"start":{"line":20,"column":33},"end":{"line":20,"column":60}},"3":{"start":{"line":24,"column":35},"end":{"line":24,"column":63}},"4":{"start":{"line":25,"column":36},"end":{"line":25,"column":63}},"5":{"start":{"line":32,"column":22},"end":{"line":32,"column":48}},"6":{"start":{"line":36,"column":29},"end":{"line":45,"column":1}},"7":{"start":{"line":41,"column":29},"end":{"line":41,"column":57}},"8":{"start":{"line":44,"column":20},"end":{"line":44,"column":43}}},"fnMap":{"0":{"name":"(anonymous_0)","decl":{"start":{"line":8,"column":24},"end":{"line":8,"column":25}},"loc":{"start":{"line":8,"column":31},"end":{"line":8,"column":57}},"line":8},"1":{"name":"(anonymous_1)","decl":{"start":{"line":20,"column":28},"end":{"line":20,"column":29}},"loc":{"start":{"line":20,"column":33},"end":{"line":20,"column":60}},"line":20},"2":{"name":"(anonymous_2)","decl":{"start":{"line":24,"column":28},"end":{"line":24,"column":29}},"loc":{"start":{"line":24,"column":35},"end":{"line":24,"column":63}},"line":24},"3":{"name":"(anonymous_3)","decl":{"start":{"line":25,"column":31},"end":{"line":25,"column":32}},"loc":{"start":{"line":25,"column":36},"end":{"line":25,"column":63}},"line":25},"4":{"name":"(anonymous_4)","decl":{"start":{"line":32,"column":17},"end":{"line":32,"column":18}},"loc":{"start":{"line":32,"column":22},"end":{"line":32,"column":48}},"line":32},"5":{"name":"(anonymous_5)","decl":{"start":{"line":41,"column":24},"end":{"line":41,"column":25}},"loc":{"start":{"line":41,"column":29},"end":{"line":41,"column":57}},"line":41},"6":{"name":"(anonymous_6)","decl":{"start":{"line":44,"column":12},"end":{"line":44,"column":13}},"loc":{"start":{"line":44,"column":20},"end":{"line":44,"column":43}},"line":44}},"branchMap":{"0":{"loc":{"start":{"line":44,"column":20},"end":{"line":44,"column":43}},"type":"cond-expr","locations":[{"start":{"line":44,"column":30},"end":{"line":44,"column":37}},{"start":{"line":44,"column":40},"end":{"line":44,"column":43}}],"line":44}},"s":{"0":1,"1":2,"2":2,"3":2,"4":2,"5":2,"6":1,"7":2,"8":2},"f":{"0":2,"1":2,"2":2,"3":2,"4":2,"5":2,"6":2},"b":{"0":[2,0]},"_coverageSchema":"1a1c01bbd47fc00a2c39e90264f33305004495a9","hash":"123222f6c35329795915b38a6a23e32aaed43eb9"}
,"C:\\web\\projects\\portfolio_builder\\src\\components\\Builder\\BuilderPreview.tsx": {"path":"C:\\web\\projects\\portfolio_builder\\src\\components\\Builder\\BuilderPreview.tsx","statementMap":{"0":{"start":{"line":127,"column":20},"end":{"line":142,"column":1}},"1":{"start":{"line":128,"column":4},"end":{"line":141,"column":6}},"2":{"start":{"line":144,"column":16},"end":{"line":153,"column":1}},"3":{"start":{"line":145,"column":19},"end":{"line":145,"column":35}},"4":{"start":{"line":146,"column":22},"end":{"line":146,"column":50}},"5":{"start":{"line":147,"column":4},"end":{"line":147,"column":40}},"6":{"start":{"line":148,"column":4},"end":{"line":151,"column":7}},"7":{"start":{"line":152,"column":4},"end":{"line":152,"column":18}},"8":{"start":{"line":155,"column":13},"end":{"line":155,"column":14}},"9":{"start":{"line":157,"column":21},"end":{"line":167,"column":2}},"10":{"start":{"line":160,"column":6},"end":{"line":167,"column":1}},"11":{"start":{"line":170,"column":34},"end":{"line":170,"column":58}},"12":{"start":{"line":171,"column":21},"end":{"line":171,"column":34}},"13":{"start":{"line":172,"column":20},"end":{"line":172,"column":69}},"14":{"start":{"line":172,"column":55},"end":{"line":172,"column":68}},"15":{"start":{"line":173,"column":22},"end":{"line":192,"column":5}},"16":{"start":{"line":175,"column":8},"end":{"line":177,"column":9}},"17":{"start":{"line":176,"column":12},"end":{"line":176,"column":19}},"18":{"start":{"line":179,"column":22},"end":{"line":183,"column":9}},"19":{"start":{"line":185,"column":8},"end":{"line":191,"column":11}},"20":{"start":{"line":193,"column":4},"end":{"line":323,"column":6}},"21":{"start":{"line":210,"column":32},"end":{"line":264,"column":38}},"22":{"start":{"line":215,"column":57},"end":{"line":215,"column":72}},"23":{"start":{"line":218,"column":40},"end":{"line":222,"column":42}},"24":{"start":{"line":223,"column":40},"end":{"line":261,"column":42}},"25":{"start":{"line":230,"column":52},"end":{"line":258,"column":58}},"26":{"start":{"line":243,"column":64},"end":{"line":249,"column":67}},"27":{"start":{"line":272,"column":43},"end":{"line":272,"column":63}}},"fnMap":{"0":{"name":"(anonymous_0)","decl":{"start":{"line":127,"column":20},"end":{"line":127,"column":21}},"loc":{"start":{"line":127,"column":26},"end":{"line":142,"column":1}},"line":127},"1":{"name":"(anonymous_1)","decl":{"start":{"line":144,"column":16},"end":{"line":144,"column":17}},"loc":{"start":{"line":144,"column":71},"end":{"line":153,"column":1}},"line":144},"2":{"name":"(anonymous_2)","decl":{"start":{"line":157,"column":21},"end":{"line":157,"column":22}},"loc":{"start":{"line":160,"column":6},"end":{"line":167,"column":1}},"line":160},"3":{"name":"BuilderPreview","decl":{"start":{"line":169,"column":24},"end":{"line":169,"column":38}},"loc":{"start":{"line":169,"column":64},"end":{"line":324,"column":1}},"line":169},"4":{"name":"(anonymous_4)","decl":{"start":{"line":172,"column":32},"end":{"line":172,"column":33}},"loc":{"start":{"line":172,"column":55},"end":{"line":172,"column":68}},"line":172},"5":{"name":"(anonymous_5)","decl":{"start":{"line":173,"column":22},"end":{"line":173,"column":23}},"loc":{"start":{"line":173,"column":46},"end":{"line":192,"column":5}},"line":173},"6":{"name":"(anonymous_6)","decl":{"start":{"line":209,"column":29},"end":{"line":209,"column":30}},"loc":{"start":{"line":210,"column":32},"end":{"line":264,"column":38}},"line":210},"7":{"name":"(anonymous_7)","decl":{"start":{"line":215,"column":51},"end":{"line":215,"column":52}},"loc":{"start":{"line":215,"column":57},"end":{"line":215,"column":72}},"line":215},"8":{"name":"(anonymous_8)","decl":{"start":{"line":217,"column":61},"end":{"line":217,"column":62}},"loc":{"start":{"line":217,"column":78},"end":{"line":262,"column":37}},"line":217},"9":{"name":"(anonymous_9)","decl":{"start":{"line":229,"column":49},"end":{"line":229,"column":50}},"loc":{"start":{"line":230,"column":52},"end":{"line":258,"column":58}},"line":230},"10":{"name":"(anonymous_10)","decl":{"start":{"line":242,"column":69},"end":{"line":242,"column":70}},"loc":{"start":{"line":242,"column":75},"end":{"line":250,"column":61}},"line":242},"11":{"name":"(anonymous_11)","decl":{"start":{"line":272,"column":37},"end":{"line":272,"column":38}},"loc":{"start":{"line":272,"column":43},"end":{"line":272,"column":63}},"line":272}},"branchMap":{"0":{"loc":{"start":{"line":164,"column":16},"end":{"line":164,"column":51}},"type":"cond-expr","locations":[{"start":{"line":164,"column":29},"end":{"line":164,"column":41}},{"start":{"line":164,"column":44},"end":{"line":164,"column":51}}],"line":164},"1":{"loc":{"start":{"line":175,"column":8},"end":{"line":177,"column":9}},"type":"if","locations":[{"start":{"line":175,"column":8},"end":{"line":177,"column":9}},{"start":{"line":175,"column":8},"end":{"line":177,"column":9}}],"line":175}},"s":{"0":1,"1":50,"2":1,"3":0,"4":0,"5":0,"6":0,"7":0,"8":1,"9":1,"10":0,"11":2,"12":2,"13":2,"14":4,"15":2,"16":0,"17":0,"18":0,"19":0,"20":2,"21":2,"22":0,"23":0,"24":0,"25":0,"26":0,"27":0},"f":{"0":50,"1":0,"2":0,"3":2,"4":4,"5":0,"6":2,"7":0,"8":0,"9":0,"10":0,"11":0},"b":{"0":[0,0],"1":[0,0]},"_coverageSchema":"1a1c01bbd47fc00a2c39e90264f33305004495a9","hash":"44705c45ad12df00ed3a507c9b4cfef9edaeeefd"}
,"C:\\web\\projects\\portfolio_builder\\src\\components\\Builder\\WidgetRender.tsx": {"path":"C:\\web\\projects\\portfolio_builder\\src\\components\\Builder\\WidgetRender.tsx","statementMap":{"0":{"start":{"line":12,"column":16},"end":{"line":16,"column":1}},"1":{"start":{"line":23,"column":18},"end":{"line":26,"column":5}},"2":{"start":{"line":27,"column":25},"end":{"line":36,"column":5}},"3":{"start":{"line":28,"column":8},"end":{"line":35,"column":9}},"4":{"start":{"line":30,"column":16},"end":{"line":30,"column":63}},"5":{"start":{"line":32,"column":16},"end":{"line":32,"column":61}},"6":{"start":{"line":34,"column":16},"end":{"line":34,"column":29}},"7":{"start":{"line":38,"column":4},"end":{"line":40,"column":6}}},"fnMap":{"0":{"name":"WidgetRender","decl":{"start":{"line":18,"column":24},"end":{"line":18,"column":36}},"loc":{"start":{"line":22,"column":24},"end":{"line":41,"column":1}},"line":22},"1":{"name":"(anonymous_1)","decl":{"start":{"line":27,"column":25},"end":{"line":27,"column":26}},"loc":{"start":{"line":27,"column":31},"end":{"line":36,"column":5}},"line":27}},"branchMap":{"0":{"loc":{"start":{"line":28,"column":8},"end":{"line":35,"column":9}},"type":"switch","locations":[{"start":{"line":29,"column":12},"end":{"line":30,"column":63}},{"start":{"line":31,"column":12},"end":{"line":32,"column":61}},{"start":{"line":33,"column":12},"end":{"line":34,"column":29}}],"line":28}},"s":{"0":2,"1":3,"2":3,"3":3,"4":3,"5":0,"6":0,"7":3},"f":{"0":3,"1":3},"b":{"0":[3,0,0]},"_coverageSchema":"1a1c01bbd47fc00a2c39e90264f33305004495a9","hash":"c18da747f47c9a53eb62c8edace69bb0d690f084"}
,"C:\\web\\projects\\portfolio_builder\\src\\components\\Button\\Button.component.tsx": {"path":"C:\\web\\projects\\portfolio_builder\\src\\components\\Button\\Button.component.tsx","statementMap":{"0":{"start":{"line":16,"column":25},"end":{"line":33,"column":1}},"1":{"start":{"line":18,"column":8},"end":{"line":18,"column":77}},"2":{"start":{"line":19,"column":29},"end":{"line":19,"column":55}},"3":{"start":{"line":21,"column":22},"end":{"line":21,"column":44}},"4":{"start":{"line":22,"column":17},"end":{"line":22,"column":44}},"5":{"start":{"line":24,"column":8},"end":{"line":26,"column":42}},"6":{"start":{"line":30,"column":50},"end":{"line":30,"column":77}},"7":{"start":{"line":35,"column":42},"end":{"line":54,"column":1}},"8":{"start":{"line":43,"column":4},"end":{"line":53,"column":6}}},"fnMap":{"0":{"name":"(anonymous_0)","decl":{"start":{"line":17,"column":24},"end":{"line":17,"column":25}},"loc":{"start":{"line":18,"column":8},"end":{"line":18,"column":77}},"line":18},"1":{"name":"(anonymous_1)","decl":{"start":{"line":19,"column":21},"end":{"line":19,"column":22}},"loc":{"start":{"line":19,"column":29},"end":{"line":19,"column":55}},"line":19},"2":{"name":"(anonymous_2)","decl":{"start":{"line":21,"column":14},"end":{"line":21,"column":15}},"loc":{"start":{"line":21,"column":22},"end":{"line":21,"column":44}},"line":21},"3":{"name":"(anonymous_3)","decl":{"start":{"line":22,"column":10},"end":{"line":22,"column":11}},"loc":{"start":{"line":22,"column":17},"end":{"line":22,"column":44}},"line":22},"4":{"name":"(anonymous_4)","decl":{"start":{"line":23,"column":13},"end":{"line":23,"column":14}},"loc":{"start":{"line":24,"column":8},"end":{"line":26,"column":42}},"line":24},"5":{"name":"(anonymous_5)","decl":{"start":{"line":30,"column":43},"end":{"line":30,"column":44}},"loc":{"start":{"line":30,"column":50},"end":{"line":30,"column":77}},"line":30},"6":{"name":"(anonymous_6)","decl":{"start":{"line":35,"column":42},"end":{"line":35,"column":43}},"loc":{"start":{"line":42,"column":6},"end":{"line":54,"column":1}},"line":42}},"branchMap":{"0":{"loc":{"start":{"line":18,"column":8},"end":{"line":18,"column":77}},"type":"cond-expr","locations":[{"start":{"line":18,"column":21},"end":{"line":18,"column":47}},{"start":{"line":18,"column":50},"end":{"line":18,"column":77}}],"line":18},"1":{"loc":{"start":{"line":19,"column":29},"end":{"line":19,"column":55}},"type":"cond-expr","locations":[{"start":{"line":19,"column":41},"end":{"line":19,"column":47}},{"start":{"line":19,"column":50},"end":{"line":19,"column":55}}],"line":19},"2":{"loc":{"start":{"line":21,"column":22},"end":{"line":21,"column":44}},"type":"cond-expr","locations":[{"start":{"line":21,"column":35},"end":{"line":21,"column":40}},{"start":{"line":21,"column":43},"end":{"line":21,"column":44}}],"line":21},"3":{"loc":{"start":{"line":24,"column":8},"end":{"line":26,"column":42}},"type":"cond-expr","locations":[{"start":{"line":25,"column":14},"end":{"line":25,"column":41}},{"start":{"line":26,"column":14},"end":{"line":26,"column":42}}],"line":24},"4":{"loc":{"start":{"line":49,"column":26},"end":{"line":49,"column":48}},"type":"binary-expr","locations":[{"start":{"line":49,"column":26},"end":{"line":49,"column":35}},{"start":{"line":49,"column":39},"end":{"line":49,"column":48}}],"line":49}},"s":{"0":2,"1":7,"2":7,"3":7,"4":7,"5":7,"6":7,"7":2,"8":7},"f":{"0":7,"1":7,"2":7,"3":7,"4":7,"5":7,"6":7},"b":{"0":[2,5],"1":[2,5],"2":[2,5],"3":[2,5],"4":[7,2]},"_coverageSchema":"1a1c01bbd47fc00a2c39e90264f33305004495a9","hash":"5cf1d7bc27c05b48bd682e3bdae4cb1666359f34"}
,"C:\\web\\projects\\portfolio_builder\\src\\components\\FormGroup\\FormGroup.tsx": {"path":"C:\\web\\projects\\portfolio_builder\\src\\components\\FormGroup\\FormGroup.tsx","statementMap":{"0":{"start":{"line":18,"column":4},"end":{"line":30,"column":6}}},"fnMap":{"0":{"name":"FormGroup","decl":{"start":{"line":11,"column":24},"end":{"line":11,"column":33}},"loc":{"start":{"line":17,"column":24},"end":{"line":31,"column":1}},"line":17}},"branchMap":{"0":{"loc":{"start":{"line":21,"column":35},"end":{"line":21,"column":73}},"type":"cond-expr","locations":[{"start":{"line":21,"column":52},"end":{"line":21,"column":66}},{"start":{"line":21,"column":69},"end":{"line":21,"column":73}}],"line":21},"1":{"loc":{"start":{"line":28,"column":13},"end":{"line":28,"column":66}},"type":"cond-expr","locations":[{"start":{"line":28,"column":23},"end":{"line":28,"column":59}},{"start":{"line":28,"column":62},"end":{"line":28,"column":66}}],"line":28}},"s":{"0":14},"f":{"0":14},"b":{"0":[9,5],"1":[9,5]},"_coverageSchema":"1a1c01bbd47fc00a2c39e90264f33305004495a9","hash":"05daf568fa3aa9040bbc4af990759d8c7dbf1ebb"}
,"C:\\web\\projects\\portfolio_builder\\src\\components\\Toolbar\\Toolbar.tsx": {"path":"C:\\web\\projects\\portfolio_builder\\src\\components\\Toolbar\\Toolbar.tsx","statementMap":{"0":{"start":{"line":12,"column":23},"end":{"line":36,"column":1}},"1":{"start":{"line":18,"column":20},"end":{"line":18,"column":46}},"2":{"start":{"line":22,"column":24},"end":{"line":22,"column":50}},"3":{"start":{"line":25,"column":24},"end":{"line":25,"column":50}},"4":{"start":{"line":28,"column":35},"end":{"line":28,"column":63}},"5":{"start":{"line":39,"column":20},"end":{"line":39,"column":69}},"6":{"start":{"line":39,"column":55},"end":{"line":39,"column":68}},"7":{"start":{"line":40,"column":2},"end":{"line":53,"column":4}}},"fnMap":{"0":{"name":"(anonymous_0)","decl":{"start":{"line":18,"column":13},"end":{"line":18,"column":14}},"loc":{"start":{"line":18,"column":20},"end":{"line":18,"column":46}},"line":18},"1":{"name":"(anonymous_1)","decl":{"start":{"line":22,"column":17},"end":{"line":22,"column":18}},"loc":{"start":{"line":22,"column":24},"end":{"line":22,"column":50}},"line":22},"2":{"name":"(anonymous_2)","decl":{"start":{"line":25,"column":17},"end":{"line":25,"column":18}},"loc":{"start":{"line":25,"column":24},"end":{"line":25,"column":50}},"line":25},"3":{"name":"(anonymous_3)","decl":{"start":{"line":28,"column":28},"end":{"line":28,"column":29}},"loc":{"start":{"line":28,"column":35},"end":{"line":28,"column":63}},"line":28},"4":{"name":"Toolbar","decl":{"start":{"line":38,"column":24},"end":{"line":38,"column":31}},"loc":{"start":{"line":38,"column":74},"end":{"line":54,"column":1}},"line":38},"5":{"name":"(anonymous_5)","decl":{"start":{"line":39,"column":32},"end":{"line":39,"column":33}},"loc":{"start":{"line":39,"column":55},"end":{"line":39,"column":68}},"line":39}},"branchMap":{},"s":{"0":4,"1":2,"2":2,"3":2,"4":2,"5":2,"6":4,"7":2},"f":{"0":2,"1":2,"2":2,"3":2,"4":2,"5":4},"b":{},"_coverageSchema":"1a1c01bbd47fc00a2c39e90264f33305004495a9","hash":"285ed8848685fa30bda00964c9dac6e1e68753e1"}
,"C:\\web\\projects\\portfolio_builder\\src\\components\\Toolbar\\EachTool\\ColorPicker\\ColorPicker.tool.tsx": {"path":"C:\\web\\projects\\portfolio_builder\\src\\components\\Toolbar\\EachTool\\ColorPicker\\ColorPicker.tool.tsx","statementMap":{"0":{"start":{"line":11,"column":16},"end":{"line":19,"column":1}},"1":{"start":{"line":21,"column":44},"end":{"line":29,"column":1}},"2":{"start":{"line":22,"column":4},"end":{"line":28,"column":6}}},"fnMap":{"0":{"name":"(anonymous_0)","decl":{"start":{"line":21,"column":44},"end":{"line":21,"column":45}},"loc":{"start":{"line":21,"column":88},"end":{"line":29,"column":1}},"line":21}},"branchMap":{},"s":{"0":4,"1":4,"2":2},"f":{"0":2},"b":{},"_coverageSchema":"1a1c01bbd47fc00a2c39e90264f33305004495a9","hash":"8d4266e8e4abc0b80f723def5cebffaa991e3a70"}
,"C:\\web\\projects\\portfolio_builder\\src\\components\\Toolbar\\EachTool\\EachToolWrapper\\EachToolWrapper.tool.tsx": {"path":"C:\\web\\projects\\portfolio_builder\\src\\components\\Toolbar\\EachTool\\EachToolWrapper\\EachToolWrapper.tool.tsx","statementMap":{"0":{"start":{"line":6,"column":18},"end":{"line":6,"column":26}},"1":{"start":{"line":18,"column":24},"end":{"line":24,"column":1}},"2":{"start":{"line":21,"column":24},"end":{"line":21,"column":50}},"3":{"start":{"line":35,"column":4},"end":{"line":60,"column":6}},"4":{"start":{"line":51,"column":53},"end":{"line":51,"column":75}}},"fnMap":{"0":{"name":"(anonymous_0)","decl":{"start":{"line":21,"column":17},"end":{"line":21,"column":18}},"loc":{"start":{"line":21,"column":24},"end":{"line":21,"column":50}},"line":21},"1":{"name":"EachToolWrapperTool","decl":{"start":{"line":26,"column":24},"end":{"line":26,"column":43}},"loc":{"start":{"line":34,"column":24},"end":{"line":61,"column":1}},"line":34},"2":{"name":"(anonymous_2)","decl":{"start":{"line":39,"column":26},"end":{"line":39,"column":27}},"loc":{"start":{"line":39,"column":32},"end":{"line":39,"column":34}},"line":39},"3":{"name":"(anonymous_3)","decl":{"start":{"line":51,"column":46},"end":{"line":51,"column":47}},"loc":{"start":{"line":51,"column":53},"end":{"line":51,"column":75}},"line":51}},"branchMap":{"0":{"loc":{"start":{"line":38,"column":38},"end":{"line":38,"column":52}},"type":"cond-expr","locations":[{"start":{"line":38,"column":47},"end":{"line":38,"column":48}},{"start":{"line":38,"column":50},"end":{"line":38,"column":52}}],"line":38},"1":{"loc":{"start":{"line":44,"column":25},"end":{"line":54,"column":25}},"type":"cond-expr","locations":[{"start":{"line":44,"column":45},"end":{"line":44,"column":49}},{"start":{"line":45,"column":28},"end":{"line":53,"column":34}}],"line":44}},"s":{"0":4,"1":4,"2":2,"3":2,"4":0},"f":{"0":2,"1":2,"2":0,"3":0},"b":{"0":[1,1],"1":[0,2]},"_coverageSchema":"1a1c01bbd47fc00a2c39e90264f33305004495a9","hash":"b7c1ab6f8fa06c86d5e20892e65e7aa294d68942"}
,"C:\\web\\projects\\portfolio_builder\\src\\components\\Toolbar\\EachTool\\InputField\\InputField.tool.tsx": {"path":"C:\\web\\projects\\portfolio_builder\\src\\components\\Toolbar\\EachTool\\InputField\\InputField.tool.tsx","statementMap":{"0":{"start":{"line":15,"column":21},"end":{"line":19,"column":1}},"1":{"start":{"line":17,"column":44},"end":{"line":17,"column":71}},"2":{"start":{"line":29,"column":2},"end":{"line":40,"column":4}}},"fnMap":{"0":{"name":"(anonymous_0)","decl":{"start":{"line":17,"column":39},"end":{"line":17,"column":40}},"loc":{"start":{"line":17,"column":44},"end":{"line":17,"column":71}},"line":17},"1":{"name":"InputField","decl":{"start":{"line":21,"column":24},"end":{"line":21,"column":34}},"loc":{"start":{"line":28,"column":24},"end":{"line":41,"column":1}},"line":28}},"branchMap":{},"s":{"0":4,"1":2,"2":2},"f":{"0":2,"1":2},"b":{},"_coverageSchema":"1a1c01bbd47fc00a2c39e90264f33305004495a9","hash":"09222b9c7687a4e0cbecf817862baa2620a3da87"}
,"C:\\web\\projects\\portfolio_builder\\src\\components\\Toolbar\\EachTool\\Slider\\Slider.tsx": {"path":"C:\\web\\projects\\portfolio_builder\\src\\components\\Toolbar\\EachTool\\Slider\\Slider.tsx","statementMap":{"0":{"start":{"line":13,"column":4},"end":{"line":23,"column":6}}},"fnMap":{"0":{"name":"Slider","decl":{"start":{"line":12,"column":16},"end":{"line":12,"column":22}},"loc":{"start":{"line":12,"column":105},"end":{"line":24,"column":1}},"line":12}},"branchMap":{},"s":{"0":1},"f":{"0":1},"b":{},"_coverageSchema":"1a1c01bbd47fc00a2c39e90264f33305004495a9","hash":"fced8cfe95582a06c2cb239c52dee9eb02fdddbc"}
,"C:\\web\\projects\\portfolio_builder\\src\\components\\Toolbar\\EachTool\\imageSelector\\ImageSelector.tool.tsx": {"path":"C:\\web\\projects\\portfolio_builder\\src\\components\\Toolbar\\EachTool\\imageSelector\\ImageSelector.tool.tsx","statementMap":{"0":{"start":{"line":11,"column":16},"end":{"line":22,"column":1}},"1":{"start":{"line":13,"column":35},"end":{"line":13,"column":61}},"2":{"start":{"line":15,"column":35},"end":{"line":15,"column":62}},"3":{"start":{"line":16,"column":24},"end":{"line":16,"column":50}},"4":{"start":{"line":30,"column":19},"end":{"line":33,"column":5}},"5":{"start":{"line":31,"column":20},"end":{"line":31,"column":58}},"6":{"start":{"line":32,"column":8},"end":{"line":32,"column":23}},"7":{"start":{"line":34,"column":4},"end":{"line":73,"column":6}},"8":{"start":{"line":58,"column":45},"end":{"line":58,"column":73}}},"fnMap":{"0":{"name":"(anonymous_0)","decl":{"start":{"line":13,"column":28},"end":{"line":13,"column":29}},"loc":{"start":{"line":13,"column":35},"end":{"line":13,"column":61}},"line":13},"1":{"name":"(anonymous_1)","decl":{"start":{"line":15,"column":28},"end":{"line":15,"column":29}},"loc":{"start":{"line":15,"column":35},"end":{"line":15,"column":62}},"line":15},"2":{"name":"(anonymous_2)","decl":{"start":{"line":16,"column":17},"end":{"line":16,"column":18}},"loc":{"start":{"line":16,"column":24},"end":{"line":16,"column":50}},"line":16},"3":{"name":"ImageSelectorTool","decl":{"start":{"line":24,"column":24},"end":{"line":24,"column":41}},"loc":{"start":{"line":29,"column":24},"end":{"line":74,"column":1}},"line":29},"4":{"name":"(anonymous_4)","decl":{"start":{"line":30,"column":19},"end":{"line":30,"column":20}},"loc":{"start":{"line":30,"column":25},"end":{"line":33,"column":5}},"line":30},"5":{"name":"(anonymous_5)","decl":{"start":{"line":58,"column":38},"end":{"line":58,"column":39}},"loc":{"start":{"line":58,"column":45},"end":{"line":58,"column":73}},"line":58}},"branchMap":{"0":{"loc":{"start":{"line":49,"column":29},"end":{"line":51,"column":48}},"type":"cond-expr","locations":[{"start":{"line":50,"column":34},"end":{"line":50,"column":48}},{"start":{"line":51,"column":34},"end":{"line":51,"column":48}}],"line":49},"1":{"loc":{"start":{"line":61,"column":21},"end":{"line":69,"column":28}},"type":"cond-expr","locations":[{"start":{"line":62,"column":24},"end":{"line":68,"column":30}},{"start":{"line":69,"column":24},"end":{"line":69,"column":28}}],"line":61}},"s":{"0":4,"1":1,"2":1,"3":1,"4":1,"5":0,"6":0,"7":1,"8":0},"f":{"0":1,"1":1,"2":1,"3":1,"4":0,"5":0},"b":{"0":[0,1],"1":[0,1]},"_coverageSchema":"1a1c01bbd47fc00a2c39e90264f33305004495a9","hash":"a182fcf95a1af731439d7b9bb9eb7f49d07e3e63"}
,"C:\\web\\projects\\portfolio_builder\\src\\components\\WidgetWrapper\\WidgetWrapper.tsx": {"path":"C:\\web\\projects\\portfolio_builder\\src\\components\\WidgetWrapper\\WidgetWrapper.tsx","statementMap":{"0":{"start":{"line":17,"column":16},"end":{"line":17,"column":61}},"1":{"start":{"line":17,"column":51},"end":{"line":17,"column":60}},"2":{"start":{"line":18,"column":4},"end":{"line":25,"column":6}}},"fnMap":{"0":{"name":"WidgetWrapper","decl":{"start":{"line":12,"column":24},"end":{"line":12,"column":37}},"loc":{"start":{"line":16,"column":24},"end":{"line":26,"column":1}},"line":16},"1":{"name":"(anonymous_1)","decl":{"start":{"line":17,"column":28},"end":{"line":17,"column":29}},"loc":{"start":{"line":17,"column":51},"end":{"line":17,"column":60}},"line":17}},"branchMap":{"0":{"loc":{"start":{"line":21,"column":13},"end":{"line":23,"column":20}},"type":"cond-expr","locations":[{"start":{"line":22,"column":16},"end":{"line":22,"column":58}},{"start":{"line":23,"column":16},"end":{"line":23,"column":20}}],"line":21}},"s":{"0":5,"1":10,"2":5},"f":{"0":5,"1":10},"b":{"0":[0,5]},"_coverageSchema":"1a1c01bbd47fc00a2c39e90264f33305004495a9","hash":"a00c6567f9d505e077b7fe955fde7b63f349a5eb"}
,"C:\\web\\projects\\portfolio_builder\\src\\components\\examples\\testing-library\\index.tsx": {"path":"C:\\web\\projects\\portfolio_builder\\src\\components\\examples\\testing-library\\index.tsx","statementMap":{"0":{"start":{"line":3,"column":72},"end":{"line":58,"column":1}},"1":{"start":{"line":6,"column":4},"end":{"line":57,"column":6}}},"fnMap":{"0":{"name":"(anonymous_0)","decl":{"start":{"line":3,"column":72},"end":{"line":3,"column":73}},"loc":{"start":{"line":5,"column":6},"end":{"line":58,"column":1}},"line":5}},"branchMap":{},"s":{"0":1,"1":2},"f":{"0":2},"b":{},"_coverageSchema":"1a1c01bbd47fc00a2c39e90264f33305004495a9","hash":"ef27688c0a6254de8ef53e2871480ca7c215f196"}
,"C:\\web\\projects\\portfolio_builder\\src\\redux\\actions\\builder\\builder.action.ts": {"path":"C:\\web\\projects\\portfolio_builder\\src\\redux\\actions\\builder\\builder.action.ts","statementMap":{"0":{"start":{"line":4,"column":21},"end":{"line":4,"column":45}},"1":{"start":{"line":6,"column":32},"end":{"line":11,"column":1}},"2":{"start":{"line":6,"column":47},"end":{"line":11,"column":1}},"3":{"start":{"line":7,"column":2},"end":{"line":10,"column":5}}},"fnMap":{"0":{"name":"(anonymous_0)","decl":{"start":{"line":6,"column":32},"end":{"line":6,"column":33}},"loc":{"start":{"line":6,"column":47},"end":{"line":11,"column":1}},"line":6},"1":{"name":"(anonymous_1)","decl":{"start":{"line":6,"column":47},"end":{"line":6,"column":48}},"loc":{"start":{"line":6,"column":71},"end":{"line":11,"column":1}},"line":6}},"branchMap":{},"s":{"0":3,"1":3,"2":0,"3":0},"f":{"0":0,"1":0},"b":{},"_coverageSchema":"1a1c01bbd47fc00a2c39e90264f33305004495a9","hash":"2ad885e7d31c990c42984e25bdf104126c14a572"}
,"C:\\web\\projects\\portfolio_builder\\src\\redux\\actions\\builder\\builder.action.types.ts": {"path":"C:\\web\\projects\\portfolio_builder\\src\\redux\\actions\\builder\\builder.action.types.ts","statementMap":{"0":{"start":{"line":1,"column":33},"end":{"line":1,"column":52}},"1":{"start":{"line":2,"column":34},"end":{"line":2,"column":54}}},"fnMap":{},"branchMap":{},"s":{"0":12,"1":12},"f":{},"b":{},"_coverageSchema":"1a1c01bbd47fc00a2c39e90264f33305004495a9","hash":"92278568f60fb092436b124f32f983870959c07b"}
,"C:\\web\\projects\\portfolio_builder\\src\\redux\\reducers\\root.reducer.ts": {"path":"C:\\web\\projects\\portfolio_builder\\src\\redux\\reducers\\root.reducer.ts","statementMap":{"0":{"start":{"line":7,"column":20},"end":{"line":10,"column":2}}},"fnMap":{},"branchMap":{},"s":{"0":12},"f":{},"b":{},"_coverageSchema":"1a1c01bbd47fc00a2c39e90264f33305004495a9","hash":"47086f1c24444173ba23d9b107b93757ffae2a97"}
,"C:\\web\\projects\\portfolio_builder\\src\\redux\\reducers\\app\\app.reducer.ts": {"path":"C:\\web\\projects\\portfolio_builder\\src\\redux\\reducers\\app\\app.reducer.ts","statementMap":{"0":{"start":{"line":3,"column":38},"end":{"line":5,"column":1}},"1":{"start":{"line":8,"column":2},"end":{"line":18,"column":3}},"2":{"start":{"line":10,"column":6},"end":{"line":10,"column":38}},"3":{"start":{"line":12,"column":6},"end":{"line":15,"column":8}},"4":{"start":{"line":17,"column":6},"end":{"line":17,"column":19}}},"fnMap":{"0":{"name":"(anonymous_0)","decl":{"start":{"line":7,"column":15},"end":{"line":7,"column":16}},"loc":{"start":{"line":7,"column":76},"end":{"line":19,"column":1}},"line":7}},"branchMap":{"0":{"loc":{"start":{"line":7,"column":16},"end":{"line":7,"column":36}},"type":"default-arg","locations":[{"start":{"line":7,"column":24},"end":{"line":7,"column":36}}],"line":7},"1":{"loc":{"start":{"line":8,"column":2},"end":{"line":18,"column":3}},"type":"switch","locations":[{"start":{"line":9,"column":4},"end":{"line":10,"column":38}},{"start":{"line":11,"column":4},"end":{"line":15,"column":8}},{"start":{"line":16,"column":4},"end":{"line":17,"column":19}}],"line":8}},"s":{"0":12,"1":41,"2":0,"3":0,"4":41},"f":{"0":41},"b":{"0":[36],"1":[0,0,41]},"_coverageSchema":"1a1c01bbd47fc00a2c39e90264f33305004495a9","hash":"28d0a3634d178e712e2835d4be33c2b2f979b82a"}
,"C:\\web\\projects\\portfolio_builder\\src\\redux\\reducers\\builder\\builder.reducer.ts": {"path":"C:\\web\\projects\\portfolio_builder\\src\\redux\\reducers\\builder\\builder.reducer.ts","statementMap":{"0":{"start":{"line":9,"column":40},"end":{"line":20,"column":1}},"1":{"start":{"line":23,"column":2},"end":{"line":33,"column":3}},"2":{"start":{"line":25,"column":6},"end":{"line":25,"column":38}},"3":{"start":{"line":27,"column":6},"end":{"line":27,"column":49}},"4":{"start":{"line":28,"column":6},"end":{"line":30,"column":8}},"5":{"start":{"line":32,"column":6},"end":{"line":32,"column":19}}},"fnMap":{"0":{"name":"(anonymous_0)","decl":{"start":{"line":22,"column":15},"end":{"line":22,"column":16}},"loc":{"start":{"line":22,"column":75},"end":{"line":34,"column":1}},"line":22}},"branchMap":{"0":{"loc":{"start":{"line":22,"column":16},"end":{"line":22,"column":36}},"type":"default-arg","locations":[{"start":{"line":22,"column":24},"end":{"line":22,"column":36}}],"line":22},"1":{"loc":{"start":{"line":23,"column":2},"end":{"line":33,"column":3}},"type":"switch","locations":[{"start":{"line":24,"column":4},"end":{"line":25,"column":38}},{"start":{"line":26,"column":4},"end":{"line":30,"column":8}},{"start":{"line":31,"column":4},"end":{"line":32,"column":19}}],"line":23}},"s":{"0":12,"1":41,"2":5,"3":0,"4":0,"5":36},"f":{"0":41},"b":{"0":[36],"1":[5,0,36]},"_coverageSchema":"1a1c01bbd47fc00a2c39e90264f33305004495a9","hash":"2bfffbd5fdb16015b552a33f7ecbec2c60d7b966"}
,"C:\\web\\projects\\portfolio_builder\\src\\redux\\store\\configure.store.ts": {"path":"C:\\web\\projects\\portfolio_builder\\src\\redux\\store\\configure.store.ts","statementMap":{"0":{"start":{"line":15,"column":19},"end":{"line":15,"column":84}},"1":{"start":{"line":17,"column":23},"end":{"line":22,"column":1}},"2":{"start":{"line":17,"column":42},"end":{"line":22,"column":1}}},"fnMap":{"0":{"name":"(anonymous_0)","decl":{"start":{"line":17,"column":23},"end":{"line":17,"column":24}},"loc":{"start":{"line":17,"column":42},"end":{"line":22,"column":1}},"line":17}},"branchMap":{"0":{"loc":{"start":{"line":15,"column":19},"end":{"line":15,"column":84}},"type":"cond-expr","locations":[{"start":{"line":15,"column":60},"end":{"line":15,"column":75}},{"start":{"line":15,"column":77},"end":{"line":15,"column":84}}],"line":15},"1":{"loc":{"start":{"line":17,"column":24},"end":{"line":17,"column":37}},"type":"default-arg","locations":[{"start":{"line":17,"column":35},"end":{"line":17,"column":37}}],"line":17}},"s":{"0":12,"1":12,"2":12},"f":{"0":12},"b":{"0":[0,12],"1":[12]},"_coverageSchema":"1a1c01bbd47fc00a2c39e90264f33305004495a9","hash":"c36c1da9ed05c2c06c8caa68ef9938828113723d"}
,"C:\\web\\projects\\portfolio_builder\\src\\redux\\store\\store.ts": {"path":"C:\\web\\projects\\portfolio_builder\\src\\redux\\store\\store.ts","statementMap":{"0":{"start":{"line":8,"column":20},"end":{"line":8,"column":31}},"1":{"start":{"line":10,"column":14},"end":{"line":10,"column":41}},"2":{"start":{"line":12,"column":0},"end":{"line":16,"column":3}},"3":{"start":{"line":13,"column":4},"end":{"line":15,"column":6}}},"fnMap":{"0":{"name":"(anonymous_0)","decl":{"start":{"line":12,"column":16},"end":{"line":12,"column":17}},"loc":{"start":{"line":12,"column":22},"end":{"line":16,"column":1}},"line":12}},"branchMap":{},"s":{"0":12,"1":12,"2":12,"3":5},"f":{"0":5},"b":{},"_coverageSchema":"1a1c01bbd47fc00a2c39e90264f33305004495a9","hash":"9184bdbad333f296726e44e1b2bbb2fa99554eb9"}
,"C:\\web\\projects\\portfolio_builder\\src\\redux\\utils\\loadState.ts": {"path":"C:\\web\\projects\\portfolio_builder\\src\\redux\\utils\\loadState.ts","statementMap":{"0":{"start":{"line":1,"column":18},"end":{"line":11,"column":1}},"1":{"start":{"line":2,"column":4},"end":{"line":10,"column":5}},"2":{"start":{"line":3,"column":28},"end":{"line":3,"column":57}},"3":{"start":{"line":4,"column":8},"end":{"line":6,"column":9}},"4":{"start":{"line":5,"column":12},"end":{"line":5,"column":29}},"5":{"start":{"line":7,"column":8},"end":{"line":7,"column":39}},"6":{"start":{"line":9,"column":8},"end":{"line":9,"column":25}}},"fnMap":{"0":{"name":"(anonymous_0)","decl":{"start":{"line":1,"column":18},"end":{"line":1,"column":19}},"loc":{"start":{"line":1,"column":24},"end":{"line":11,"column":1}},"line":1}},"branchMap":{"0":{"loc":{"start":{"line":4,"column":8},"end":{"line":6,"column":9}},"type":"if","locations":[{"start":{"line":4,"column":8},"end":{"line":6,"column":9}},{"start":{"line":4,"column":8},"end":{"line":6,"column":9}}],"line":4}},"s":{"0":12,"1":12,"2":12,"3":12,"4":12,"5":0,"6":0},"f":{"0":12},"b":{"0":[12,0]},"_coverageSchema":"1a1c01bbd47fc00a2c39e90264f33305004495a9","hash":"4efcf1a5adc739e56861d46dff30caa5c62d4dfb"}
,"C:\\web\\projects\\portfolio_builder\\src\\redux\\utils\\saveState.ts": {"path":"C:\\web\\projects\\portfolio_builder\\src\\redux\\utils\\saveState.ts","statementMap":{"0":{"start":{"line":1,"column":18},"end":{"line":8,"column":1}},"1":{"start":{"line":2,"column":4},"end":{"line":7,"column":5}},"2":{"start":{"line":3,"column":28},"end":{"line":3,"column":49}},"3":{"start":{"line":4,"column":8},"end":{"line":4,"column":51}},"4":{"start":{"line":6,"column":8},"end":{"line":6,"column":25}}},"fnMap":{"0":{"name":"(anonymous_0)","decl":{"start":{"line":1,"column":18},"end":{"line":1,"column":19}},"loc":{"start":{"line":1,"column":29},"end":{"line":8,"column":1}},"line":1}},"branchMap":{},"s":{"0":12,"1":5,"2":5,"3":5,"4":0},"f":{"0":5},"b":{},"_coverageSchema":"1a1c01bbd47fc00a2c39e90264f33305004495a9","hash":"1ad3f527053aeee9212cef5a7966a3c851903006"}
,"C:\\web\\projects\\portfolio_builder\\src\\widgets\\index.tsx": {"path":"C:\\web\\projects\\portfolio_builder\\src\\widgets\\index.tsx","statementMap":{},"fnMap":{},"branchMap":{},"s":{},"f":{},"b":{},"_coverageSchema":"1a1c01bbd47fc00a2c39e90264f33305004495a9","hash":"1e95ca3eee9177625eab87ebc08d3b8121f16a52"}
,"C:\\web\\projects\\portfolio_builder\\src\\widgets\\Heading\\Heading.widget.tsx": {"path":"C:\\web\\projects\\portfolio_builder\\src\\widgets\\Heading\\Heading.widget.tsx","statementMap":{"0":{"start":{"line":13,"column":21},"end":{"line":13,"column":34}},"1":{"start":{"line":14,"column":17},"end":{"line":14,"column":28}},"2":{"start":{"line":15,"column":28},"end":{"line":21,"column":5}},"3":{"start":{"line":16,"column":27},"end":{"line":19,"column":9}},"4":{"start":{"line":20,"column":8},"end":{"line":20,"column":47}},"5":{"start":{"line":23,"column":34},"end":{"line":36,"column":5}},"6":{"start":{"line":28,"column":27},"end":{"line":34,"column":9}},"7":{"start":{"line":35,"column":8},"end":{"line":35,"column":47}},"8":{"start":{"line":37,"column":4},"end":{"line":67,"column":6}},"9":{"start":{"line":44,"column":28},"end":{"line":44,"column":70}}},"fnMap":{"0":{"name":"HeadingWidget","decl":{"start":{"line":12,"column":24},"end":{"line":12,"column":37}},"loc":{"start":{"line":12,"column":76},"end":{"line":68,"column":1}},"line":12},"1":{"name":"(anonymous_1)","decl":{"start":{"line":15,"column":28},"end":{"line":15,"column":29}},"loc":{"start":{"line":15,"column":57},"end":{"line":21,"column":5}},"line":15},"2":{"name":"(anonymous_2)","decl":{"start":{"line":23,"column":34},"end":{"line":23,"column":35}},"loc":{"start":{"line":27,"column":9},"end":{"line":36,"column":5}},"line":27},"3":{"name":"(anonymous_3)","decl":{"start":{"line":43,"column":34},"end":{"line":43,"column":35}},"loc":{"start":{"line":44,"column":28},"end":{"line":44,"column":70}},"line":44}},"branchMap":{"0":{"loc":{"start":{"line":58,"column":25},"end":{"line":62,"column":25}},"type":"binary-expr","locations":[{"start":{"line":58,"column":25},"end":{"line":58,"column":50}},{"start":{"line":59,"column":28},"end":{"line":61,"column":35}}],"line":58}},"s":{"0":0,"1":0,"2":0,"3":0,"4":0,"5":0,"6":0,"7":0,"8":0,"9":0},"f":{"0":0,"1":0,"2":0,"3":0},"b":{"0":[0,0]},"_coverageSchema":"1a1c01bbd47fc00a2c39e90264f33305004495a9","hash":"551effb9bbd5606b9735928218d910bde8cf8b20"}
,"C:\\web\\projects\\portfolio_builder\\src\\widgets\\jumbotron\\Jumbotron.dataset.ts": {"path":"C:\\web\\projects\\portfolio_builder\\src\\widgets\\jumbotron\\Jumbotron.dataset.ts","statementMap":{},"fnMap":{},"branchMap":{},"s":{},"f":{},"b":{},"_coverageSchema":"1a1c01bbd47fc00a2c39e90264f33305004495a9","hash":"814f1525a014e30f633dfbac8909c8ad8cb76477"}
,"C:\\web\\projects\\portfolio_builder\\src\\widgets\\jumbotron\\Jumbotron.widget.tsx": {"path":"C:\\web\\projects\\portfolio_builder\\src\\widgets\\jumbotron\\Jumbotron.widget.tsx","statementMap":{"0":{"start":{"line":27,"column":31},"end":{"line":283,"column":1}},"1":{"start":{"line":28,"column":40},"end":{"line":28,"column":54}},"2":{"start":{"line":29,"column":28},"end":{"line":29,"column":33}},"3":{"start":{"line":30,"column":17},"end":{"line":30,"column":28}},"4":{"start":{"line":31,"column":21},"end":{"line":31,"column":34}},"5":{"start":{"line":32,"column":28},"end":{"line":38,"column":5}},"6":{"start":{"line":33,"column":27},"end":{"line":36,"column":9}},"7":{"start":{"line":37,"column":8},"end":{"line":37,"column":47}},"8":{"start":{"line":40,"column":34},"end":{"line":53,"column":5}},"9":{"start":{"line":45,"column":27},"end":{"line":51,"column":9}},"10":{"start":{"line":52,"column":8},"end":{"line":52,"column":47}},"11":{"start":{"line":54,"column":4},"end":{"line":282,"column":6}},"12":{"start":{"line":63,"column":28},"end":{"line":63,"column":70}},"13":{"start":{"line":70,"column":28},"end":{"line":70,"column":74}},"14":{"start":{"line":78,"column":28},"end":{"line":81,"column":29}},"15":{"start":{"line":89,"column":36},"end":{"line":92,"column":37}},"16":{"start":{"line":100,"column":36},"end":{"line":104,"column":37}},"17":{"start":{"line":124,"column":32},"end":{"line":128,"column":33}},"18":{"start":{"line":135,"column":32},"end":{"line":139,"column":33}},"19":{"start":{"line":146,"column":32},"end":{"line":150,"column":33}},"20":{"start":{"line":165,"column":32},"end":{"line":169,"column":33}},"21":{"start":{"line":188,"column":32},"end":{"line":188,"column":74}},"22":{"start":{"line":195,"column":32},"end":{"line":195,"column":75}},"23":{"start":{"line":202,"column":32},"end":{"line":202,"column":73}}},"fnMap":{"0":{"name":"(anonymous_0)","decl":{"start":{"line":27,"column":31},"end":{"line":27,"column":32}},"loc":{"start":{"line":27,"column":63},"end":{"line":283,"column":1}},"line":27},"1":{"name":"(anonymous_1)","decl":{"start":{"line":32,"column":28},"end":{"line":32,"column":29}},"loc":{"start":{"line":32,"column":57},"end":{"line":38,"column":5}},"line":32},"2":{"name":"(anonymous_2)","decl":{"start":{"line":40,"column":34},"end":{"line":40,"column":35}},"loc":{"start":{"line":44,"column":9},"end":{"line":53,"column":5}},"line":44},"3":{"name":"(anonymous_3)","decl":{"start":{"line":62,"column":34},"end":{"line":62,"column":35}},"loc":{"start":{"line":63,"column":28},"end":{"line":63,"column":70}},"line":63},"4":{"name":"(anonymous_4)","decl":{"start":{"line":69,"column":34},"end":{"line":69,"column":35}},"loc":{"start":{"line":70,"column":28},"end":{"line":70,"column":74}},"line":70},"5":{"name":"(anonymous_5)","decl":{"start":{"line":77,"column":37},"end":{"line":77,"column":38}},"loc":{"start":{"line":78,"column":28},"end":{"line":81,"column":29}},"line":78},"6":{"name":"(anonymous_6)","decl":{"start":{"line":88,"column":46},"end":{"line":88,"column":47}},"loc":{"start":{"line":89,"column":36},"end":{"line":92,"column":37}},"line":89},"7":{"name":"(anonymous_7)","decl":{"start":{"line":99,"column":42},"end":{"line":99,"column":43}},"loc":{"start":{"line":100,"column":36},"end":{"line":104,"column":37}},"line":100},"8":{"name":"(anonymous_8)","decl":{"start":{"line":118,"column":37},"end":{"line":118,"column":38}},"loc":{"start":{"line":118,"column":43},"end":{"line":118,"column":45}},"line":118},"9":{"name":"(anonymous_9)","decl":{"start":{"line":123,"column":43},"end":{"line":123,"column":44}},"loc":{"start":{"line":124,"column":32},"end":{"line":128,"column":33}},"line":124},"10":{"name":"(anonymous_10)","decl":{"start":{"line":134,"column":43},"end":{"line":134,"column":44}},"loc":{"start":{"line":135,"column":32},"end":{"line":139,"column":33}},"line":135},"11":{"name":"(anonymous_11)","decl":{"start":{"line":145,"column":43},"end":{"line":145,"column":44}},"loc":{"start":{"line":146,"column":32},"end":{"line":150,"column":33}},"line":146},"12":{"name":"(anonymous_12)","decl":{"start":{"line":160,"column":37},"end":{"line":160,"column":38}},"loc":{"start":{"line":160,"column":43},"end":{"line":160,"column":45}},"line":160},"13":{"name":"(anonymous_13)","decl":{"start":{"line":164,"column":38},"end":{"line":164,"column":39}},"loc":{"start":{"line":165,"column":32},"end":{"line":169,"column":33}},"line":165},"14":{"name":"(anonymous_14)","decl":{"start":{"line":183,"column":37},"end":{"line":183,"column":38}},"loc":{"start":{"line":183,"column":43},"end":{"line":183,"column":45}},"line":183},"15":{"name":"(anonymous_15)","decl":{"start":{"line":187,"column":38},"end":{"line":187,"column":39}},"loc":{"start":{"line":188,"column":32},"end":{"line":188,"column":74}},"line":188},"16":{"name":"(anonymous_16)","decl":{"start":{"line":194,"column":38},"end":{"line":194,"column":39}},"loc":{"start":{"line":195,"column":32},"end":{"line":195,"column":75}},"line":195},"17":{"name":"(anonymous_17)","decl":{"start":{"line":201,"column":38},"end":{"line":201,"column":39}},"loc":{"start":{"line":202,"column":32},"end":{"line":202,"column":73}},"line":202}},"branchMap":{"0":{"loc":{"start":{"line":219,"column":21},"end":{"line":238,"column":28}},"type":"cond-expr","locations":[{"start":{"line":220,"column":24},"end":{"line":237,"column":30}},{"start":{"line":238,"column":24},"end":{"line":238,"column":28}}],"line":219},"1":{"loc":{"start":{"line":230,"column":36},"end":{"line":232,"column":68}},"type":"cond-expr","locations":[{"start":{"line":231,"column":42},"end":{"line":231,"column":64}},{"start":{"line":232,"column":42},"end":{"line":232,"column":68}}],"line":230},"2":{"loc":{"start":{"line":253,"column":29},"end":{"line":260,"column":29}},"type":"binary-expr","locations":[{"start":{"line":253,"column":29},"end":{"line":253,"column":47}},{"start":{"line":254,"column":32},"end":{"line":259,"column":36}}],"line":253},"3":{"loc":{"start":{"line":261,"column":29},"end":{"line":268,"column":29}},"type":"binary-expr","locations":[{"start":{"line":261,"column":29},"end":{"line":261,"column":48}},{"start":{"line":262,"column":32},"end":{"line":267,"column":36}}],"line":261},"4":{"loc":{"start":{"line":269,"column":29},"end":{"line":276,"column":29}},"type":"binary-expr","locations":[{"start":{"line":269,"column":29},"end":{"line":269,"column":49}},{"start":{"line":270,"column":32},"end":{"line":275,"column":36}}],"line":269}},"s":{"0":3,"1":5,"2":5,"3":5,"4":5,"5":5,"6":0,"7":0,"8":5,"9":0,"10":0,"11":5,"12":0,"13":0,"14":0,"15":0,"16":0,"17":0,"18":0,"19":0,"20":0,"21":0,"22":0,"23":0},"f":{"0":5,"1":0,"2":0,"3":0,"4":0,"5":0,"6":0,"7":0,"8":0,"9":0,"10":0,"11":0,"12":0,"13":0,"14":0,"15":0,"16":0,"17":0},"b":{"0":[5,0],"1":[0,5],"2":[5,0],"3":[5,2],"4":[5,0]},"_coverageSchema":"1a1c01bbd47fc00a2c39e90264f33305004495a9","hash":"6a3ddcee46177f836441a86d566dac251e6cf001"}
,"C:\\web\\projects\\portfolio_builder\\test\\index.tsx": {"path":"C:\\web\\projects\\portfolio_builder\\test\\index.tsx","statementMap":{"0":{"start":{"line":19,"column":41},"end":{"line":25,"column":1}},"1":{"start":{"line":20,"column":4},"end":{"line":24,"column":6}},"2":{"start":{"line":27,"column":15},"end":{"line":28,"column":76}},"3":{"start":{"line":28,"column":4},"end":{"line":28,"column":76}}},"fnMap":{"0":{"name":"(anonymous_0)","decl":{"start":{"line":19,"column":41},"end":{"line":19,"column":42}},"loc":{"start":{"line":19,"column":59},"end":{"line":25,"column":1}},"line":19},"1":{"name":"(anonymous_1)","decl":{"start":{"line":27,"column":15},"end":{"line":27,"column":16}},"loc":{"start":{"line":28,"column":4},"end":{"line":28,"column":76}},"line":28}},"branchMap":{},"s":{"0":12,"1":30,"2":12,"3":28},"f":{"0":30,"1":28},"b":{},"_coverageSchema":"1a1c01bbd47fc00a2c39e90264f33305004495a9","hash":"49e4e2f9297e36cc0b1d4a1c74df22c0112b6a05"}
}
