{"C:\\web\\projects\\portfolio_builder\\Global.ts": {"path":"C:\\web\\projects\\portfolio_builder\\Global.ts","statementMap":{"0":{"start":{"line":1,"column":15},"end":{"line":4,"column":1}}},"fnMap":{},"branchMap":{},"s":{"0":4},"f":{},"b":{},"_coverageSchema":"1a1c01bbd47fc00a2c39e90264f33305004495a9","hash":"35f631f46c2f5ab0cf33b3599f30971580ba14b3"}
,"C:\\web\\projects\\portfolio_builder\\src\\components\\Builder\\Builder.component.tsx": {"path":"C:\\web\\projects\\portfolio_builder\\src\\components\\Builder\\Builder.component.tsx","statementMap":{"0":{"start":{"line":15,"column":32},"end":{"line":50,"column":1}},"1":{"start":{"line":16,"column":19},"end":{"line":16,"column":30}},"2":{"start":{"line":17,"column":4},"end":{"line":49,"column":6}},"3":{"start":{"line":27,"column":43},"end":{"line":27,"column":59}}},"fnMap":{"0":{"name":"(anonymous_0)","decl":{"start":{"line":15,"column":32},"end":{"line":15,"column":33}},"loc":{"start":{"line":15,"column":56},"end":{"line":50,"column":1}},"line":15},"1":{"name":"(anonymous_1)","decl":{"start":{"line":27,"column":37},"end":{"line":27,"column":38}},"loc":{"start":{"line":27,"column":43},"end":{"line":27,"column":59}},"line":27},"2":{"name":"(anonymous_2)","decl":{"start":{"line":33,"column":37},"end":{"line":33,"column":38}},"loc":{"start":{"line":33,"column":43},"end":{"line":33,"column":45}},"line":33},"3":{"name":"(anonymous_3)","decl":{"start":{"line":40,"column":46},"end":{"line":40,"column":47}},"loc":{"start":{"line":40,"column":52},"end":{"line":40,"column":54}},"line":40}},"branchMap":{},"s":{"0":1,"1":2,"2":2,"3":0},"f":{"0":2,"1":0,"2":0,"3":0},"b":{},"_coverageSchema":"1a1c01bbd47fc00a2c39e90264f33305004495a9","hash":"300364a2778c9ef92059bedab54e72a07a2ac445"}
,"C:\\web\\projects\\portfolio_builder\\src\\components\\Builder\\Builder.styled.tsx": {"path":"C:\\web\\projects\\portfolio_builder\\src\\components\\Builder\\Builder.styled.tsx","statementMap":{"0":{"start":{"line":7,"column":25},"end":{"line":39,"column":1}},"1":{"start":{"line":8,"column":31},"end":{"line":8,"column":57}},"2":{"start":{"line":20,"column":35},"end":{"line":20,"column":62}},"3":{"start":{"line":24,"column":35},"end":{"line":24,"column":63}},"4":{"start":{"line":25,"column":38},"end":{"line":25,"column":65}},"5":{"start":{"line":32,"column":24},"end":{"line":32,"column":50}},"6":{"start":{"line":41,"column":29},"end":{"line":50,"column":1}},"7":{"start":{"line":46,"column":29},"end":{"line":46,"column":57}},"8":{"start":{"line":49,"column":20},"end":{"line":49,"column":43}}},"fnMap":{"0":{"name":"(anonymous_0)","decl":{"start":{"line":8,"column":24},"end":{"line":8,"column":25}},"loc":{"start":{"line":8,"column":31},"end":{"line":8,"column":57}},"line":8},"1":{"name":"(anonymous_1)","decl":{"start":{"line":20,"column":28},"end":{"line":20,"column":29}},"loc":{"start":{"line":20,"column":35},"end":{"line":20,"column":62}},"line":20},"2":{"name":"(anonymous_2)","decl":{"start":{"line":24,"column":28},"end":{"line":24,"column":29}},"loc":{"start":{"line":24,"column":35},"end":{"line":24,"column":63}},"line":24},"3":{"name":"(anonymous_3)","decl":{"start":{"line":25,"column":31},"end":{"line":25,"column":32}},"loc":{"start":{"line":25,"column":38},"end":{"line":25,"column":65}},"line":25},"4":{"name":"(anonymous_4)","decl":{"start":{"line":32,"column":17},"end":{"line":32,"column":18}},"loc":{"start":{"line":32,"column":24},"end":{"line":32,"column":50}},"line":32},"5":{"name":"(anonymous_5)","decl":{"start":{"line":46,"column":24},"end":{"line":46,"column":25}},"loc":{"start":{"line":46,"column":29},"end":{"line":46,"column":57}},"line":46},"6":{"name":"(anonymous_6)","decl":{"start":{"line":49,"column":12},"end":{"line":49,"column":13}},"loc":{"start":{"line":49,"column":20},"end":{"line":49,"column":43}},"line":49}},"branchMap":{"0":{"loc":{"start":{"line":49,"column":20},"end":{"line":49,"column":43}},"type":"cond-expr","locations":[{"start":{"line":49,"column":30},"end":{"line":49,"column":37}},{"start":{"line":49,"column":40},"end":{"line":49,"column":43}}],"line":49}},"s":{"0":2,"1":2,"2":2,"3":2,"4":2,"5":2,"6":2,"7":6,"8":6},"f":{"0":2,"1":2,"2":2,"3":2,"4":2,"5":6,"6":6},"b":{"0":[6,0]},"_coverageSchema":"1a1c01bbd47fc00a2c39e90264f33305004495a9","hash":"ea5652de4bb81f57cf4cd16b17454292803def8a"}
,"C:\\web\\projects\\portfolio_builder\\src\\components\\Builder\\BuilderPreview.tsx": {"path":"C:\\web\\projects\\portfolio_builder\\src\\components\\Builder\\BuilderPreview.tsx","statementMap":{"0":{"start":{"line":28,"column":16},"end":{"line":47,"column":1}},"1":{"start":{"line":29,"column":19},"end":{"line":29,"column":35}},"2":{"start":{"line":30,"column":22},"end":{"line":30,"column":50}},"3":{"start":{"line":31,"column":4},"end":{"line":31,"column":40}},"4":{"start":{"line":32,"column":4},"end":{"line":35,"column":7}},"5":{"start":{"line":36,"column":22},"end":{"line":38,"column":14}},"6":{"start":{"line":37,"column":16},"end":{"line":37,"column":43}},"7":{"start":{"line":39,"column":4},"end":{"line":45,"column":7}},"8":{"start":{"line":46,"column":4},"end":{"line":46,"column":18}},"9":{"start":{"line":49,"column":13},"end":{"line":49,"column":14}},"10":{"start":{"line":51,"column":21},"end":{"line":61,"column":2}},"11":{"start":{"line":54,"column":6},"end":{"line":61,"column":1}},"12":{"start":{"line":64,"column":34},"end":{"line":64,"column":58}},"13":{"start":{"line":65,"column":21},"end":{"line":65,"column":34}},"14":{"start":{"line":66,"column":20},"end":{"line":66,"column":69}},"15":{"start":{"line":66,"column":55},"end":{"line":66,"column":68}},"16":{"start":{"line":67,"column":16},"end":{"line":67,"column":61}},"17":{"start":{"line":67,"column":51},"end":{"line":67,"column":60}},"18":{"start":{"line":68,"column":22},"end":{"line":88,"column":5}},"19":{"start":{"line":70,"column":8},"end":{"line":72,"column":9}},"20":{"start":{"line":71,"column":12},"end":{"line":71,"column":19}},"21":{"start":{"line":74,"column":22},"end":{"line":78,"column":9}},"22":{"start":{"line":91,"column":4},"end":{"line":223,"column":6}},"23":{"start":{"line":108,"column":32},"end":{"line":158,"column":38}},"24":{"start":{"line":114,"column":40},"end":{"line":155,"column":42}},"25":{"start":{"line":121,"column":52},"end":{"line":152,"column":58}},"26":{"start":{"line":135,"column":64},"end":{"line":143,"column":67}},"27":{"start":{"line":166,"column":43},"end":{"line":166,"column":63}},"28":{"start":{"line":188,"column":39},"end":{"line":188,"column":56}},"29":{"start":{"line":203,"column":32},"end":{"line":216,"column":34}},"30":{"start":{"line":208,"column":44},"end":{"line":208,"column":80}},"31":{"start":{"line":209,"column":44},"end":{"line":212,"column":47}},"32":{"start":{"line":213,"column":44},"end":{"line":213,"column":62}}},"fnMap":{"0":{"name":"(anonymous_0)","decl":{"start":{"line":28,"column":16},"end":{"line":28,"column":17}},"loc":{"start":{"line":28,"column":71},"end":{"line":47,"column":1}},"line":28},"1":{"name":"(anonymous_1)","decl":{"start":{"line":36,"column":33},"end":{"line":36,"column":34}},"loc":{"start":{"line":36,"column":45},"end":{"line":38,"column":13}},"line":36},"2":{"name":"(anonymous_2)","decl":{"start":{"line":51,"column":21},"end":{"line":51,"column":22}},"loc":{"start":{"line":54,"column":6},"end":{"line":61,"column":1}},"line":54},"3":{"name":"BuilderPreview","decl":{"start":{"line":63,"column":24},"end":{"line":63,"column":38}},"loc":{"start":{"line":63,"column":73},"end":{"line":224,"column":1}},"line":63},"4":{"name":"(anonymous_4)","decl":{"start":{"line":66,"column":32},"end":{"line":66,"column":33}},"loc":{"start":{"line":66,"column":55},"end":{"line":66,"column":68}},"line":66},"5":{"name":"(anonymous_5)","decl":{"start":{"line":67,"column":28},"end":{"line":67,"column":29}},"loc":{"start":{"line":67,"column":51},"end":{"line":67,"column":60}},"line":67},"6":{"name":"(anonymous_6)","decl":{"start":{"line":68,"column":22},"end":{"line":68,"column":23}},"loc":{"start":{"line":68,"column":46},"end":{"line":88,"column":5}},"line":68},"7":{"name":"(anonymous_7)","decl":{"start":{"line":107,"column":29},"end":{"line":107,"column":30}},"loc":{"start":{"line":108,"column":32},"end":{"line":158,"column":38}},"line":108},"8":{"name":"(anonymous_8)","decl":{"start":{"line":113,"column":61},"end":{"line":113,"column":62}},"loc":{"start":{"line":113,"column":78},"end":{"line":156,"column":37}},"line":113},"9":{"name":"(anonymous_9)","decl":{"start":{"line":120,"column":49},"end":{"line":120,"column":50}},"loc":{"start":{"line":121,"column":52},"end":{"line":152,"column":58}},"line":121},"10":{"name":"(anonymous_10)","decl":{"start":{"line":134,"column":69},"end":{"line":134,"column":70}},"loc":{"start":{"line":134,"column":75},"end":{"line":144,"column":61}},"line":134},"11":{"name":"(anonymous_11)","decl":{"start":{"line":166,"column":37},"end":{"line":166,"column":38}},"loc":{"start":{"line":166,"column":43},"end":{"line":166,"column":63}},"line":166},"12":{"name":"(anonymous_12)","decl":{"start":{"line":188,"column":33},"end":{"line":188,"column":34}},"loc":{"start":{"line":188,"column":39},"end":{"line":188,"column":56}},"line":188},"13":{"name":"(anonymous_13)","decl":{"start":{"line":202,"column":41},"end":{"line":202,"column":42}},"loc":{"start":{"line":202,"column":53},"end":{"line":217,"column":29}},"line":202},"14":{"name":"(anonymous_14)","decl":{"start":{"line":207,"column":49},"end":{"line":207,"column":50}},"loc":{"start":{"line":207,"column":55},"end":{"line":214,"column":41}},"line":207}},"branchMap":{"0":{"loc":{"start":{"line":58,"column":16},"end":{"line":58,"column":51}},"type":"cond-expr","locations":[{"start":{"line":58,"column":29},"end":{"line":58,"column":41}},{"start":{"line":58,"column":44},"end":{"line":58,"column":51}}],"line":58},"1":{"loc":{"start":{"line":70,"column":8},"end":{"line":72,"column":9}},"type":"if","locations":[{"start":{"line":70,"column":8},"end":{"line":72,"column":9}},{"start":{"line":70,"column":8},"end":{"line":72,"column":9}}],"line":70}},"s":{"0":2,"1":0,"2":0,"3":0,"4":0,"5":0,"6":0,"7":0,"8":0,"9":2,"10":2,"11":0,"12":6,"13":6,"14":6,"15":12,"16":6,"17":12,"18":6,"19":0,"20":0,"21":0,"22":6,"23":6,"24":1,"25":1,"26":0,"27":0,"28":0,"29":2,"30":1,"31":1,"32":1},"f":{"0":0,"1":0,"2":0,"3":6,"4":12,"5":12,"6":0,"7":6,"8":1,"9":1,"10":0,"11":0,"12":0,"13":2,"14":1},"b":{"0":[0,0],"1":[0,0]},"_coverageSchema":"1a1c01bbd47fc00a2c39e90264f33305004495a9","hash":"c149bee0bdfcdddcf72490082e53d7276a121221"}
,"C:\\web\\projects\\portfolio_builder\\src\\components\\Builder\\WidgetRender.tsx": {"path":"C:\\web\\projects\\portfolio_builder\\src\\components\\Builder\\WidgetRender.tsx","statementMap":{"0":{"start":{"line":14,"column":16},"end":{"line":20,"column":1}},"1":{"start":{"line":17,"column":48},"end":{"line":17,"column":75}},"2":{"start":{"line":27,"column":18},"end":{"line":30,"column":5}},"3":{"start":{"line":31,"column":25},"end":{"line":42,"column":5}},"4":{"start":{"line":32,"column":8},"end":{"line":41,"column":9}},"5":{"start":{"line":34,"column":16},"end":{"line":34,"column":63}},"6":{"start":{"line":36,"column":16},"end":{"line":36,"column":61}},"7":{"start":{"line":38,"column":16},"end":{"line":38,"column":57}},"8":{"start":{"line":40,"column":16},"end":{"line":40,"column":29}},"9":{"start":{"line":44,"column":4},"end":{"line":46,"column":6}}},"fnMap":{"0":{"name":"(anonymous_0)","decl":{"start":{"line":17,"column":41},"end":{"line":17,"column":42}},"loc":{"start":{"line":17,"column":48},"end":{"line":17,"column":75}},"line":17},"1":{"name":"WidgetRender","decl":{"start":{"line":22,"column":24},"end":{"line":22,"column":36}},"loc":{"start":{"line":26,"column":24},"end":{"line":47,"column":1}},"line":26},"2":{"name":"(anonymous_2)","decl":{"start":{"line":31,"column":25},"end":{"line":31,"column":26}},"loc":{"start":{"line":31,"column":31},"end":{"line":42,"column":5}},"line":31}},"branchMap":{"0":{"loc":{"start":{"line":32,"column":8},"end":{"line":41,"column":9}},"type":"switch","locations":[{"start":{"line":33,"column":12},"end":{"line":34,"column":63}},{"start":{"line":35,"column":12},"end":{"line":36,"column":61}},{"start":{"line":37,"column":12},"end":{"line":38,"column":57}},{"start":{"line":39,"column":12},"end":{"line":40,"column":29}}],"line":32}},"s":{"0":3,"1":4,"2":4,"3":4,"4":4,"5":3,"6":0,"7":1,"8":0,"9":4},"f":{"0":4,"1":4,"2":4},"b":{"0":[3,0,1,0]},"_coverageSchema":"1a1c01bbd47fc00a2c39e90264f33305004495a9","hash":"266176be4b0d71eb0de5b44707668a12221d3e5c"}
,"C:\\web\\projects\\portfolio_builder\\src\\components\\Button\\Button.component.tsx": {"path":"C:\\web\\projects\\portfolio_builder\\src\\components\\Button\\Button.component.tsx","statementMap":{"0":{"start":{"line":18,"column":25},"end":{"line":35,"column":1}},"1":{"start":{"line":20,"column":8},"end":{"line":20,"column":77}},"2":{"start":{"line":21,"column":29},"end":{"line":21,"column":55}},"3":{"start":{"line":23,"column":22},"end":{"line":23,"column":44}},"4":{"start":{"line":24,"column":17},"end":{"line":24,"column":44}},"5":{"start":{"line":26,"column":8},"end":{"line":28,"column":42}},"6":{"start":{"line":32,"column":50},"end":{"line":32,"column":77}},"7":{"start":{"line":37,"column":42},"end":{"line":59,"column":1}},"8":{"start":{"line":47,"column":4},"end":{"line":58,"column":6}}},"fnMap":{"0":{"name":"(anonymous_0)","decl":{"start":{"line":19,"column":24},"end":{"line":19,"column":25}},"loc":{"start":{"line":20,"column":8},"end":{"line":20,"column":77}},"line":20},"1":{"name":"(anonymous_1)","decl":{"start":{"line":21,"column":21},"end":{"line":21,"column":22}},"loc":{"start":{"line":21,"column":29},"end":{"line":21,"column":55}},"line":21},"2":{"name":"(anonymous_2)","decl":{"start":{"line":23,"column":14},"end":{"line":23,"column":15}},"loc":{"start":{"line":23,"column":22},"end":{"line":23,"column":44}},"line":23},"3":{"name":"(anonymous_3)","decl":{"start":{"line":24,"column":10},"end":{"line":24,"column":11}},"loc":{"start":{"line":24,"column":17},"end":{"line":24,"column":44}},"line":24},"4":{"name":"(anonymous_4)","decl":{"start":{"line":25,"column":13},"end":{"line":25,"column":14}},"loc":{"start":{"line":26,"column":8},"end":{"line":28,"column":42}},"line":26},"5":{"name":"(anonymous_5)","decl":{"start":{"line":32,"column":43},"end":{"line":32,"column":44}},"loc":{"start":{"line":32,"column":50},"end":{"line":32,"column":77}},"line":32},"6":{"name":"(anonymous_6)","decl":{"start":{"line":37,"column":42},"end":{"line":37,"column":43}},"loc":{"start":{"line":46,"column":6},"end":{"line":59,"column":1}},"line":46}},"branchMap":{"0":{"loc":{"start":{"line":20,"column":8},"end":{"line":20,"column":77}},"type":"cond-expr","locations":[{"start":{"line":20,"column":21},"end":{"line":20,"column":47}},{"start":{"line":20,"column":50},"end":{"line":20,"column":77}}],"line":20},"1":{"loc":{"start":{"line":21,"column":29},"end":{"line":21,"column":55}},"type":"cond-expr","locations":[{"start":{"line":21,"column":41},"end":{"line":21,"column":47}},{"start":{"line":21,"column":50},"end":{"line":21,"column":55}}],"line":21},"2":{"loc":{"start":{"line":23,"column":22},"end":{"line":23,"column":44}},"type":"cond-expr","locations":[{"start":{"line":23,"column":35},"end":{"line":23,"column":40}},{"start":{"line":23,"column":43},"end":{"line":23,"column":44}}],"line":23},"3":{"loc":{"start":{"line":26,"column":8},"end":{"line":28,"column":42}},"type":"cond-expr","locations":[{"start":{"line":27,"column":14},"end":{"line":27,"column":41}},{"start":{"line":28,"column":14},"end":{"line":28,"column":42}}],"line":26},"4":{"loc":{"start":{"line":53,"column":22},"end":{"line":53,"column":41}},"type":"binary-expr","locations":[{"start":{"line":53,"column":22},"end":{"line":53,"column":30}},{"start":{"line":53,"column":34},"end":{"line":53,"column":41}}],"line":53},"5":{"loc":{"start":{"line":54,"column":26},"end":{"line":54,"column":48}},"type":"binary-expr","locations":[{"start":{"line":54,"column":26},"end":{"line":54,"column":35}},{"start":{"line":54,"column":39},"end":{"line":54,"column":48}}],"line":54},"6":{"loc":{"start":{"line":56,"column":13},"end":{"line":56,"column":59}},"type":"cond-expr","locations":[{"start":{"line":56,"column":23},"end":{"line":56,"column":48}},{"start":{"line":56,"column":51},"end":{"line":56,"column":59}}],"line":56}},"s":{"0":6,"1":23,"2":23,"3":23,"4":23,"5":23,"6":23,"7":6,"8":23},"f":{"0":23,"1":23,"2":23,"3":23,"4":23,"5":23,"6":23},"b":{"0":[8,15],"1":[6,17],"2":[8,15],"3":[8,15],"4":[23,20],"5":[23,6],"6":[0,23]},"_coverageSchema":"1a1c01bbd47fc00a2c39e90264f33305004495a9","hash":"158ce7d164f4d79cabbf598abde3cd00d9cc4dcc"}
,"C:\\web\\projects\\portfolio_builder\\src\\components\\EachWeidgetPreview\\EachWeidgetPreview.component.tsx": {"path":"C:\\web\\projects\\portfolio_builder\\src\\components\\EachWeidgetPreview\\EachWeidgetPreview.component.tsx","statementMap":{"0":{"start":{"line":10,"column":16},"end":{"line":19,"column":1}},"1":{"start":{"line":14,"column":31},"end":{"line":14,"column":59}},"2":{"start":{"line":17,"column":35},"end":{"line":17,"column":62}},"3":{"start":{"line":21,"column":34},"end":{"line":42,"column":1}},"4":{"start":{"line":22,"column":4},"end":{"line":41,"column":6}}},"fnMap":{"0":{"name":"(anonymous_0)","decl":{"start":{"line":14,"column":24},"end":{"line":14,"column":25}},"loc":{"start":{"line":14,"column":31},"end":{"line":14,"column":59}},"line":14},"1":{"name":"(anonymous_1)","decl":{"start":{"line":17,"column":28},"end":{"line":17,"column":29}},"loc":{"start":{"line":17,"column":35},"end":{"line":17,"column":62}},"line":17},"2":{"name":"(anonymous_2)","decl":{"start":{"line":21,"column":34},"end":{"line":21,"column":35}},"loc":{"start":{"line":21,"column":75},"end":{"line":42,"column":1}},"line":21}},"branchMap":{},"s":{"0":2,"1":2,"2":2,"3":2,"4":2},"f":{"0":2,"1":2,"2":2},"b":{},"_coverageSchema":"1a1c01bbd47fc00a2c39e90264f33305004495a9","hash":"1eb130d6dcd3e4c8908f32ed9e64bb2e570eafc7"}
,"C:\\web\\projects\\portfolio_builder\\src\\components\\FormGroup\\FormGroup.tsx": {"path":"C:\\web\\projects\\portfolio_builder\\src\\components\\FormGroup\\FormGroup.tsx","statementMap":{"0":{"start":{"line":12,"column":16},"end":{"line":16,"column":1}},"1":{"start":{"line":14,"column":22},"end":{"line":14,"column":48}},"2":{"start":{"line":25,"column":4},"end":{"line":37,"column":6}}},"fnMap":{"0":{"name":"(anonymous_0)","decl":{"start":{"line":14,"column":17},"end":{"line":14,"column":18}},"loc":{"start":{"line":14,"column":22},"end":{"line":14,"column":48}},"line":14},"1":{"name":"FormGroup","decl":{"start":{"line":18,"column":24},"end":{"line":18,"column":33}},"loc":{"start":{"line":24,"column":24},"end":{"line":38,"column":1}},"line":24}},"branchMap":{"0":{"loc":{"start":{"line":28,"column":35},"end":{"line":28,"column":73}},"type":"cond-expr","locations":[{"start":{"line":28,"column":52},"end":{"line":28,"column":66}},{"start":{"line":28,"column":69},"end":{"line":28,"column":73}}],"line":28},"1":{"loc":{"start":{"line":35,"column":13},"end":{"line":35,"column":66}},"type":"cond-expr","locations":[{"start":{"line":35,"column":23},"end":{"line":35,"column":59}},{"start":{"line":35,"column":62},"end":{"line":35,"column":66}}],"line":35}},"s":{"0":10,"1":22,"2":22},"f":{"0":22,"1":22},"b":{"0":[8,14],"1":[8,14]},"_coverageSchema":"1a1c01bbd47fc00a2c39e90264f33305004495a9","hash":"03ca69d6b1261828a77a239f618025323c7786ac"}
,"C:\\web\\projects\\portfolio_builder\\src\\components\\IconBtn\\IconBtn.tsx": {"path":"C:\\web\\projects\\portfolio_builder\\src\\components\\IconBtn\\IconBtn.tsx","statementMap":{"0":{"start":{"line":19,"column":12},"end":{"line":44,"column":1}},"1":{"start":{"line":21,"column":8},"end":{"line":21,"column":77}},"2":{"start":{"line":24,"column":22},"end":{"line":24,"column":44}},"3":{"start":{"line":25,"column":17},"end":{"line":25,"column":44}},"4":{"start":{"line":27,"column":8},"end":{"line":29,"column":42}},"5":{"start":{"line":41,"column":50},"end":{"line":41,"column":77}},"6":{"start":{"line":47,"column":4},"end":{"line":53,"column":6}}},"fnMap":{"0":{"name":"(anonymous_0)","decl":{"start":{"line":20,"column":24},"end":{"line":20,"column":25}},"loc":{"start":{"line":21,"column":8},"end":{"line":21,"column":77}},"line":21},"1":{"name":"(anonymous_1)","decl":{"start":{"line":24,"column":14},"end":{"line":24,"column":15}},"loc":{"start":{"line":24,"column":22},"end":{"line":24,"column":44}},"line":24},"2":{"name":"(anonymous_2)","decl":{"start":{"line":25,"column":10},"end":{"line":25,"column":11}},"loc":{"start":{"line":25,"column":17},"end":{"line":25,"column":44}},"line":25},"3":{"name":"(anonymous_3)","decl":{"start":{"line":26,"column":13},"end":{"line":26,"column":14}},"loc":{"start":{"line":27,"column":8},"end":{"line":29,"column":42}},"line":27},"4":{"name":"(anonymous_4)","decl":{"start":{"line":41,"column":43},"end":{"line":41,"column":44}},"loc":{"start":{"line":41,"column":50},"end":{"line":41,"column":77}},"line":41},"5":{"name":"IconBtn","decl":{"start":{"line":46,"column":16},"end":{"line":46,"column":23}},"loc":{"start":{"line":46,"column":108},"end":{"line":54,"column":1}},"line":46}},"branchMap":{"0":{"loc":{"start":{"line":21,"column":8},"end":{"line":21,"column":77}},"type":"cond-expr","locations":[{"start":{"line":21,"column":21},"end":{"line":21,"column":47}},{"start":{"line":21,"column":50},"end":{"line":21,"column":77}}],"line":21},"1":{"loc":{"start":{"line":24,"column":22},"end":{"line":24,"column":44}},"type":"cond-expr","locations":[{"start":{"line":24,"column":35},"end":{"line":24,"column":40}},{"start":{"line":24,"column":43},"end":{"line":24,"column":44}}],"line":24},"2":{"loc":{"start":{"line":27,"column":8},"end":{"line":29,"column":42}},"type":"cond-expr","locations":[{"start":{"line":28,"column":14},"end":{"line":28,"column":41}},{"start":{"line":29,"column":14},"end":{"line":29,"column":42}}],"line":27},"3":{"loc":{"start":{"line":49,"column":58},"end":{"line":49,"column":83}},"type":"cond-expr","locations":[{"start":{"line":49,"column":70},"end":{"line":49,"column":79}},{"start":{"line":49,"column":81},"end":{"line":49,"column":83}}],"line":49}},"s":{"0":2,"1":10,"2":10,"3":10,"4":10,"5":10,"6":10},"f":{"0":10,"1":10,"2":10,"3":10,"4":10,"5":10},"b":{"0":[0,10],"1":[0,10],"2":[0,10],"3":[8,2]},"_coverageSchema":"1a1c01bbd47fc00a2c39e90264f33305004495a9","hash":"f42ecc188c9e9b01b760026c3a4122ee509ffde3"}
,"C:\\web\\projects\\portfolio_builder\\src\\components\\InputField\\InputField.tool.tsx": {"path":"C:\\web\\projects\\portfolio_builder\\src\\components\\InputField\\InputField.tool.tsx","statementMap":{"0":{"start":{"line":16,"column":21},"end":{"line":20,"column":1}},"1":{"start":{"line":18,"column":44},"end":{"line":18,"column":71}},"2":{"start":{"line":31,"column":2},"end":{"line":43,"column":4}}},"fnMap":{"0":{"name":"(anonymous_0)","decl":{"start":{"line":18,"column":39},"end":{"line":18,"column":40}},"loc":{"start":{"line":18,"column":44},"end":{"line":18,"column":71}},"line":18},"1":{"name":"InputField","decl":{"start":{"line":22,"column":24},"end":{"line":22,"column":34}},"loc":{"start":{"line":30,"column":24},"end":{"line":44,"column":1}},"line":30}},"branchMap":{},"s":{"0":5,"1":8,"2":8},"f":{"0":8,"1":8},"b":{},"_coverageSchema":"1a1c01bbd47fc00a2c39e90264f33305004495a9","hash":"7da6ab79495a1f11b3c001f0742d44a1a53efbe4"}
,"C:\\web\\projects\\portfolio_builder\\src\\components\\LayoutButtons\\LayoutButtons.tsx": {"path":"C:\\web\\projects\\portfolio_builder\\src\\components\\LayoutButtons\\LayoutButtons.tsx","statementMap":{"0":{"start":{"line":14,"column":16},"end":{"line":18,"column":1}},"1":{"start":{"line":26,"column":4},"end":{"line":67,"column":6}},"2":{"start":{"line":39,"column":24},"end":{"line":39,"column":74}},"3":{"start":{"line":48,"column":24},"end":{"line":48,"column":70}},"4":{"start":{"line":59,"column":24},"end":{"line":59,"column":72}}},"fnMap":{"0":{"name":"LayoutButtons","decl":{"start":{"line":20,"column":24},"end":{"line":20,"column":37}},"loc":{"start":{"line":25,"column":24},"end":{"line":68,"column":1}},"line":25},"1":{"name":"(anonymous_1)","decl":{"start":{"line":38,"column":29},"end":{"line":38,"column":30}},"loc":{"start":{"line":39,"column":24},"end":{"line":39,"column":74}},"line":39},"2":{"name":"(anonymous_2)","decl":{"start":{"line":47,"column":29},"end":{"line":47,"column":30}},"loc":{"start":{"line":48,"column":24},"end":{"line":48,"column":70}},"line":48},"3":{"name":"(anonymous_3)","decl":{"start":{"line":58,"column":29},"end":{"line":58,"column":30}},"loc":{"start":{"line":59,"column":24},"end":{"line":59,"column":72}},"line":59}},"branchMap":{"0":{"loc":{"start":{"line":36,"column":40},"end":{"line":36,"column":75}},"type":"cond-expr","locations":[{"start":{"line":36,"column":50},"end":{"line":36,"column":60}},{"start":{"line":36,"column":63},"end":{"line":36,"column":75}}],"line":36},"1":{"loc":{"start":{"line":39,"column":36},"end":{"line":39,"column":71}},"type":"cond-expr","locations":[{"start":{"line":39,"column":46},"end":{"line":39,"column":56}},{"start":{"line":39,"column":59},"end":{"line":39,"column":71}}],"line":39},"2":{"loc":{"start":{"line":46,"column":46},"end":{"line":46,"column":77}},"type":"cond-expr","locations":[{"start":{"line":46,"column":56},"end":{"line":46,"column":66}},{"start":{"line":46,"column":69},"end":{"line":46,"column":77}}],"line":46},"3":{"loc":{"start":{"line":48,"column":36},"end":{"line":48,"column":67}},"type":"cond-expr","locations":[{"start":{"line":48,"column":46},"end":{"line":48,"column":56}},{"start":{"line":48,"column":59},"end":{"line":48,"column":67}}],"line":48},"4":{"loc":{"start":{"line":56,"column":40},"end":{"line":56,"column":73}},"type":"cond-expr","locations":[{"start":{"line":56,"column":50},"end":{"line":56,"column":60}},{"start":{"line":56,"column":63},"end":{"line":56,"column":73}}],"line":56},"5":{"loc":{"start":{"line":59,"column":36},"end":{"line":59,"column":69}},"type":"cond-expr","locations":[{"start":{"line":59,"column":46},"end":{"line":59,"column":56}},{"start":{"line":59,"column":59},"end":{"line":59,"column":69}}],"line":59}},"s":{"0":5,"1":3,"2":1,"3":0,"4":0},"f":{"0":3,"1":1,"2":0,"3":0},"b":{"0":[3,0],"1":[1,0],"2":[3,0],"3":[0,0],"4":[3,0],"5":[0,0]},"_coverageSchema":"1a1c01bbd47fc00a2c39e90264f33305004495a9","hash":"104f76c3e9117743500ef0ffd9ee6286b122dd5e"}
,"C:\\web\\projects\\portfolio_builder\\src\\components\\Toolbar\\Toolbar.tsx": {"path":"C:\\web\\projects\\portfolio_builder\\src\\components\\Toolbar\\Toolbar.tsx","statementMap":{"0":{"start":{"line":11,"column":23},"end":{"line":36,"column":1}},"1":{"start":{"line":17,"column":20},"end":{"line":17,"column":46}},"2":{"start":{"line":22,"column":24},"end":{"line":22,"column":50}},"3":{"start":{"line":25,"column":24},"end":{"line":25,"column":50}},"4":{"start":{"line":28,"column":35},"end":{"line":28,"column":63}},"5":{"start":{"line":38,"column":16},"end":{"line":97,"column":1}},"6":{"start":{"line":39,"column":46},"end":{"line":39,"column":61}},"7":{"start":{"line":40,"column":20},"end":{"line":40,"column":69}},"8":{"start":{"line":40,"column":55},"end":{"line":40,"column":68}},"9":{"start":{"line":41,"column":16},"end":{"line":41,"column":61}},"10":{"start":{"line":41,"column":51},"end":{"line":41,"column":60}},"11":{"start":{"line":42,"column":21},"end":{"line":42,"column":34}},"12":{"start":{"line":43,"column":4},"end":{"line":96,"column":5}},"13":{"start":{"line":44,"column":8},"end":{"line":93,"column":10}},"14":{"start":{"line":70,"column":48},"end":{"line":70,"column":71}},"15":{"start":{"line":81,"column":55},"end":{"line":81,"column":77}},"16":{"start":{"line":95,"column":8},"end":{"line":95,"column":20}}},"fnMap":{"0":{"name":"(anonymous_0)","decl":{"start":{"line":17,"column":13},"end":{"line":17,"column":14}},"loc":{"start":{"line":17,"column":20},"end":{"line":17,"column":46}},"line":17},"1":{"name":"(anonymous_1)","decl":{"start":{"line":22,"column":17},"end":{"line":22,"column":18}},"loc":{"start":{"line":22,"column":24},"end":{"line":22,"column":50}},"line":22},"2":{"name":"(anonymous_2)","decl":{"start":{"line":25,"column":17},"end":{"line":25,"column":18}},"loc":{"start":{"line":25,"column":24},"end":{"line":25,"column":50}},"line":25},"3":{"name":"(anonymous_3)","decl":{"start":{"line":28,"column":28},"end":{"line":28,"column":29}},"loc":{"start":{"line":28,"column":35},"end":{"line":28,"column":63}},"line":28},"4":{"name":"(anonymous_4)","decl":{"start":{"line":38,"column":16},"end":{"line":38,"column":17}},"loc":{"start":{"line":38,"column":31},"end":{"line":97,"column":1}},"line":38},"5":{"name":"(anonymous_5)","decl":{"start":{"line":40,"column":32},"end":{"line":40,"column":33}},"loc":{"start":{"line":40,"column":55},"end":{"line":40,"column":68}},"line":40},"6":{"name":"(anonymous_6)","decl":{"start":{"line":41,"column":28},"end":{"line":41,"column":29}},"loc":{"start":{"line":41,"column":51},"end":{"line":41,"column":60}},"line":41},"7":{"name":"(anonymous_7)","decl":{"start":{"line":61,"column":53},"end":{"line":61,"column":54}},"loc":{"start":{"line":61,"column":59},"end":{"line":61,"column":61}},"line":61},"8":{"name":"(anonymous_8)","decl":{"start":{"line":69,"column":53},"end":{"line":69,"column":54}},"loc":{"start":{"line":70,"column":48},"end":{"line":70,"column":71}},"line":70},"9":{"name":"(anonymous_9)","decl":{"start":{"line":81,"column":49},"end":{"line":81,"column":50}},"loc":{"start":{"line":81,"column":55},"end":{"line":81,"column":77}},"line":81}},"branchMap":{"0":{"loc":{"start":{"line":43,"column":4},"end":{"line":96,"column":5}},"type":"if","locations":[{"start":{"line":43,"column":4},"end":{"line":96,"column":5}},{"start":{"line":43,"column":4},"end":{"line":96,"column":5}}],"line":43},"1":{"loc":{"start":{"line":43,"column":8},"end":{"line":43,"column":57}},"type":"binary-expr","locations":[{"start":{"line":43,"column":8},"end":{"line":43,"column":38}},{"start":{"line":43,"column":42},"end":{"line":43,"column":57}}],"line":43},"2":{"loc":{"start":{"line":54,"column":21},"end":{"line":90,"column":28}},"type":"cond-expr","locations":[{"start":{"line":55,"column":24},"end":{"line":89,"column":30}},{"start":{"line":90,"column":24},"end":{"line":90,"column":28}}],"line":54},"3":{"loc":{"start":{"line":54,"column":21},"end":{"line":54,"column":59}},"type":"binary-expr","locations":[{"start":{"line":54,"column":21},"end":{"line":54,"column":35}},{"start":{"line":54,"column":39},"end":{"line":54,"column":59}}],"line":54},"4":{"loc":{"start":{"line":56,"column":29},"end":{"line":88,"column":29}},"type":"cond-expr","locations":[{"start":{"line":57,"column":32},"end":{"line":76,"column":38}},{"start":{"line":78,"column":32},"end":{"line":87,"column":38}}],"line":56}},"s":{"0":3,"1":3,"2":3,"3":3,"4":3,"5":3,"6":8,"7":8,"8":16,"9":8,"10":16,"11":8,"12":8,"13":3,"14":0,"15":0,"16":5},"f":{"0":3,"1":3,"2":3,"3":3,"4":8,"5":16,"6":16,"7":0,"8":0,"9":0},"b":{"0":[3,5],"1":[8,3],"2":[3,0],"3":[3,3],"4":[0,3]},"_coverageSchema":"1a1c01bbd47fc00a2c39e90264f33305004495a9","hash":"0e0ba1db17a0cf6e71f5235e107613d9858acc22"}
,"C:\\web\\projects\\portfolio_builder\\src\\components\\Toolbar\\EachTool\\ColorPicker\\ColorPicker.tool.tsx": {"path":"C:\\web\\projects\\portfolio_builder\\src\\components\\Toolbar\\EachTool\\ColorPicker\\ColorPicker.tool.tsx","statementMap":{"0":{"start":{"line":11,"column":16},"end":{"line":19,"column":1}},"1":{"start":{"line":21,"column":44},"end":{"line":29,"column":1}},"2":{"start":{"line":22,"column":4},"end":{"line":28,"column":6}}},"fnMap":{"0":{"name":"(anonymous_0)","decl":{"start":{"line":21,"column":44},"end":{"line":21,"column":45}},"loc":{"start":{"line":21,"column":88},"end":{"line":29,"column":1}},"line":21}},"branchMap":{},"s":{"0":4,"1":4,"2":2},"f":{"0":2},"b":{},"_coverageSchema":"1a1c01bbd47fc00a2c39e90264f33305004495a9","hash":"8d4266e8e4abc0b80f723def5cebffaa991e3a70"}
,"C:\\web\\projects\\portfolio_builder\\src\\components\\Toolbar\\EachTool\\EachToolWrapper\\EachToolWrapper.tool.tsx": {"path":"C:\\web\\projects\\portfolio_builder\\src\\components\\Toolbar\\EachTool\\EachToolWrapper\\EachToolWrapper.tool.tsx","statementMap":{"0":{"start":{"line":6,"column":18},"end":{"line":6,"column":26}},"1":{"start":{"line":18,"column":24},"end":{"line":24,"column":1}},"2":{"start":{"line":21,"column":24},"end":{"line":21,"column":50}},"3":{"start":{"line":35,"column":4},"end":{"line":60,"column":6}},"4":{"start":{"line":51,"column":53},"end":{"line":51,"column":75}}},"fnMap":{"0":{"name":"(anonymous_0)","decl":{"start":{"line":21,"column":17},"end":{"line":21,"column":18}},"loc":{"start":{"line":21,"column":24},"end":{"line":21,"column":50}},"line":21},"1":{"name":"EachToolWrapperTool","decl":{"start":{"line":26,"column":24},"end":{"line":26,"column":43}},"loc":{"start":{"line":34,"column":24},"end":{"line":61,"column":1}},"line":34},"2":{"name":"(anonymous_2)","decl":{"start":{"line":39,"column":26},"end":{"line":39,"column":27}},"loc":{"start":{"line":39,"column":32},"end":{"line":39,"column":34}},"line":39},"3":{"name":"(anonymous_3)","decl":{"start":{"line":51,"column":46},"end":{"line":51,"column":47}},"loc":{"start":{"line":51,"column":53},"end":{"line":51,"column":75}},"line":51}},"branchMap":{"0":{"loc":{"start":{"line":38,"column":38},"end":{"line":38,"column":52}},"type":"cond-expr","locations":[{"start":{"line":38,"column":47},"end":{"line":38,"column":48}},{"start":{"line":38,"column":50},"end":{"line":38,"column":52}}],"line":38},"1":{"loc":{"start":{"line":44,"column":25},"end":{"line":54,"column":25}},"type":"cond-expr","locations":[{"start":{"line":44,"column":45},"end":{"line":44,"column":49}},{"start":{"line":45,"column":28},"end":{"line":53,"column":34}}],"line":44}},"s":{"0":5,"1":5,"2":10,"3":10,"4":0},"f":{"0":10,"1":10,"2":0,"3":0},"b":{"0":[1,9],"1":[6,4]},"_coverageSchema":"1a1c01bbd47fc00a2c39e90264f33305004495a9","hash":"b7c1ab6f8fa06c86d5e20892e65e7aa294d68942"}
,"C:\\web\\projects\\portfolio_builder\\src\\components\\Toolbar\\EachTool\\Slider\\Slider.tsx": {"path":"C:\\web\\projects\\portfolio_builder\\src\\components\\Toolbar\\EachTool\\Slider\\Slider.tsx","statementMap":{"0":{"start":{"line":13,"column":4},"end":{"line":23,"column":6}}},"fnMap":{"0":{"name":"Slider","decl":{"start":{"line":12,"column":16},"end":{"line":12,"column":22}},"loc":{"start":{"line":12,"column":105},"end":{"line":24,"column":1}},"line":12}},"branchMap":{},"s":{"0":1},"f":{"0":1},"b":{},"_coverageSchema":"1a1c01bbd47fc00a2c39e90264f33305004495a9","hash":"fced8cfe95582a06c2cb239c52dee9eb02fdddbc"}
,"C:\\web\\projects\\portfolio_builder\\src\\components\\Toolbar\\EachTool\\imageSelector\\ImageSelector.tool.tsx": {"path":"C:\\web\\projects\\portfolio_builder\\src\\components\\Toolbar\\EachTool\\imageSelector\\ImageSelector.tool.tsx","statementMap":{"0":{"start":{"line":11,"column":16},"end":{"line":22,"column":1}},"1":{"start":{"line":13,"column":35},"end":{"line":13,"column":61}},"2":{"start":{"line":15,"column":35},"end":{"line":15,"column":62}},"3":{"start":{"line":16,"column":24},"end":{"line":16,"column":50}},"4":{"start":{"line":30,"column":19},"end":{"line":33,"column":5}},"5":{"start":{"line":31,"column":20},"end":{"line":31,"column":58}},"6":{"start":{"line":32,"column":8},"end":{"line":32,"column":23}},"7":{"start":{"line":34,"column":4},"end":{"line":74,"column":6}},"8":{"start":{"line":58,"column":45},"end":{"line":58,"column":73}}},"fnMap":{"0":{"name":"(anonymous_0)","decl":{"start":{"line":13,"column":28},"end":{"line":13,"column":29}},"loc":{"start":{"line":13,"column":35},"end":{"line":13,"column":61}},"line":13},"1":{"name":"(anonymous_1)","decl":{"start":{"line":15,"column":28},"end":{"line":15,"column":29}},"loc":{"start":{"line":15,"column":35},"end":{"line":15,"column":62}},"line":15},"2":{"name":"(anonymous_2)","decl":{"start":{"line":16,"column":17},"end":{"line":16,"column":18}},"loc":{"start":{"line":16,"column":24},"end":{"line":16,"column":50}},"line":16},"3":{"name":"ImageSelectorTool","decl":{"start":{"line":24,"column":24},"end":{"line":24,"column":41}},"loc":{"start":{"line":29,"column":24},"end":{"line":75,"column":1}},"line":29},"4":{"name":"(anonymous_4)","decl":{"start":{"line":30,"column":19},"end":{"line":30,"column":20}},"loc":{"start":{"line":30,"column":25},"end":{"line":33,"column":5}},"line":30},"5":{"name":"(anonymous_5)","decl":{"start":{"line":58,"column":38},"end":{"line":58,"column":39}},"loc":{"start":{"line":58,"column":45},"end":{"line":58,"column":73}},"line":58}},"branchMap":{"0":{"loc":{"start":{"line":49,"column":29},"end":{"line":51,"column":48}},"type":"cond-expr","locations":[{"start":{"line":50,"column":34},"end":{"line":50,"column":48}},{"start":{"line":51,"column":34},"end":{"line":51,"column":48}}],"line":49},"1":{"loc":{"start":{"line":61,"column":21},"end":{"line":70,"column":28}},"type":"cond-expr","locations":[{"start":{"line":62,"column":24},"end":{"line":69,"column":30}},{"start":{"line":70,"column":24},"end":{"line":70,"column":28}}],"line":61}},"s":{"0":4,"1":2,"2":2,"3":2,"4":2,"5":0,"6":0,"7":2,"8":0},"f":{"0":2,"1":2,"2":2,"3":2,"4":0,"5":0},"b":{"0":[1,1],"1":[1,1]},"_coverageSchema":"1a1c01bbd47fc00a2c39e90264f33305004495a9","hash":"f4e53a44fe7f3d8f798cafae0e466332f82b5f53"}
,"C:\\web\\projects\\portfolio_builder\\src\\components\\Toolbar\\RenderToolSets\\RenderToolSets.tsx": {"path":"C:\\web\\projects\\portfolio_builder\\src\\components\\Toolbar\\RenderToolSets\\RenderToolSets.tsx","statementMap":{"0":{"start":{"line":11,"column":28},"end":{"line":11,"column":77}},"1":{"start":{"line":11,"column":63},"end":{"line":11,"column":76}},"2":{"start":{"line":12,"column":27},"end":{"line":12,"column":72}},"3":{"start":{"line":12,"column":62},"end":{"line":12,"column":71}},"4":{"start":{"line":13,"column":4},"end":{"line":24,"column":5}},"5":{"start":{"line":15,"column":16},"end":{"line":15,"column":42}},"6":{"start":{"line":17,"column":16},"end":{"line":17,"column":40}},"7":{"start":{"line":19,"column":16},"end":{"line":19,"column":44}},"8":{"start":{"line":21,"column":12},"end":{"line":23,"column":18}}},"fnMap":{"0":{"name":"RenderToolSets","decl":{"start":{"line":10,"column":24},"end":{"line":10,"column":38}},"loc":{"start":{"line":10,"column":64},"end":{"line":25,"column":1}},"line":10},"1":{"name":"(anonymous_1)","decl":{"start":{"line":11,"column":40},"end":{"line":11,"column":41}},"loc":{"start":{"line":11,"column":63},"end":{"line":11,"column":76}},"line":11},"2":{"name":"(anonymous_2)","decl":{"start":{"line":12,"column":39},"end":{"line":12,"column":40}},"loc":{"start":{"line":12,"column":62},"end":{"line":12,"column":71}},"line":12}},"branchMap":{"0":{"loc":{"start":{"line":13,"column":4},"end":{"line":24,"column":5}},"type":"switch","locations":[{"start":{"line":14,"column":8},"end":{"line":15,"column":42}},{"start":{"line":16,"column":8},"end":{"line":17,"column":40}},{"start":{"line":18,"column":8},"end":{"line":19,"column":44}},{"start":{"line":20,"column":8},"end":{"line":23,"column":18}}],"line":13}},"s":{"0":3,"1":6,"2":3,"3":6,"4":3,"5":2,"6":0,"7":1,"8":0},"f":{"0":3,"1":6,"2":6},"b":{"0":[2,0,1,0]},"_coverageSchema":"1a1c01bbd47fc00a2c39e90264f33305004495a9","hash":"5e4dfccba247209ffddd28f38ee36f3936b4931f"}
,"C:\\web\\projects\\portfolio_builder\\src\\components\\WidgetWrapper\\WidgetWrapper.tsx": {"path":"C:\\web\\projects\\portfolio_builder\\src\\components\\WidgetWrapper\\WidgetWrapper.tsx","statementMap":{"0":{"start":{"line":15,"column":4},"end":{"line":19,"column":6}}},"fnMap":{"0":{"name":"WidgetWrapper","decl":{"start":{"line":11,"column":24},"end":{"line":11,"column":37}},"loc":{"start":{"line":13,"column":24},"end":{"line":20,"column":1}},"line":13}},"branchMap":{},"s":{"0":7},"f":{"0":7},"b":{},"_coverageSchema":"1a1c01bbd47fc00a2c39e90264f33305004495a9","hash":"41fd102a1a0f084466df6064bbfed665cb41f081"}
,"C:\\web\\projects\\portfolio_builder\\src\\components\\examples\\testing-library\\index.tsx": {"path":"C:\\web\\projects\\portfolio_builder\\src\\components\\examples\\testing-library\\index.tsx","statementMap":{"0":{"start":{"line":3,"column":72},"end":{"line":58,"column":1}},"1":{"start":{"line":6,"column":4},"end":{"line":57,"column":6}}},"fnMap":{"0":{"name":"(anonymous_0)","decl":{"start":{"line":3,"column":72},"end":{"line":3,"column":73}},"loc":{"start":{"line":5,"column":6},"end":{"line":58,"column":1}},"line":5}},"branchMap":{},"s":{"0":1,"1":2},"f":{"0":2},"b":{},"_coverageSchema":"1a1c01bbd47fc00a2c39e90264f33305004495a9","hash":"ef27688c0a6254de8ef53e2871480ca7c215f196"}
,"C:\\web\\projects\\portfolio_builder\\src\\redux\\actions\\auth\\auth.actions.types.ts": {"path":"C:\\web\\projects\\portfolio_builder\\src\\redux\\actions\\auth\\auth.actions.types.ts","statementMap":{"0":{"start":{"line":1,"column":26},"end":{"line":1,"column":38}},"1":{"start":{"line":2,"column":29},"end":{"line":2,"column":44}},"2":{"start":{"line":3,"column":30},"end":{"line":3,"column":46}}},"fnMap":{},"branchMap":{},"s":{"0":15,"1":15,"2":15},"f":{},"b":{},"_coverageSchema":"1a1c01bbd47fc00a2c39e90264f33305004495a9","hash":"a6faea0202814e923e27d7d9214fbc1a9a8f92dc"}
,"C:\\web\\projects\\portfolio_builder\\src\\redux\\actions\\builder\\builder.action.ts": {"path":"C:\\web\\projects\\portfolio_builder\\src\\redux\\actions\\builder\\builder.action.ts","statementMap":{"0":{"start":{"line":5,"column":21},"end":{"line":5,"column":45}},"1":{"start":{"line":7,"column":32},"end":{"line":12,"column":1}},"2":{"start":{"line":7,"column":47},"end":{"line":12,"column":1}},"3":{"start":{"line":8,"column":2},"end":{"line":11,"column":5}},"4":{"start":{"line":14,"column":25},"end":{"line":20,"column":1}},"5":{"start":{"line":14,"column":58},"end":{"line":20,"column":1}},"6":{"start":{"line":15,"column":2},"end":{"line":15,"column":40}},"7":{"start":{"line":16,"column":2},"end":{"line":19,"column":4}}},"fnMap":{"0":{"name":"(anonymous_0)","decl":{"start":{"line":7,"column":32},"end":{"line":7,"column":33}},"loc":{"start":{"line":7,"column":47},"end":{"line":12,"column":1}},"line":7},"1":{"name":"(anonymous_1)","decl":{"start":{"line":7,"column":47},"end":{"line":7,"column":48}},"loc":{"start":{"line":7,"column":71},"end":{"line":12,"column":1}},"line":7},"2":{"name":"(anonymous_2)","decl":{"start":{"line":14,"column":25},"end":{"line":14,"column":26}},"loc":{"start":{"line":14,"column":58},"end":{"line":20,"column":1}},"line":14},"3":{"name":"(anonymous_3)","decl":{"start":{"line":14,"column":58},"end":{"line":14,"column":59}},"loc":{"start":{"line":14,"column":82},"end":{"line":20,"column":1}},"line":14}},"branchMap":{},"s":{"0":4,"1":4,"2":0,"3":0,"4":4,"5":0,"6":0,"7":0},"f":{"0":0,"1":0,"2":0,"3":0},"b":{},"_coverageSchema":"1a1c01bbd47fc00a2c39e90264f33305004495a9","hash":"b4efe865b18d1c0b97661d3afcbc69892444baf6"}
,"C:\\web\\projects\\portfolio_builder\\src\\redux\\actions\\builder\\builder.action.types.ts": {"path":"C:\\web\\projects\\portfolio_builder\\src\\redux\\actions\\builder\\builder.action.types.ts","statementMap":{"0":{"start":{"line":1,"column":33},"end":{"line":1,"column":52}},"1":{"start":{"line":2,"column":34},"end":{"line":2,"column":54}},"2":{"start":{"line":3,"column":26},"end":{"line":3,"column":38}}},"fnMap":{},"branchMap":{},"s":{"0":15,"1":15,"2":15},"f":{},"b":{},"_coverageSchema":"1a1c01bbd47fc00a2c39e90264f33305004495a9","hash":"8d7ebcc9e0068bcd926f501c5268e74ac60470c2"}
,"C:\\web\\projects\\portfolio_builder\\src\\redux\\reducers\\root.reducer.ts": {"path":"C:\\web\\projects\\portfolio_builder\\src\\redux\\reducers\\root.reducer.ts","statementMap":{"0":{"start":{"line":8,"column":20},"end":{"line":12,"column":2}}},"fnMap":{},"branchMap":{},"s":{"0":15},"f":{},"b":{},"_coverageSchema":"1a1c01bbd47fc00a2c39e90264f33305004495a9","hash":"ccd1852c664041e9f627053186835eb287a341e3"}
,"C:\\web\\projects\\portfolio_builder\\src\\redux\\reducers\\app\\app.reducer.ts": {"path":"C:\\web\\projects\\portfolio_builder\\src\\redux\\reducers\\app\\app.reducer.ts","statementMap":{"0":{"start":{"line":3,"column":38},"end":{"line":7,"column":1}},"1":{"start":{"line":10,"column":2},"end":{"line":20,"column":3}},"2":{"start":{"line":12,"column":6},"end":{"line":12,"column":38}},"3":{"start":{"line":14,"column":6},"end":{"line":17,"column":8}},"4":{"start":{"line":19,"column":6},"end":{"line":19,"column":19}}},"fnMap":{"0":{"name":"(anonymous_0)","decl":{"start":{"line":9,"column":15},"end":{"line":9,"column":16}},"loc":{"start":{"line":9,"column":76},"end":{"line":21,"column":1}},"line":9}},"branchMap":{"0":{"loc":{"start":{"line":9,"column":16},"end":{"line":9,"column":36}},"type":"default-arg","locations":[{"start":{"line":9,"column":24},"end":{"line":9,"column":36}}],"line":9},"1":{"loc":{"start":{"line":10,"column":2},"end":{"line":20,"column":3}},"type":"switch","locations":[{"start":{"line":11,"column":4},"end":{"line":12,"column":38}},{"start":{"line":13,"column":4},"end":{"line":17,"column":8}},{"start":{"line":18,"column":4},"end":{"line":19,"column":19}}],"line":10}},"s":{"0":15,"1":51,"2":0,"3":0,"4":51},"f":{"0":51},"b":{"0":[45],"1":[0,0,51]},"_coverageSchema":"1a1c01bbd47fc00a2c39e90264f33305004495a9","hash":"46bf5baa3d45f14f9527285108ff868ef2c1af88"}
,"C:\\web\\projects\\portfolio_builder\\src\\redux\\reducers\\auth\\auth.reducer.ts": {"path":"C:\\web\\projects\\portfolio_builder\\src\\redux\\reducers\\auth\\auth.reducer.ts","statementMap":{"0":{"start":{"line":4,"column":38},"end":{"line":7,"column":1}},"1":{"start":{"line":10,"column":4},"end":{"line":20,"column":5}},"2":{"start":{"line":12,"column":12},"end":{"line":12,"column":44}},"3":{"start":{"line":14,"column":12},"end":{"line":17,"column":13}},"4":{"start":{"line":19,"column":12},"end":{"line":19,"column":25}}},"fnMap":{"0":{"name":"(anonymous_0)","decl":{"start":{"line":9,"column":15},"end":{"line":9,"column":16}},"loc":{"start":{"line":9,"column":76},"end":{"line":21,"column":1}},"line":9}},"branchMap":{"0":{"loc":{"start":{"line":9,"column":16},"end":{"line":9,"column":36}},"type":"default-arg","locations":[{"start":{"line":9,"column":24},"end":{"line":9,"column":36}}],"line":9},"1":{"loc":{"start":{"line":10,"column":4},"end":{"line":20,"column":5}},"type":"switch","locations":[{"start":{"line":11,"column":8},"end":{"line":12,"column":44}},{"start":{"line":13,"column":8},"end":{"line":17,"column":13}},{"start":{"line":18,"column":8},"end":{"line":19,"column":25}}],"line":10}},"s":{"0":15,"1":51,"2":0,"3":0,"4":51},"f":{"0":51},"b":{"0":[45],"1":[0,0,51]},"_coverageSchema":"1a1c01bbd47fc00a2c39e90264f33305004495a9","hash":"2fda9cca7d15c7f83e087be53b0ae665a275d0ea"}
,"C:\\web\\projects\\portfolio_builder\\src\\redux\\reducers\\builder\\builder.reducer.ts": {"path":"C:\\web\\projects\\portfolio_builder\\src\\redux\\reducers\\builder\\builder.reducer.ts","statementMap":{"0":{"start":{"line":11,"column":17},"end":{"line":20,"column":1}},"1":{"start":{"line":22,"column":40},"end":{"line":34,"column":1}},"2":{"start":{"line":37,"column":4},"end":{"line":61,"column":5}},"3":{"start":{"line":39,"column":12},"end":{"line":39,"column":44}},"4":{"start":{"line":41,"column":12},"end":{"line":41,"column":52}},"5":{"start":{"line":42,"column":12},"end":{"line":44,"column":14}},"6":{"start":{"line":46,"column":12},"end":{"line":48,"column":15}},"7":{"start":{"line":50,"column":12},"end":{"line":58,"column":14}},"8":{"start":{"line":53,"column":58},"end":{"line":56,"column":21}},"9":{"start":{"line":60,"column":12},"end":{"line":60,"column":25}}},"fnMap":{"0":{"name":"(anonymous_0)","decl":{"start":{"line":36,"column":15},"end":{"line":36,"column":16}},"loc":{"start":{"line":36,"column":75},"end":{"line":62,"column":1}},"line":36},"1":{"name":"(anonymous_1)","decl":{"start":{"line":53,"column":45},"end":{"line":53,"column":46}},"loc":{"start":{"line":53,"column":58},"end":{"line":56,"column":21}},"line":53}},"branchMap":{"0":{"loc":{"start":{"line":36,"column":16},"end":{"line":36,"column":36}},"type":"default-arg","locations":[{"start":{"line":36,"column":24},"end":{"line":36,"column":36}}],"line":36},"1":{"loc":{"start":{"line":37,"column":4},"end":{"line":61,"column":5}},"type":"switch","locations":[{"start":{"line":38,"column":8},"end":{"line":39,"column":44}},{"start":{"line":40,"column":8},"end":{"line":44,"column":14}},{"start":{"line":45,"column":8},"end":{"line":58,"column":14}},{"start":{"line":59,"column":8},"end":{"line":60,"column":25}}],"line":37}},"s":{"0":15,"1":15,"2":51,"3":5,"4":0,"5":0,"6":1,"7":1,"8":1,"9":45},"f":{"0":51,"1":1},"b":{"0":[45],"1":[5,0,1,45]},"_coverageSchema":"1a1c01bbd47fc00a2c39e90264f33305004495a9","hash":"e42bd0ba2ce79d1620632203a1f8a584cd74a351"}
,"C:\\web\\projects\\portfolio_builder\\src\\redux\\store\\configure.store.ts": {"path":"C:\\web\\projects\\portfolio_builder\\src\\redux\\store\\configure.store.ts","statementMap":{"0":{"start":{"line":15,"column":19},"end":{"line":15,"column":84}},"1":{"start":{"line":17,"column":23},"end":{"line":22,"column":1}},"2":{"start":{"line":17,"column":42},"end":{"line":22,"column":1}}},"fnMap":{"0":{"name":"(anonymous_0)","decl":{"start":{"line":17,"column":23},"end":{"line":17,"column":24}},"loc":{"start":{"line":17,"column":42},"end":{"line":22,"column":1}},"line":17}},"branchMap":{"0":{"loc":{"start":{"line":15,"column":19},"end":{"line":15,"column":84}},"type":"cond-expr","locations":[{"start":{"line":15,"column":60},"end":{"line":15,"column":75}},{"start":{"line":15,"column":77},"end":{"line":15,"column":84}}],"line":15},"1":{"loc":{"start":{"line":17,"column":24},"end":{"line":17,"column":37}},"type":"default-arg","locations":[{"start":{"line":17,"column":35},"end":{"line":17,"column":37}}],"line":17}},"s":{"0":15,"1":15,"2":15},"f":{"0":15},"b":{"0":[0,15],"1":[15]},"_coverageSchema":"1a1c01bbd47fc00a2c39e90264f33305004495a9","hash":"c36c1da9ed05c2c06c8caa68ef9938828113723d"}
,"C:\\web\\projects\\portfolio_builder\\src\\redux\\store\\store.ts": {"path":"C:\\web\\projects\\portfolio_builder\\src\\redux\\store\\store.ts","statementMap":{"0":{"start":{"line":9,"column":20},"end":{"line":9,"column":31}},"1":{"start":{"line":11,"column":14},"end":{"line":11,"column":41}},"2":{"start":{"line":13,"column":0},"end":{"line":18,"column":3}},"3":{"start":{"line":14,"column":4},"end":{"line":17,"column":7}}},"fnMap":{"0":{"name":"(anonymous_0)","decl":{"start":{"line":13,"column":16},"end":{"line":13,"column":17}},"loc":{"start":{"line":13,"column":22},"end":{"line":18,"column":1}},"line":13}},"branchMap":{},"s":{"0":15,"1":15,"2":15,"3":6},"f":{"0":6},"b":{},"_coverageSchema":"1a1c01bbd47fc00a2c39e90264f33305004495a9","hash":"b446719d1c05ff0d640477551988050e0fa0789c"}
,"C:\\web\\projects\\portfolio_builder\\src\\redux\\utils\\loadState.ts": {"path":"C:\\web\\projects\\portfolio_builder\\src\\redux\\utils\\loadState.ts","statementMap":{"0":{"start":{"line":1,"column":18},"end":{"line":11,"column":1}},"1":{"start":{"line":2,"column":4},"end":{"line":10,"column":5}},"2":{"start":{"line":3,"column":28},"end":{"line":3,"column":57}},"3":{"start":{"line":4,"column":8},"end":{"line":6,"column":9}},"4":{"start":{"line":5,"column":12},"end":{"line":5,"column":29}},"5":{"start":{"line":7,"column":8},"end":{"line":7,"column":39}},"6":{"start":{"line":9,"column":8},"end":{"line":9,"column":25}}},"fnMap":{"0":{"name":"(anonymous_0)","decl":{"start":{"line":1,"column":18},"end":{"line":1,"column":19}},"loc":{"start":{"line":1,"column":24},"end":{"line":11,"column":1}},"line":1}},"branchMap":{"0":{"loc":{"start":{"line":4,"column":8},"end":{"line":6,"column":9}},"type":"if","locations":[{"start":{"line":4,"column":8},"end":{"line":6,"column":9}},{"start":{"line":4,"column":8},"end":{"line":6,"column":9}}],"line":4}},"s":{"0":15,"1":15,"2":15,"3":15,"4":15,"5":0,"6":0},"f":{"0":15},"b":{"0":[15,0]},"_coverageSchema":"1a1c01bbd47fc00a2c39e90264f33305004495a9","hash":"4efcf1a5adc739e56861d46dff30caa5c62d4dfb"}
,"C:\\web\\projects\\portfolio_builder\\src\\redux\\utils\\saveState.ts": {"path":"C:\\web\\projects\\portfolio_builder\\src\\redux\\utils\\saveState.ts","statementMap":{"0":{"start":{"line":2,"column":18},"end":{"line":9,"column":1}},"1":{"start":{"line":3,"column":4},"end":{"line":8,"column":5}},"2":{"start":{"line":4,"column":28},"end":{"line":4,"column":49}},"3":{"start":{"line":5,"column":8},"end":{"line":5,"column":51}},"4":{"start":{"line":7,"column":8},"end":{"line":7,"column":25}}},"fnMap":{"0":{"name":"(anonymous_0)","decl":{"start":{"line":2,"column":18},"end":{"line":2,"column":19}},"loc":{"start":{"line":2,"column":34},"end":{"line":9,"column":1}},"line":2}},"branchMap":{},"s":{"0":15,"1":6,"2":6,"3":6,"4":0},"f":{"0":6},"b":{},"_coverageSchema":"1a1c01bbd47fc00a2c39e90264f33305004495a9","hash":"90a9b8a02e31d02404a7c735f5a1c045851f8c32"}
,"C:\\web\\projects\\portfolio_builder\\src\\widgets\\index.tsx": {"path":"C:\\web\\projects\\portfolio_builder\\src\\widgets\\index.tsx","statementMap":{},"fnMap":{},"branchMap":{},"s":{},"f":{},"b":{},"_coverageSchema":"1a1c01bbd47fc00a2c39e90264f33305004495a9","hash":"1e95ca3eee9177625eab87ebc08d3b8121f16a52"}
,"C:\\web\\projects\\portfolio_builder\\src\\widgets\\Heading\\Heading.dataset.ts": {"path":"C:\\web\\projects\\portfolio_builder\\src\\widgets\\Heading\\Heading.dataset.ts","statementMap":{},"fnMap":{},"branchMap":{},"s":{},"f":{},"b":{},"_coverageSchema":"1a1c01bbd47fc00a2c39e90264f33305004495a9","hash":"76babd0de67d71438750e96a9761d0f93eac17c7"}
,"C:\\web\\projects\\portfolio_builder\\src\\widgets\\Heading\\Heading.tools.tsx": {"path":"C:\\web\\projects\\portfolio_builder\\src\\widgets\\Heading\\Heading.tools.tsx","statementMap":{"0":{"start":{"line":13,"column":21},"end":{"line":13,"column":34}},"1":{"start":{"line":14,"column":28},"end":{"line":14,"column":77}},"2":{"start":{"line":14,"column":63},"end":{"line":14,"column":76}},"3":{"start":{"line":15,"column":27},"end":{"line":15,"column":72}},"4":{"start":{"line":15,"column":62},"end":{"line":15,"column":71}},"5":{"start":{"line":16,"column":17},"end":{"line":16,"column":40}},"6":{"start":{"line":17,"column":28},"end":{"line":24,"column":5}},"7":{"start":{"line":18,"column":27},"end":{"line":21,"column":9}},"8":{"start":{"line":23,"column":8},"end":{"line":23,"column":47}},"9":{"start":{"line":26,"column":34},"end":{"line":39,"column":5}},"10":{"start":{"line":31,"column":27},"end":{"line":37,"column":9}},"11":{"start":{"line":38,"column":8},"end":{"line":38,"column":47}},"12":{"start":{"line":40,"column":4},"end":{"line":63,"column":6}},"13":{"start":{"line":45,"column":33},"end":{"line":45,"column":75}},"14":{"start":{"line":56,"column":39},"end":{"line":56,"column":100}}},"fnMap":{"0":{"name":"HeadingTools","decl":{"start":{"line":12,"column":24},"end":{"line":12,"column":36}},"loc":{"start":{"line":12,"column":62},"end":{"line":64,"column":1}},"line":12},"1":{"name":"(anonymous_1)","decl":{"start":{"line":14,"column":40},"end":{"line":14,"column":41}},"loc":{"start":{"line":14,"column":63},"end":{"line":14,"column":76}},"line":14},"2":{"name":"(anonymous_2)","decl":{"start":{"line":15,"column":39},"end":{"line":15,"column":40}},"loc":{"start":{"line":15,"column":62},"end":{"line":15,"column":71}},"line":15},"3":{"name":"(anonymous_3)","decl":{"start":{"line":17,"column":28},"end":{"line":17,"column":29}},"loc":{"start":{"line":17,"column":57},"end":{"line":24,"column":5}},"line":17},"4":{"name":"(anonymous_4)","decl":{"start":{"line":26,"column":34},"end":{"line":26,"column":35}},"loc":{"start":{"line":30,"column":9},"end":{"line":39,"column":5}},"line":30},"5":{"name":"(anonymous_5)","decl":{"start":{"line":45,"column":26},"end":{"line":45,"column":27}},"loc":{"start":{"line":45,"column":33},"end":{"line":45,"column":75}},"line":45},"6":{"name":"(anonymous_6)","decl":{"start":{"line":53,"column":29},"end":{"line":53,"column":30}},"loc":{"start":{"line":53,"column":35},"end":{"line":53,"column":37}},"line":53},"7":{"name":"(anonymous_7)","decl":{"start":{"line":56,"column":30},"end":{"line":56,"column":31}},"loc":{"start":{"line":56,"column":39},"end":{"line":56,"column":100}},"line":56}},"branchMap":{},"s":{"0":1,"1":1,"2":2,"3":1,"4":2,"5":1,"6":1,"7":0,"8":0,"9":1,"10":0,"11":0,"12":1,"13":0,"14":0},"f":{"0":1,"1":2,"2":2,"3":0,"4":0,"5":0,"6":0,"7":0},"b":{},"_coverageSchema":"1a1c01bbd47fc00a2c39e90264f33305004495a9","hash":"a2728aed7a073636b061cc18d82102ab26b078ac"}
,"C:\\web\\projects\\portfolio_builder\\src\\widgets\\Heading\\Heading.widget.tsx": {"path":"C:\\web\\projects\\portfolio_builder\\src\\widgets\\Heading\\Heading.widget.tsx","statementMap":{"0":{"start":{"line":11,"column":4},"end":{"line":30,"column":6}}},"fnMap":{"0":{"name":"HeadingWidget","decl":{"start":{"line":9,"column":24},"end":{"line":9,"column":37}},"loc":{"start":{"line":9,"column":76},"end":{"line":31,"column":1}},"line":9}},"branchMap":{"0":{"loc":{"start":{"line":21,"column":25},"end":{"line":25,"column":25}},"type":"binary-expr","locations":[{"start":{"line":21,"column":25},"end":{"line":21,"column":50}},{"start":{"line":22,"column":28},"end":{"line":24,"column":35}}],"line":21}},"s":{"0":2},"f":{"0":2},"b":{"0":[2,2]},"_coverageSchema":"1a1c01bbd47fc00a2c39e90264f33305004495a9","hash":"8b0368cbee8f5aa29d39c85edf8eb32431d281b1"}
,"C:\\web\\projects\\portfolio_builder\\src\\widgets\\Paragraph\\Paragraph.dataset.ts": {"path":"C:\\web\\projects\\portfolio_builder\\src\\widgets\\Paragraph\\Paragraph.dataset.ts","statementMap":{},"fnMap":{},"branchMap":{},"s":{},"f":{},"b":{},"_coverageSchema":"1a1c01bbd47fc00a2c39e90264f33305004495a9","hash":"e9e9c7114f90f20592ce3929ca13cbab1d59ae14"}
,"C:\\web\\projects\\portfolio_builder\\src\\widgets\\Paragraph\\Paragraph.tools.tsx": {"path":"C:\\web\\projects\\portfolio_builder\\src\\widgets\\Paragraph\\Paragraph.tools.tsx","statementMap":{"0":{"start":{"line":13,"column":21},"end":{"line":13,"column":34}},"1":{"start":{"line":14,"column":28},"end":{"line":14,"column":77}},"2":{"start":{"line":14,"column":63},"end":{"line":14,"column":76}},"3":{"start":{"line":15,"column":27},"end":{"line":15,"column":72}},"4":{"start":{"line":15,"column":62},"end":{"line":15,"column":71}},"5":{"start":{"line":16,"column":17},"end":{"line":16,"column":40}},"6":{"start":{"line":17,"column":28},"end":{"line":24,"column":5}},"7":{"start":{"line":18,"column":27},"end":{"line":21,"column":9}},"8":{"start":{"line":23,"column":8},"end":{"line":23,"column":47}},"9":{"start":{"line":26,"column":34},"end":{"line":44,"column":5}},"10":{"start":{"line":31,"column":8},"end":{"line":35,"column":10}},"11":{"start":{"line":36,"column":27},"end":{"line":42,"column":9}},"12":{"start":{"line":43,"column":8},"end":{"line":43,"column":47}},"13":{"start":{"line":45,"column":4},"end":{"line":75,"column":6}},"14":{"start":{"line":50,"column":33},"end":{"line":50,"column":77}},"15":{"start":{"line":63,"column":24},"end":{"line":67,"column":25}}},"fnMap":{"0":{"name":"ParagraphToolSet","decl":{"start":{"line":12,"column":24},"end":{"line":12,"column":40}},"loc":{"start":{"line":12,"column":66},"end":{"line":76,"column":1}},"line":12},"1":{"name":"(anonymous_1)","decl":{"start":{"line":14,"column":40},"end":{"line":14,"column":41}},"loc":{"start":{"line":14,"column":63},"end":{"line":14,"column":76}},"line":14},"2":{"name":"(anonymous_2)","decl":{"start":{"line":15,"column":39},"end":{"line":15,"column":40}},"loc":{"start":{"line":15,"column":62},"end":{"line":15,"column":71}},"line":15},"3":{"name":"(anonymous_3)","decl":{"start":{"line":17,"column":28},"end":{"line":17,"column":29}},"loc":{"start":{"line":17,"column":57},"end":{"line":24,"column":5}},"line":17},"4":{"name":"(anonymous_4)","decl":{"start":{"line":26,"column":34},"end":{"line":26,"column":35}},"loc":{"start":{"line":30,"column":9},"end":{"line":44,"column":5}},"line":30},"5":{"name":"(anonymous_5)","decl":{"start":{"line":50,"column":26},"end":{"line":50,"column":27}},"loc":{"start":{"line":50,"column":33},"end":{"line":50,"column":77}},"line":50},"6":{"name":"(anonymous_6)","decl":{"start":{"line":58,"column":29},"end":{"line":58,"column":30}},"loc":{"start":{"line":58,"column":35},"end":{"line":58,"column":37}},"line":58},"7":{"name":"(anonymous_7)","decl":{"start":{"line":62,"column":30},"end":{"line":62,"column":31}},"loc":{"start":{"line":63,"column":24},"end":{"line":67,"column":25}},"line":63}},"branchMap":{},"s":{"0":1,"1":1,"2":2,"3":1,"4":2,"5":1,"6":1,"7":0,"8":0,"9":1,"10":0,"11":0,"12":0,"13":1,"14":0,"15":0},"f":{"0":1,"1":2,"2":2,"3":0,"4":0,"5":0,"6":0,"7":0},"b":{},"_coverageSchema":"1a1c01bbd47fc00a2c39e90264f33305004495a9","hash":"a42f824f3d799b30bec6c539cf21474462c330bb"}
,"C:\\web\\projects\\portfolio_builder\\src\\widgets\\Paragraph\\Paragraph.widget.tsx": {"path":"C:\\web\\projects\\portfolio_builder\\src\\widgets\\Paragraph\\Paragraph.widget.tsx","statementMap":{"0":{"start":{"line":9,"column":4},"end":{"line":15,"column":6}}},"fnMap":{"0":{"name":"Paragraph","decl":{"start":{"line":8,"column":24},"end":{"line":8,"column":33}},"loc":{"start":{"line":8,"column":72},"end":{"line":16,"column":1}},"line":8}},"branchMap":{},"s":{"0":1},"f":{"0":1},"b":{},"_coverageSchema":"1a1c01bbd47fc00a2c39e90264f33305004495a9","hash":"8968a164a2cb52718e9c16431f3ce2598304c1bc"}
,"C:\\web\\projects\\portfolio_builder\\src\\widgets\\jumbotron\\Jumbotron.dataset.ts": {"path":"C:\\web\\projects\\portfolio_builder\\src\\widgets\\jumbotron\\Jumbotron.dataset.ts","statementMap":{},"fnMap":{},"branchMap":{},"s":{},"f":{},"b":{},"_coverageSchema":"1a1c01bbd47fc00a2c39e90264f33305004495a9","hash":"814f1525a014e30f633dfbac8909c8ad8cb76477"}
,"C:\\web\\projects\\portfolio_builder\\src\\widgets\\jumbotron\\Jumbotron.tools.tsx": {"path":"C:\\web\\projects\\portfolio_builder\\src\\widgets\\jumbotron\\Jumbotron.tools.tsx","statementMap":{"0":{"start":{"line":15,"column":21},"end":{"line":15,"column":34}},"1":{"start":{"line":16,"column":26},"end":{"line":16,"column":75}},"2":{"start":{"line":16,"column":61},"end":{"line":16,"column":74}},"3":{"start":{"line":17,"column":27},"end":{"line":17,"column":72}},"4":{"start":{"line":17,"column":62},"end":{"line":17,"column":71}},"5":{"start":{"line":18,"column":17},"end":{"line":18,"column":40}},"6":{"start":{"line":19,"column":28},"end":{"line":26,"column":5}},"7":{"start":{"line":20,"column":27},"end":{"line":23,"column":9}},"8":{"start":{"line":25,"column":8},"end":{"line":25,"column":47}},"9":{"start":{"line":28,"column":34},"end":{"line":41,"column":5}},"10":{"start":{"line":33,"column":27},"end":{"line":39,"column":9}},"11":{"start":{"line":40,"column":8},"end":{"line":40,"column":47}},"12":{"start":{"line":42,"column":4},"end":{"line":182,"column":6}},"13":{"start":{"line":47,"column":33},"end":{"line":47,"column":75}},"14":{"start":{"line":52,"column":33},"end":{"line":52,"column":79}},"15":{"start":{"line":59,"column":20},"end":{"line":62,"column":21}},"16":{"start":{"line":70,"column":28},"end":{"line":73,"column":29}},"17":{"start":{"line":81,"column":28},"end":{"line":85,"column":29}},"18":{"start":{"line":105,"column":24},"end":{"line":109,"column":25}},"19":{"start":{"line":116,"column":24},"end":{"line":120,"column":25}},"20":{"start":{"line":129,"column":24},"end":{"line":133,"column":25}},"21":{"start":{"line":148,"column":37},"end":{"line":148,"column":79}},"22":{"start":{"line":154,"column":24},"end":{"line":154,"column":67}},"23":{"start":{"line":160,"column":37},"end":{"line":160,"column":78}},"24":{"start":{"line":166,"column":24},"end":{"line":166,"column":67}},"25":{"start":{"line":172,"column":37},"end":{"line":172,"column":77}},"26":{"start":{"line":177,"column":37},"end":{"line":177,"column":81}}},"fnMap":{"0":{"name":"JumbotronTools","decl":{"start":{"line":14,"column":24},"end":{"line":14,"column":38}},"loc":{"start":{"line":14,"column":64},"end":{"line":183,"column":1}},"line":14},"1":{"name":"(anonymous_1)","decl":{"start":{"line":16,"column":38},"end":{"line":16,"column":39}},"loc":{"start":{"line":16,"column":61},"end":{"line":16,"column":74}},"line":16},"2":{"name":"(anonymous_2)","decl":{"start":{"line":17,"column":39},"end":{"line":17,"column":40}},"loc":{"start":{"line":17,"column":62},"end":{"line":17,"column":71}},"line":17},"3":{"name":"(anonymous_3)","decl":{"start":{"line":19,"column":28},"end":{"line":19,"column":29}},"loc":{"start":{"line":19,"column":57},"end":{"line":26,"column":5}},"line":19},"4":{"name":"(anonymous_4)","decl":{"start":{"line":28,"column":34},"end":{"line":28,"column":35}},"loc":{"start":{"line":32,"column":9},"end":{"line":41,"column":5}},"line":32},"5":{"name":"(anonymous_5)","decl":{"start":{"line":47,"column":26},"end":{"line":47,"column":27}},"loc":{"start":{"line":47,"column":33},"end":{"line":47,"column":75}},"line":47},"6":{"name":"(anonymous_6)","decl":{"start":{"line":52,"column":26},"end":{"line":52,"column":27}},"loc":{"start":{"line":52,"column":33},"end":{"line":52,"column":79}},"line":52},"7":{"name":"(anonymous_7)","decl":{"start":{"line":58,"column":29},"end":{"line":58,"column":30}},"loc":{"start":{"line":59,"column":20},"end":{"line":62,"column":21}},"line":59},"8":{"name":"(anonymous_8)","decl":{"start":{"line":69,"column":38},"end":{"line":69,"column":39}},"loc":{"start":{"line":70,"column":28},"end":{"line":73,"column":29}},"line":70},"9":{"name":"(anonymous_9)","decl":{"start":{"line":80,"column":34},"end":{"line":80,"column":35}},"loc":{"start":{"line":81,"column":28},"end":{"line":85,"column":29}},"line":81},"10":{"name":"(anonymous_10)","decl":{"start":{"line":99,"column":29},"end":{"line":99,"column":30}},"loc":{"start":{"line":99,"column":35},"end":{"line":99,"column":37}},"line":99},"11":{"name":"(anonymous_11)","decl":{"start":{"line":104,"column":35},"end":{"line":104,"column":36}},"loc":{"start":{"line":105,"column":24},"end":{"line":109,"column":25}},"line":105},"12":{"name":"(anonymous_12)","decl":{"start":{"line":115,"column":35},"end":{"line":115,"column":36}},"loc":{"start":{"line":116,"column":24},"end":{"line":120,"column":25}},"line":116},"13":{"name":"(anonymous_13)","decl":{"start":{"line":128,"column":35},"end":{"line":128,"column":36}},"loc":{"start":{"line":129,"column":24},"end":{"line":133,"column":25}},"line":129},"14":{"name":"(anonymous_14)","decl":{"start":{"line":144,"column":29},"end":{"line":144,"column":30}},"loc":{"start":{"line":144,"column":35},"end":{"line":144,"column":37}},"line":144},"15":{"name":"(anonymous_15)","decl":{"start":{"line":148,"column":30},"end":{"line":148,"column":31}},"loc":{"start":{"line":148,"column":37},"end":{"line":148,"column":79}},"line":148},"16":{"name":"(anonymous_16)","decl":{"start":{"line":153,"column":30},"end":{"line":153,"column":31}},"loc":{"start":{"line":154,"column":24},"end":{"line":154,"column":67}},"line":154},"17":{"name":"(anonymous_17)","decl":{"start":{"line":160,"column":30},"end":{"line":160,"column":31}},"loc":{"start":{"line":160,"column":37},"end":{"line":160,"column":78}},"line":160},"18":{"name":"(anonymous_18)","decl":{"start":{"line":165,"column":30},"end":{"line":165,"column":31}},"loc":{"start":{"line":166,"column":24},"end":{"line":166,"column":67}},"line":166},"19":{"name":"(anonymous_19)","decl":{"start":{"line":172,"column":30},"end":{"line":172,"column":31}},"loc":{"start":{"line":172,"column":37},"end":{"line":172,"column":77}},"line":172},"20":{"name":"(anonymous_20)","decl":{"start":{"line":177,"column":30},"end":{"line":177,"column":31}},"loc":{"start":{"line":177,"column":37},"end":{"line":177,"column":81}},"line":177}},"branchMap":{},"s":{"0":2,"1":2,"2":4,"3":2,"4":4,"5":2,"6":2,"7":0,"8":0,"9":2,"10":0,"11":0,"12":2,"13":0,"14":0,"15":0,"16":0,"17":0,"18":0,"19":0,"20":0,"21":0,"22":0,"23":0,"24":0,"25":0,"26":0},"f":{"0":2,"1":4,"2":4,"3":0,"4":0,"5":0,"6":0,"7":0,"8":0,"9":0,"10":0,"11":0,"12":0,"13":0,"14":0,"15":0,"16":0,"17":0,"18":0,"19":0,"20":0},"b":{},"_coverageSchema":"1a1c01bbd47fc00a2c39e90264f33305004495a9","hash":"280feb316ddaa1a53c0abeed7d2441e4a87d334e"}
,"C:\\web\\projects\\portfolio_builder\\src\\widgets\\jumbotron\\Jumbotron.widget.tsx": {"path":"C:\\web\\projects\\portfolio_builder\\src\\widgets\\jumbotron\\Jumbotron.widget.tsx","statementMap":{"0":{"start":{"line":22,"column":31},"end":{"line":126,"column":1}},"1":{"start":{"line":23,"column":40},"end":{"line":23,"column":54}},"2":{"start":{"line":24,"column":28},"end":{"line":24,"column":33}},"3":{"start":{"line":25,"column":17},"end":{"line":25,"column":28}},"4":{"start":{"line":27,"column":4},"end":{"line":125,"column":6}}},"fnMap":{"0":{"name":"(anonymous_0)","decl":{"start":{"line":22,"column":31},"end":{"line":22,"column":32}},"loc":{"start":{"line":22,"column":63},"end":{"line":126,"column":1}},"line":22}},"branchMap":{"0":{"loc":{"start":{"line":38,"column":21},"end":{"line":57,"column":28}},"type":"cond-expr","locations":[{"start":{"line":39,"column":24},"end":{"line":56,"column":30}},{"start":{"line":57,"column":24},"end":{"line":57,"column":28}}],"line":38},"1":{"loc":{"start":{"line":49,"column":36},"end":{"line":51,"column":68}},"type":"cond-expr","locations":[{"start":{"line":50,"column":42},"end":{"line":50,"column":64}},{"start":{"line":51,"column":42},"end":{"line":51,"column":68}}],"line":49},"2":{"loc":{"start":{"line":72,"column":29},"end":{"line":79,"column":29}},"type":"binary-expr","locations":[{"start":{"line":72,"column":29},"end":{"line":72,"column":47}},{"start":{"line":73,"column":32},"end":{"line":78,"column":36}}],"line":72},"3":{"loc":{"start":{"line":80,"column":29},"end":{"line":87,"column":29}},"type":"binary-expr","locations":[{"start":{"line":80,"column":29},"end":{"line":80,"column":48}},{"start":{"line":81,"column":32},"end":{"line":86,"column":36}}],"line":80},"4":{"loc":{"start":{"line":88,"column":29},"end":{"line":95,"column":29}},"type":"binary-expr","locations":[{"start":{"line":88,"column":29},"end":{"line":88,"column":49}},{"start":{"line":89,"column":32},"end":{"line":94,"column":36}}],"line":88},"5":{"loc":{"start":{"line":96,"column":29},"end":{"line":103,"column":29}},"type":"binary-expr","locations":[{"start":{"line":96,"column":29},"end":{"line":96,"column":49}},{"start":{"line":97,"column":32},"end":{"line":102,"column":36}}],"line":96},"6":{"loc":{"start":{"line":104,"column":29},"end":{"line":111,"column":29}},"type":"binary-expr","locations":[{"start":{"line":104,"column":29},"end":{"line":104,"column":46}},{"start":{"line":105,"column":32},"end":{"line":110,"column":36}}],"line":104},"7":{"loc":{"start":{"line":112,"column":29},"end":{"line":119,"column":29}},"type":"binary-expr","locations":[{"start":{"line":112,"column":29},"end":{"line":112,"column":50}},{"start":{"line":113,"column":32},"end":{"line":118,"column":36}}],"line":112}},"s":{"0":4,"1":5,"2":5,"3":5,"4":5},"f":{"0":5},"b":{"0":[5,0],"1":[0,5],"2":[5,0],"3":[5,2],"4":[5,0],"5":[5,0],"6":[5,0],"7":[5,0]},"_coverageSchema":"1a1c01bbd47fc00a2c39e90264f33305004495a9","hash":"7f670295cb2238f18f290bbd97a7608c2a801693"}
,"C:\\web\\projects\\portfolio_builder\\test\\index.tsx": {"path":"C:\\web\\projects\\portfolio_builder\\test\\index.tsx","statementMap":{"0":{"start":{"line":19,"column":41},"end":{"line":25,"column":1}},"1":{"start":{"line":20,"column":4},"end":{"line":24,"column":6}},"2":{"start":{"line":27,"column":15},"end":{"line":28,"column":76}},"3":{"start":{"line":28,"column":4},"end":{"line":28,"column":76}}},"fnMap":{"0":{"name":"(anonymous_0)","decl":{"start":{"line":19,"column":41},"end":{"line":19,"column":42}},"loc":{"start":{"line":19,"column":59},"end":{"line":25,"column":1}},"line":19},"1":{"name":"(anonymous_1)","decl":{"start":{"line":27,"column":15},"end":{"line":27,"column":16}},"loc":{"start":{"line":28,"column":4},"end":{"line":28,"column":76}},"line":28}},"branchMap":{},"s":{"0":15,"1":40,"2":15,"3":36},"f":{"0":40,"1":36},"b":{},"_coverageSchema":"1a1c01bbd47fc00a2c39e90264f33305004495a9","hash":"49e4e2f9297e36cc0b1d4a1c74df22c0112b6a05"}
}
