TN:
SF:Global.ts
FNF:0
FNH:0
DA:1,3
LF:1
LH:1
BRF:0
BRH:0
end_of_record
TN:
SF:src\components\Builder\Builder.component.tsx
FN:10,(anonymous_0)
FN:22,(anonymous_1)
FN:28,(anonymous_2)
FN:35,(anonymous_3)
FNF:4
FNH:1
FNDA:2,(anonymous_0)
FNDA:0,(anonymous_1)
FNDA:0,(anonymous_2)
FNDA:0,(anonymous_3)
DA:10,1
DA:11,2
DA:12,2
DA:22,0
LF:4
LH:3
BRF:0
BRH:0
end_of_record
TN:
SF:src\components\Builder\Builder.styled.tsx
FN:8,(anonymous_0)
FN:20,(anonymous_1)
FN:24,(anonymous_2)
FN:25,(anonymous_3)
FN:32,(anonymous_4)
FN:46,(anonymous_5)
FN:49,(anonymous_6)
FNF:7
FNH:7
FNDA:2,(anonymous_0)
FNDA:2,(anonymous_1)
FNDA:2,(anonymous_2)
FNDA:2,(anonymous_3)
FNDA:2,(anonymous_4)
FNDA:2,(anonymous_5)
FNDA:2,(anonymous_6)
DA:7,1
DA:8,2
DA:20,2
DA:24,2
DA:25,2
DA:32,2
DA:41,1
DA:46,2
DA:49,2
LF:9
LH:9
BRDA:49,0,0,2
BRDA:49,0,1,0
BRF:2
BRH:1
end_of_record
TN:
SF:src\components\Builder\BuilderPreview.tsx
FN:20,(anonymous_0)
FN:37,(anonymous_1)
FN:50,(anonymous_2)
FN:62,BuilderPreview
FN:65,(anonymous_4)
FN:66,(anonymous_5)
FN:67,(anonymous_6)
FN:105,(anonymous_7)
FN:111,(anonymous_8)
FN:118,(anonymous_9)
FN:131,(anonymous_10)
FN:162,(anonymous_11)
FNF:12
FNH:5
FNDA:50,(anonymous_0)
FNDA:0,(anonymous_1)
FNDA:0,(anonymous_2)
FNDA:2,BuilderPreview
FNDA:4,(anonymous_4)
FNDA:4,(anonymous_5)
FNDA:0,(anonymous_6)
FNDA:2,(anonymous_7)
FNDA:0,(anonymous_8)
FNDA:0,(anonymous_9)
FNDA:0,(anonymous_10)
FNDA:0,(anonymous_11)
DA:20,1
DA:21,50
DA:37,1
DA:38,0
DA:39,0
DA:40,0
DA:41,0
DA:45,0
DA:48,1
DA:50,1
DA:53,0
DA:63,2
DA:64,2
DA:65,4
DA:66,4
DA:67,2
DA:69,0
DA:70,0
DA:73,0
DA:79,0
DA:89,2
DA:106,2
DA:112,0
DA:119,0
DA:132,0
DA:162,0
LF:26
LH:12
BRDA:57,0,0,0
BRDA:57,0,1,0
BRDA:69,1,0,0
BRDA:69,1,1,0
BRF:4
BRH:0
end_of_record
TN:
SF:src\components\Builder\WidgetRender.tsx
FN:16,(anonymous_0)
FN:21,WidgetRender
FN:30,(anonymous_2)
FNF:3
FNH:3
FNDA:3,(anonymous_0)
FNDA:3,WidgetRender
FNDA:3,(anonymous_2)
DA:13,2
DA:16,3
DA:26,3
DA:30,3
DA:31,3
DA:33,3
DA:35,0
DA:37,0
DA:39,0
DA:43,3
LF:10
LH:7
BRDA:31,0,0,3
BRDA:31,0,1,0
BRDA:31,0,2,0
BRDA:31,0,3,0
BRF:4
BRH:1
end_of_record
TN:
SF:src\components\Button\Button.component.tsx
FN:17,(anonymous_0)
FN:19,(anonymous_1)
FN:21,(anonymous_2)
FN:22,(anonymous_3)
FN:23,(anonymous_4)
FN:30,(anonymous_5)
FN:35,(anonymous_6)
FNF:7
FNH:7
FNDA:9,(anonymous_0)
FNDA:9,(anonymous_1)
FNDA:9,(anonymous_2)
FNDA:9,(anonymous_3)
FNDA:9,(anonymous_4)
FNDA:9,(anonymous_5)
FNDA:9,(anonymous_6)
DA:16,3
DA:18,9
DA:19,9
DA:21,9
DA:22,9
DA:24,9
DA:30,9
DA:35,3
DA:43,9
LF:9
LH:9
BRDA:18,0,0,4
BRDA:18,0,1,5
BRDA:19,1,0,2
BRDA:19,1,1,7
BRDA:21,2,0,4
BRDA:21,2,1,5
BRDA:24,3,0,4
BRDA:24,3,1,5
BRDA:49,4,0,9
BRDA:49,4,1,2
BRF:10
BRH:10
end_of_record
TN:
SF:src\components\FormGroup\FormGroup.tsx
FN:14,(anonymous_0)
FN:18,FormGroup
FNF:2
FNH:2
FNDA:16,(anonymous_0)
FNDA:16,FormGroup
DA:12,7
DA:14,16
DA:25,16
LF:3
LH:3
BRDA:28,0,0,7
BRDA:28,0,1,9
BRDA:35,1,0,7
BRDA:35,1,1,9
BRF:4
BRH:4
end_of_record
TN:
SF:src\components\IconBtn\IconBtn.tsx
FN:20,(anonymous_0)
FN:24,(anonymous_1)
FN:25,(anonymous_2)
FN:26,(anonymous_3)
FN:41,(anonymous_4)
FN:46,IconBtn
FNF:6
FNH:6
FNDA:4,(anonymous_0)
FNDA:4,(anonymous_1)
FNDA:4,(anonymous_2)
FNDA:4,(anonymous_3)
FNDA:4,(anonymous_4)
FNDA:4,IconBtn
DA:19,1
DA:21,4
DA:24,4
DA:25,4
DA:27,4
DA:41,4
DA:47,4
LF:7
LH:7
BRDA:21,0,0,0
BRDA:21,0,1,4
BRDA:24,1,0,0
BRDA:24,1,1,4
BRDA:27,2,0,0
BRDA:27,2,1,4
BRF:6
BRH:3
end_of_record
TN:
SF:src\components\InputField\InputField.tool.tsx
FN:18,(anonymous_0)
FN:22,InputField
FNF:2
FNH:2
FNDA:6,(anonymous_0)
FNDA:6,InputField
DA:16,3
DA:18,6
DA:30,6
LF:3
LH:3
BRF:0
BRH:0
end_of_record
TN:
SF:src\components\LayoutButtons\LayoutButtons.tsx
FN:20,LayoutButtons
FN:37,(anonymous_1)
FN:46,(anonymous_2)
FN:57,(anonymous_3)
FNF:4
FNH:0
FNDA:0,LayoutButtons
FNDA:0,(anonymous_1)
FNDA:0,(anonymous_2)
FNDA:0,(anonymous_3)
DA:14,2
DA:26,0
DA:38,0
DA:47,0
DA:58,0
LF:5
LH:1
BRDA:35,0,0,0
BRDA:35,0,1,0
BRDA:38,1,0,0
BRDA:38,1,1,0
BRDA:45,2,0,0
BRDA:45,2,1,0
BRDA:47,3,0,0
BRDA:47,3,1,0
BRDA:55,4,0,0
BRDA:55,4,1,0
BRDA:58,5,0,0
BRDA:58,5,1,0
BRF:12
BRH:0
end_of_record
TN:
SF:src\components\Toolbar\Toolbar.tsx
FN:17,(anonymous_0)
FN:22,(anonymous_1)
FN:25,(anonymous_2)
FN:28,(anonymous_3)
FN:38,(anonymous_4)
FN:40,(anonymous_5)
FN:41,(anonymous_6)
FN:61,(anonymous_7)
FN:69,(anonymous_8)
FN:81,(anonymous_9)
FNF:10
FNH:7
FNDA:2,(anonymous_0)
FNDA:2,(anonymous_1)
FNDA:2,(anonymous_2)
FNDA:2,(anonymous_3)
FNDA:4,(anonymous_4)
FNDA:8,(anonymous_5)
FNDA:8,(anonymous_6)
FNDA:0,(anonymous_7)
FNDA:0,(anonymous_8)
FNDA:0,(anonymous_9)
DA:11,2
DA:17,2
DA:22,2
DA:25,2
DA:28,2
DA:38,2
DA:39,4
DA:40,8
DA:41,8
DA:42,4
DA:43,4
DA:44,2
DA:70,0
DA:81,0
DA:95,2
LF:15
LH:13
BRDA:43,0,0,2
BRDA:43,0,1,2
BRDA:43,1,0,4
BRDA:43,1,1,2
BRDA:54,2,0,2
BRDA:54,2,1,0
BRDA:54,3,0,2
BRDA:54,3,1,2
BRDA:56,4,0,0
BRDA:56,4,1,2
BRF:10
BRH:8
end_of_record
TN:
SF:src\components\Toolbar\EachTool\ColorPicker\ColorPicker.tool.tsx
FN:21,(anonymous_0)
FNF:1
FNH:1
FNDA:2,(anonymous_0)
DA:11,3
DA:21,3
DA:22,2
LF:3
LH:3
BRF:0
BRH:0
end_of_record
TN:
SF:src\components\Toolbar\EachTool\EachToolWrapper\EachToolWrapper.tool.tsx
FN:21,(anonymous_0)
FN:26,EachToolWrapperTool
FN:39,(anonymous_2)
FN:51,(anonymous_3)
FNF:4
FNH:2
FNDA:8,(anonymous_0)
FNDA:8,EachToolWrapperTool
FNDA:0,(anonymous_2)
FNDA:0,(anonymous_3)
DA:6,3
DA:18,3
DA:21,8
DA:35,8
DA:51,0
LF:5
LH:4
BRDA:38,0,0,1
BRDA:38,0,1,7
BRDA:44,1,0,4
BRDA:44,1,1,4
BRF:4
BRH:4
end_of_record
TN:
SF:src\components\Toolbar\EachTool\Slider\Slider.tsx
FN:12,Slider
FNF:1
FNH:1
FNDA:1,Slider
DA:13,1
LF:1
LH:1
BRF:0
BRH:0
end_of_record
TN:
SF:src\components\Toolbar\EachTool\imageSelector\ImageSelector.tool.tsx
FN:13,(anonymous_0)
FN:15,(anonymous_1)
FN:16,(anonymous_2)
FN:24,ImageSelectorTool
FN:30,(anonymous_4)
FN:58,(anonymous_5)
FNF:6
FNH:4
FNDA:1,(anonymous_0)
FNDA:1,(anonymous_1)
FNDA:1,(anonymous_2)
FNDA:1,ImageSelectorTool
FNDA:0,(anonymous_4)
FNDA:0,(anonymous_5)
DA:11,3
DA:13,1
DA:15,1
DA:16,1
DA:30,1
DA:31,0
DA:32,0
DA:34,1
DA:58,0
LF:9
LH:6
BRDA:49,0,0,0
BRDA:49,0,1,1
BRDA:61,1,0,0
BRDA:61,1,1,1
BRF:4
BRH:2
end_of_record
TN:
SF:src\components\Toolbar\RenderToolSets\RenderToolSets.tsx
FN:10,RenderToolSets
FN:11,(anonymous_1)
FN:12,(anonymous_2)
FNF:3
FNH:3
FNDA:2,RenderToolSets
FNDA:4,(anonymous_1)
FNDA:4,(anonymous_2)
DA:11,4
DA:12,4
DA:13,2
DA:15,2
DA:17,0
DA:19,0
DA:21,0
LF:7
LH:4
BRDA:13,0,0,2
BRDA:13,0,1,0
BRDA:13,0,2,0
BRDA:13,0,3,0
BRF:4
BRH:1
end_of_record
TN:
SF:src\components\WidgetWrapper\WidgetWrapper.tsx
FN:11,WidgetWrapper
FNF:1
FNH:1
FNDA:7,WidgetWrapper
DA:15,7
LF:1
LH:1
BRF:0
BRH:0
end_of_record
TN:
SF:src\components\examples\testing-library\index.tsx
FN:3,(anonymous_0)
FNF:1
FNH:1
FNDA:2,(anonymous_0)
DA:3,1
DA:6,2
LF:2
LH:2
BRF:0
BRH:0
end_of_record
TN:
SF:src\redux\actions\builder\builder.action.ts
FN:6,(anonymous_0)
FN:6,(anonymous_1)
FNF:2
FNH:0
FNDA:0,(anonymous_0)
FNDA:0,(anonymous_1)
DA:4,2
DA:6,2
DA:7,0
LF:3
LH:2
BRF:0
BRH:0
end_of_record
TN:
SF:src\redux\actions\builder\builder.action.types.ts
FNF:0
FNH:0
DA:1,12
DA:2,12
LF:2
LH:2
BRF:0
BRH:0
end_of_record
TN:
SF:src\redux\reducers\root.reducer.ts
FNF:0
FNH:0
DA:7,12
LF:1
LH:1
BRF:0
BRH:0
end_of_record
TN:
SF:src\redux\reducers\app\app.reducer.ts
FN:9,(anonymous_0)
FNF:1
FNH:1
FNDA:41,(anonymous_0)
DA:3,12
DA:10,41
DA:12,0
DA:14,0
DA:19,41
LF:5
LH:3
BRDA:9,0,0,36
BRDA:10,1,0,0
BRDA:10,1,1,0
BRDA:10,1,2,41
BRF:4
BRH:2
end_of_record
TN:
SF:src\redux\reducers\builder\builder.reducer.ts
FN:35,(anonymous_0)
FNF:1
FNH:1
FNDA:41,(anonymous_0)
DA:10,12
DA:21,12
DA:36,41
DA:38,5
DA:40,0
DA:41,0
DA:45,36
LF:7
LH:5
BRDA:35,0,0,36
BRDA:36,1,0,5
BRDA:36,1,1,0
BRDA:36,1,2,36
BRF:4
BRH:3
end_of_record
TN:
SF:src\redux\store\configure.store.ts
FN:17,(anonymous_0)
FNF:1
FNH:1
FNDA:12,(anonymous_0)
DA:15,12
DA:17,12
LF:2
LH:2
BRDA:15,0,0,0
BRDA:15,0,1,12
BRDA:17,1,0,12
BRF:3
BRH:2
end_of_record
TN:
SF:src\redux\store\store.ts
FN:12,(anonymous_0)
FNF:1
FNH:1
FNDA:5,(anonymous_0)
DA:8,12
DA:10,12
DA:12,12
DA:13,5
LF:4
LH:4
BRF:0
BRH:0
end_of_record
TN:
SF:src\redux\utils\loadState.ts
FN:1,(anonymous_0)
FNF:1
FNH:1
FNDA:12,(anonymous_0)
DA:1,12
DA:2,12
DA:3,12
DA:4,12
DA:5,12
DA:7,0
DA:9,0
LF:7
LH:5
BRDA:4,0,0,12
BRDA:4,0,1,0
BRF:2
BRH:1
end_of_record
TN:
SF:src\redux\utils\saveState.ts
FN:2,(anonymous_0)
FNF:1
FNH:1
FNDA:5,(anonymous_0)
DA:2,12
DA:3,5
DA:4,5
DA:5,5
DA:7,0
LF:5
LH:4
BRF:0
BRH:0
end_of_record
TN:
SF:src\widgets\index.tsx
FNF:0
FNH:0
LF:0
LH:0
BRF:0
BRH:0
end_of_record
TN:
SF:src\widgets\Heading\Heading.dataset.ts
FNF:0
FNH:0
LF:0
LH:0
BRF:0
BRH:0
end_of_record
TN:
SF:src\widgets\Heading\Heading.tools.tsx
FN:12,HeadingTools
FN:14,(anonymous_1)
FN:15,(anonymous_2)
FN:17,(anonymous_3)
FN:26,(anonymous_4)
FN:45,(anonymous_5)
FN:53,(anonymous_6)
FN:56,(anonymous_7)
FNF:8
FNH:0
FNDA:0,HeadingTools
FNDA:0,(anonymous_1)
FNDA:0,(anonymous_2)
FNDA:0,(anonymous_3)
FNDA:0,(anonymous_4)
FNDA:0,(anonymous_5)
FNDA:0,(anonymous_6)
FNDA:0,(anonymous_7)
DA:13,0
DA:14,0
DA:15,0
DA:16,0
DA:17,0
DA:18,0
DA:23,0
DA:26,0
DA:31,0
DA:38,0
DA:40,0
DA:45,0
DA:56,0
LF:13
LH:0
BRF:0
BRH:0
end_of_record
TN:
SF:src\widgets\Heading\Heading.widget.tsx
FN:9,HeadingWidget
FNF:1
FNH:1
FNDA:2,HeadingWidget
DA:11,2
LF:1
LH:1
BRDA:21,0,0,2
BRDA:21,0,1,2
BRF:2
BRH:2
end_of_record
TN:
SF:src\widgets\Paragraph\Paragraph.dataset.ts
FNF:0
FNH:0
LF:0
LH:0
BRF:0
BRH:0
end_of_record
TN:
SF:src\widgets\Paragraph\Paragraph.tools.tsx
FN:12,ParagraphToolSet
FN:14,(anonymous_1)
FN:15,(anonymous_2)
FN:17,(anonymous_3)
FN:26,(anonymous_4)
FN:45,(anonymous_5)
FN:53,(anonymous_6)
FN:57,(anonymous_7)
FNF:8
FNH:0
FNDA:0,ParagraphToolSet
FNDA:0,(anonymous_1)
FNDA:0,(anonymous_2)
FNDA:0,(anonymous_3)
FNDA:0,(anonymous_4)
FNDA:0,(anonymous_5)
FNDA:0,(anonymous_6)
FNDA:0,(anonymous_7)
DA:13,0
DA:14,0
DA:15,0
DA:16,0
DA:17,0
DA:18,0
DA:23,0
DA:26,0
DA:31,0
DA:38,0
DA:40,0
DA:45,0
DA:58,0
LF:13
LH:0
BRF:0
BRH:0
end_of_record
TN:
SF:src\widgets\Paragraph\Paragraph.widget.tsx
FN:8,Paragraph
FNF:1
FNH:0
FNDA:0,Paragraph
DA:9,0
LF:1
LH:0
BRF:0
BRH:0
end_of_record
TN:
SF:src\widgets\jumbotron\Jumbotron.dataset.ts
FNF:0
FNH:0
LF:0
LH:0
BRF:0
BRH:0
end_of_record
TN:
SF:src\widgets\jumbotron\Jumbotron.tools.tsx
FN:14,JumbotronTools
FN:16,(anonymous_1)
FN:17,(anonymous_2)
FN:19,(anonymous_3)
FN:28,(anonymous_4)
FN:47,(anonymous_5)
FN:52,(anonymous_6)
FN:58,(anonymous_7)
FN:69,(anonymous_8)
FN:80,(anonymous_9)
FN:99,(anonymous_10)
FN:104,(anonymous_11)
FN:115,(anonymous_12)
FN:128,(anonymous_13)
FN:144,(anonymous_14)
FN:148,(anonymous_15)
FN:153,(anonymous_16)
FN:160,(anonymous_17)
FN:165,(anonymous_18)
FN:172,(anonymous_19)
FN:177,(anonymous_20)
FNF:21
FNH:3
FNDA:2,JumbotronTools
FNDA:4,(anonymous_1)
FNDA:4,(anonymous_2)
FNDA:0,(anonymous_3)
FNDA:0,(anonymous_4)
FNDA:0,(anonymous_5)
FNDA:0,(anonymous_6)
FNDA:0,(anonymous_7)
FNDA:0,(anonymous_8)
FNDA:0,(anonymous_9)
FNDA:0,(anonymous_10)
FNDA:0,(anonymous_11)
FNDA:0,(anonymous_12)
FNDA:0,(anonymous_13)
FNDA:0,(anonymous_14)
FNDA:0,(anonymous_15)
FNDA:0,(anonymous_16)
FNDA:0,(anonymous_17)
FNDA:0,(anonymous_18)
FNDA:0,(anonymous_19)
FNDA:0,(anonymous_20)
DA:15,2
DA:16,4
DA:17,4
DA:18,2
DA:19,2
DA:20,0
DA:25,0
DA:28,2
DA:33,0
DA:40,0
DA:42,2
DA:47,0
DA:52,0
DA:59,0
DA:70,0
DA:81,0
DA:105,0
DA:116,0
DA:129,0
DA:148,0
DA:154,0
DA:160,0
DA:166,0
DA:172,0
DA:177,0
LF:25
LH:7
BRF:0
BRH:0
end_of_record
TN:
SF:src\widgets\jumbotron\Jumbotron.widget.tsx
FN:22,(anonymous_0)
FNF:1
FNH:1
FNDA:5,(anonymous_0)
DA:22,3
DA:23,5
DA:24,5
DA:25,5
DA:27,5
LF:5
LH:5
BRDA:38,0,0,5
BRDA:38,0,1,0
BRDA:49,1,0,0
BRDA:49,1,1,5
BRDA:72,2,0,5
BRDA:72,2,1,0
BRDA:80,3,0,5
BRDA:80,3,1,2
BRDA:88,4,0,5
BRDA:88,4,1,0
BRDA:96,5,0,5
BRDA:96,5,1,0
BRDA:104,6,0,5
BRDA:104,6,1,0
BRDA:112,7,0,5
BRDA:112,7,1,0
BRF:16
BRH:9
end_of_record
TN:
SF:test\index.tsx
FN:19,(anonymous_0)
FN:27,(anonymous_1)
FNF:2
FNH:2
FNDA:30,(anonymous_0)
FNDA:28,(anonymous_1)
DA:19,12
DA:20,30
DA:27,12
DA:28,28
LF:4
LH:4
BRF:0
BRH:0
end_of_record
