TN:
SF:Global.ts
FNF:0
FNH:0
DA:1,3
LF:1
LH:1
BRF:0
BRH:0
end_of_record
TN:
SF:src\components\Builder\Builder.component.tsx
FN:8,(anonymous_0)
FN:18,(anonymous_1)
FNF:2
FNH:1
FNDA:2,(anonymous_0)
FNDA:0,(anonymous_1)
DA:8,1
DA:9,2
LF:2
LH:2
BRF:0
BRH:0
end_of_record
TN:
SF:src\components\Builder\Builder.styled.tsx
FN:8,(anonymous_0)
FN:20,(anonymous_1)
FN:24,(anonymous_2)
FN:25,(anonymous_3)
FN:32,(anonymous_4)
FN:41,(anonymous_5)
FN:44,(anonymous_6)
FNF:7
FNH:7
FNDA:2,(anonymous_0)
FNDA:2,(anonymous_1)
FNDA:2,(anonymous_2)
FNDA:2,(anonymous_3)
FNDA:2,(anonymous_4)
FNDA:2,(anonymous_5)
FNDA:2,(anonymous_6)
DA:7,1
DA:8,2
DA:20,2
DA:24,2
DA:25,2
DA:32,2
DA:36,1
DA:41,2
DA:44,2
LF:9
LH:9
BRDA:44,0,0,2
BRDA:44,0,1,0
BRF:2
BRH:1
end_of_record
TN:
SF:src\components\Builder\BuilderPreview.tsx
FN:10,BuilderPreview
FN:12,(anonymous_1)
FN:15,(anonymous_2)
FN:39,(anonymous_3)
FN:42,(anonymous_4)
FN:57,(anonymous_5)
FNF:6
FNH:4
FNDA:2,BuilderPreview
FNDA:4,(anonymous_1)
FNDA:50,(anonymous_2)
FNDA:4,(anonymous_3)
FNDA:0,(anonymous_4)
FNDA:0,(anonymous_5)
DA:11,2
DA:12,4
DA:13,2
DA:15,2
DA:16,50
DA:31,2
DA:40,4
DA:43,0
DA:57,0
LF:9
LH:7
BRF:0
BRH:0
end_of_record
TN:
SF:src\components\Builder\WidgetRender.tsx
FN:18,WidgetRender
FN:27,(anonymous_1)
FNF:2
FNH:2
FNDA:7,WidgetRender
FNDA:7,(anonymous_1)
DA:12,2
DA:23,7
DA:27,7
DA:28,7
DA:30,5
DA:32,2
DA:34,0
DA:38,7
LF:8
LH:7
BRDA:28,0,0,5
BRDA:28,0,1,2
BRDA:28,0,2,0
BRF:3
BRH:2
end_of_record
TN:
SF:src\components\Button\Button.component.tsx
FN:7,(anonymous_0)
FNF:1
FNH:1
FNDA:7,(anonymous_0)
DA:7,2
DA:13,7
LF:2
LH:2
BRF:0
BRH:0
end_of_record
TN:
SF:src\components\FormGroup\FormGroup.tsx
FN:11,FormGroup
FNF:1
FNH:1
FNDA:14,FormGroup
DA:18,14
LF:1
LH:1
BRDA:21,0,0,9
BRDA:21,0,1,5
BRDA:28,1,0,9
BRDA:28,1,1,5
BRF:4
BRH:4
end_of_record
TN:
SF:src\components\Toolbar\Toolbar.tsx
FN:18,(anonymous_0)
FN:22,(anonymous_1)
FN:25,(anonymous_2)
FN:28,(anonymous_3)
FN:38,Toolbar
FN:39,(anonymous_5)
FNF:6
FNH:6
FNDA:2,(anonymous_0)
FNDA:2,(anonymous_1)
FNDA:2,(anonymous_2)
FNDA:2,(anonymous_3)
FNDA:2,Toolbar
FNDA:4,(anonymous_5)
DA:12,4
DA:18,2
DA:22,2
DA:25,2
DA:28,2
DA:39,4
DA:40,2
LF:7
LH:7
BRF:0
BRH:0
end_of_record
TN:
SF:src\components\Toolbar\EachTool\ColorPicker\ColorPicker.tool.tsx
FN:21,(anonymous_0)
FNF:1
FNH:1
FNDA:2,(anonymous_0)
DA:11,4
DA:21,4
DA:22,2
LF:3
LH:3
BRF:0
BRH:0
end_of_record
TN:
SF:src\components\Toolbar\EachTool\EachToolWrapper\EachToolWrapper.tool.tsx
FN:21,(anonymous_0)
FN:26,EachToolWrapperTool
FN:39,(anonymous_2)
FN:51,(anonymous_3)
FNF:4
FNH:2
FNDA:2,(anonymous_0)
FNDA:2,EachToolWrapperTool
FNDA:0,(anonymous_2)
FNDA:0,(anonymous_3)
DA:6,4
DA:18,4
DA:21,2
DA:35,2
DA:51,0
LF:5
LH:4
BRDA:38,0,0,1
BRDA:38,0,1,1
BRDA:44,1,0,0
BRDA:44,1,1,2
BRF:4
BRH:3
end_of_record
TN:
SF:src\components\Toolbar\EachTool\InputField\InputField.tool.tsx
FN:14,InputField
FNF:1
FNH:1
FNDA:2,InputField
DA:22,2
LF:1
LH:1
BRF:0
BRH:0
end_of_record
TN:
SF:src\components\Toolbar\EachTool\Slider\Slider.tsx
FN:12,Slider
FNF:1
FNH:1
FNDA:1,Slider
DA:13,1
LF:1
LH:1
BRF:0
BRH:0
end_of_record
TN:
SF:src\components\Toolbar\EachTool\imageSelector\ImageSelector.tool.tsx
FN:13,(anonymous_0)
FN:15,(anonymous_1)
FN:16,(anonymous_2)
FN:24,ImageSelectorTool
FN:30,(anonymous_4)
FN:58,(anonymous_5)
FNF:6
FNH:4
FNDA:1,(anonymous_0)
FNDA:1,(anonymous_1)
FNDA:1,(anonymous_2)
FNDA:1,ImageSelectorTool
FNDA:0,(anonymous_4)
FNDA:0,(anonymous_5)
DA:11,4
DA:13,1
DA:15,1
DA:16,1
DA:30,1
DA:31,0
DA:32,0
DA:34,1
DA:58,0
LF:9
LH:6
BRDA:49,0,0,0
BRDA:49,0,1,1
BRDA:61,1,0,0
BRDA:61,1,1,1
BRF:4
BRH:2
end_of_record
TN:
SF:src\components\WidgetWrapper\WidgetWrapper.tsx
FN:12,WidgetWrapper
FN:17,(anonymous_1)
FNF:2
FNH:2
FNDA:9,WidgetWrapper
FNDA:18,(anonymous_1)
DA:17,18
DA:18,9
LF:2
LH:2
BRDA:21,0,0,0
BRDA:21,0,1,9
BRF:2
BRH:1
end_of_record
TN:
SF:src\components\examples\testing-library\index.tsx
FN:3,(anonymous_0)
FNF:1
FNH:1
FNDA:2,(anonymous_0)
DA:3,1
DA:6,2
LF:2
LH:2
BRF:0
BRH:0
end_of_record
TN:
SF:src\redux\actions\builder\builder.action.ts
FN:6,(anonymous_0)
FN:6,(anonymous_1)
FNF:2
FNH:0
FNDA:0,(anonymous_0)
FNDA:0,(anonymous_1)
DA:4,3
DA:6,3
DA:7,0
LF:3
LH:2
BRF:0
BRH:0
end_of_record
TN:
SF:src\redux\actions\builder\builder.action.types.ts
FNF:0
FNH:0
DA:1,12
DA:2,12
LF:2
LH:2
BRF:0
BRH:0
end_of_record
TN:
SF:src\redux\reducers\root.reducer.ts
FNF:0
FNH:0
DA:7,12
LF:1
LH:1
BRF:0
BRH:0
end_of_record
TN:
SF:src\redux\reducers\app\app.reducer.ts
FN:7,(anonymous_0)
FNF:1
FNH:1
FNDA:41,(anonymous_0)
DA:3,12
DA:8,41
DA:10,0
DA:12,0
DA:17,41
LF:5
LH:3
BRDA:7,0,0,36
BRDA:8,1,0,0
BRDA:8,1,1,0
BRDA:8,1,2,41
BRF:4
BRH:2
end_of_record
TN:
SF:src\redux\reducers\builder\builder.reducer.ts
FN:23,(anonymous_0)
FNF:1
FNH:1
FNDA:41,(anonymous_0)
DA:9,12
DA:24,41
DA:26,5
DA:28,0
DA:29,0
DA:33,36
LF:6
LH:4
BRDA:23,0,0,36
BRDA:24,1,0,5
BRDA:24,1,1,0
BRDA:24,1,2,36
BRF:4
BRH:3
end_of_record
TN:
SF:src\redux\store\configure.store.ts
FN:17,(anonymous_0)
FNF:1
FNH:1
FNDA:12,(anonymous_0)
DA:15,12
DA:17,12
LF:2
LH:2
BRDA:15,0,0,0
BRDA:15,0,1,12
BRDA:17,1,0,12
BRF:3
BRH:2
end_of_record
TN:
SF:src\redux\store\store.ts
FN:12,(anonymous_0)
FNF:1
FNH:1
FNDA:5,(anonymous_0)
DA:8,12
DA:10,12
DA:12,12
DA:13,5
LF:4
LH:4
BRF:0
BRH:0
end_of_record
TN:
SF:src\redux\utils\loadState.ts
FN:1,(anonymous_0)
FNF:1
FNH:1
FNDA:12,(anonymous_0)
DA:1,12
DA:2,12
DA:3,12
DA:4,12
DA:5,12
DA:7,0
DA:9,0
LF:7
LH:5
BRDA:4,0,0,12
BRDA:4,0,1,0
BRF:2
BRH:1
end_of_record
TN:
SF:src\redux\utils\saveState.ts
FN:1,(anonymous_0)
FNF:1
FNH:1
FNDA:5,(anonymous_0)
DA:1,12
DA:2,5
DA:3,5
DA:4,5
DA:6,0
LF:5
LH:4
BRF:0
BRH:0
end_of_record
TN:
SF:src\widgets\index.tsx
FNF:0
FNH:0
LF:0
LH:0
BRF:0
BRH:0
end_of_record
TN:
SF:src\widgets\Heading\Heading.dataset.ts
FNF:0
FNH:0
LF:0
LH:0
BRF:0
BRH:0
end_of_record
TN:
SF:src\widgets\Heading\Heading.widget.tsx
FN:12,HeadingWidget
FN:15,(anonymous_1)
FN:23,(anonymous_2)
FN:43,(anonymous_3)
FNF:4
FNH:1
FNDA:2,HeadingWidget
FNDA:0,(anonymous_1)
FNDA:0,(anonymous_2)
FNDA:0,(anonymous_3)
DA:13,2
DA:14,2
DA:15,2
DA:16,0
DA:20,0
DA:23,2
DA:28,0
DA:35,0
DA:37,2
DA:44,0
LF:10
LH:5
BRDA:58,0,0,2
BRDA:58,0,1,2
BRF:2
BRH:2
end_of_record
TN:
SF:src\widgets\jumbotron\Jumbotron.dataset.ts
FNF:0
FNH:0
LF:0
LH:0
BRF:0
BRH:0
end_of_record
TN:
SF:src\widgets\jumbotron\Jumbotron.widget.tsx
FN:27,(anonymous_0)
FN:32,(anonymous_1)
FN:40,(anonymous_2)
FN:62,(anonymous_3)
FN:69,(anonymous_4)
FN:77,(anonymous_5)
FN:88,(anonymous_6)
FN:99,(anonymous_7)
FN:118,(anonymous_8)
FN:123,(anonymous_9)
FN:134,(anonymous_10)
FN:145,(anonymous_11)
FN:160,(anonymous_12)
FN:164,(anonymous_13)
FN:183,(anonymous_14)
FN:187,(anonymous_15)
FN:194,(anonymous_16)
FNF:17
FNH:1
FNDA:7,(anonymous_0)
FNDA:0,(anonymous_1)
FNDA:0,(anonymous_2)
FNDA:0,(anonymous_3)
FNDA:0,(anonymous_4)
FNDA:0,(anonymous_5)
FNDA:0,(anonymous_6)
FNDA:0,(anonymous_7)
FNDA:0,(anonymous_8)
FNDA:0,(anonymous_9)
FNDA:0,(anonymous_10)
FNDA:0,(anonymous_11)
FNDA:0,(anonymous_12)
FNDA:0,(anonymous_13)
FNDA:0,(anonymous_14)
FNDA:0,(anonymous_15)
FNDA:0,(anonymous_16)
DA:27,3
DA:28,7
DA:29,7
DA:30,7
DA:31,7
DA:32,7
DA:33,0
DA:37,0
DA:40,7
DA:45,0
DA:52,0
DA:54,7
DA:63,0
DA:70,0
DA:78,0
DA:89,0
DA:100,0
DA:124,0
DA:135,0
DA:146,0
DA:165,0
DA:188,0
DA:195,0
LF:23
LH:8
BRDA:212,0,0,7
BRDA:212,0,1,0
BRDA:222,1,0,0
BRDA:222,1,1,7
BRDA:242,2,0,7
BRDA:242,2,1,2
BRDA:250,3,0,7
BRDA:250,3,1,0
BRF:8
BRH:5
end_of_record
TN:
SF:test\index.tsx
FN:19,(anonymous_0)
FN:27,(anonymous_1)
FNF:2
FNH:2
FNDA:30,(anonymous_0)
FNDA:28,(anonymous_1)
DA:19,12
DA:20,30
DA:27,12
DA:28,28
LF:4
LH:4
BRF:0
BRH:0
end_of_record
